#
# A fatal error has been detected by the Java Runtime Environment:
#
#  SIGSEGV (0xb) at pc=0x00007f142d1f6290, pid=7668, tid=0x00007f140f0f0700
#
# JRE version: Java(TM) SE Runtime Environment (8.0_191-b12) (build 1.8.0_191-b12)
# Java VM: Java HotSpot(TM) 64-Bit Server VM (25.191-b12 mixed mode linux-amd64 compressed oops)
# Problematic frame:
# C  [libc.so.6+0x156290]  __memcpy_ssse3_back+0x25e0
#
# Failed to write core dump. Core dumps have been disabled. To enable core dumping, try "ulimit -c unlimited" before starting Java again
#
# If you would like to submit a bug report, please visit:
#   http://bugreport.java.com/bugreport/crash.jsp
# The crash happened outside the Java Virtual Machine in native code.
# See problematic frame for where to report the bug.
#

---------------  T H R E A D  ---------------

Current thread (0x00007f1424248000):  JavaThread "QuantumRenderer-0" daemon [_thread_in_native, id=7693, stack(0x00007f140eff0000,0x00007f140f0f1000)]

siginfo: si_signo: 11 (SIGSEGV), si_code: 2 (SEGV_ACCERR), si_addr: 0x0000000771740014

Registers:
RAX=0x00007f139b1ba534, RBX=0x00007f13b0143fc0, RCX=0x000000000000000c, RDX=0x00007f142d1f6290
RSP=0x00007f140f0eef48, RBP=0x0000000000000000, RSI=0x0000000771740010, RDI=0x00007f139b1ba534
R8 =0x00007f140f0eefb0, R9 =0x0000000771740010, R10=0x0000000004010000, R11=0x00007f142d22cb80
R12=0x0000000000052540, R13=0x000000000000000c, R14=0x00007f140f0eefb0, R15=0x0000000000052534
RIP=0x00007f142d1f6290, EFLAGS=0x0000000000010293, CSGSFS=0x0000000000000033, ERR=0x0000000000000004
  TRAPNO=0x000000000000000e

Top of Stack: (sp=0x00007f140f0eef48)
0x00007f140f0eef48:   00007f13aee08efd 00007f1429024d2f
0x00007f140f0eef58:   00007f140f0ef058 00007f1429044c68
0x00007f140f0eef68:   00007f13b0143fc0 000000000000000c
0x00007f140f0eef78:   0000000000000001 0000000000000000
0x00007f140f0eef88:   0000000000000004 0000000000000021
0x00007f140f0eef98:   00007f13aef27df1 00007f13b00b0b10
0x00007f140f0eefa8:   00007f140f0eefb0 0000000000000006
0x00007f140f0eefb8:   2403e40c256e8f00 00000006c88007d8
0x00007f140f0eefc8:   00007f13b0143fc0 00007f13af5d1970
0x00007f140f0eefd8:   000000000000001c 000000000003d08b
0x00007f140f0eefe8:   00007f13b0144428 0000000000000021
0x00007f140f0eeff8:   00007f13aef1ce0d 0000000000000000
0x00007f140f0ef008:   00007f13b01476e0 00007f140f0ef2c0
0x00007f140f0ef018:   00007f13b0143fc0 00007f13b00b0b10
0x00007f140f0ef028:   00007f13b0143fc0 0000000000000001
0x00007f140f0ef038:   00007f140f0ef150 00007f13b01e32d0
0x00007f140f0ef048:   00007f13aef1cfc7 00007f140f0ef2c0
0x00007f140f0ef058:   00007f13b00adc80 00007f13b0145f38
0x00007f140f0ef068:   00007f13aef28e2a 00007f13b021ba88
0x00007f140f0ef078:   00007f13b00af380 0000000000000000
0x00007f140f0ef088:   00007f13ae6df065 0000000000000018
0x00007f140f0ef098:   00007f13aef1790c 00007f13b021ba40
0x00007f140f0ef0a8:   00007f13aece56e5 00007f13b021bbd0
0x00007f140f0ef0b8:   00007f13b0153900 0000000000000002
0x00007f140f0ef0c8:   00007f140f0ef0f0 0000000000000014
0x00007f140f0ef0d8:   00007f13aece6d55 0000000000000401
0x00007f140f0ef0e8:   00007f13aed56390 00007f13b0144d80
0x00007f140f0ef0f8:   0000000000000001 00007f140f0ef1f0
0x00007f140f0ef108:   2403e40c256e8f00 00007f13b014bb10
0x00007f140f0ef118:   00007f13b01e4ef4 00007f13b014bb10
0x00007f140f0ef128:   00007f140f0ef1f0 0000000000000001
0x00007f140f0ef138:   0000000000000000 00007f13b01e32d0 

Instructions: (pc=0x00007f142d1f6290)
0x00007f142d1f6270:   1c f3 0f 7f 47 1c f2 0f f0 46 0c f2 0f f0 0e f3
0x00007f142d1f6280:   0f 7f 47 0c f3 0f 7f 0f c3 0f 1f 80 00 00 00 00
0x00007f142d1f6290:   48 8b 56 04 48 8b 0e 48 89 57 04 48 89 0f c3 90
0x00007f142d1f62a0:   f2 0f f0 46 7b f3 0f 7f 47 7b f2 0f f0 46 6b f3 

Register to memory mapping:

RAX=0x00007f139b1ba534 is an unknown value
RBX=0x00007f13b0143fc0 is an unknown value
RCX=0x000000000000000c is an unknown value
RDX=0x00007f142d1f6290: <offset 0x156290> in /lib64/libc.so.6 at 0x00007f142d0a0000
RSP=0x00007f140f0eef48 is pointing into the stack for thread: 0x00007f1424248000
RBP=0x0000000000000000 is an unknown value
RSI=0x0000000771740010 is an unallocated location in the heap
RDI=0x00007f139b1ba534 is an unknown value
R8 =0x00007f140f0eefb0 is pointing into the stack for thread: 0x00007f1424248000
R9 =0x0000000771740010 is an unallocated location in the heap
R10=0x0000000004010000 is an unknown value
R11=0x00007f142d22cb80: <offset 0x18cb80> in /lib64/libc.so.6 at 0x00007f142d0a0000
R12=0x0000000000052540 is an unknown value
R13=0x000000000000000c is an unknown value
R14=0x00007f140f0eefb0 is pointing into the stack for thread: 0x00007f1424248000
R15=0x0000000000052534 is an unknown value


Stack: [0x00007f140eff0000,0x00007f140f0f1000],  sp=0x00007f140f0eef48,  free space=1019k
Native frames: (J=compiled Java code, j=interpreted, Vv=VM code, C=native code)
C  [libc.so.6+0x156290]  __memcpy_ssse3_back+0x25e0

Java frames: (J=compiled Java code, j=interpreted, Vv=VM code)
j  com.sun.prism.es2.GLContext.nClearBuffers(JFFFFZZZ)V+0
j  com.sun.prism.es2.GLContext.clearBuffers(Lcom/sun/prism/paint/Color;ZZZ)V+40
j  com.sun.prism.es2.ES2Graphics.clearBuffers(Lcom/sun/prism/es2/ES2Context;Lcom/sun/prism/paint/Color;ZZZ)V+9
j  com.sun.prism.es2.ES2Graphics.clear(Lcom/sun/prism/paint/Color;)V+32
j  com.sun.javafx.tk.quantum.ViewPainter.doPaint(Lcom/sun/prism/Graphics;Lcom/sun/javafx/sg/prism/NodePath;)V+104
j  com.sun.javafx.tk.quantum.ViewPainter.paintImpl(Lcom/sun/prism/Graphics;)V+953
j  com.sun.javafx.tk.quantum.PresentingPainter.run()V+326
j  java.util.concurrent.Executors$RunnableAdapter.call()Ljava/lang/Object;+4
j  java.util.concurrent.FutureTask.runAndReset()Z+47
j  com.sun.javafx.tk.RenderJob.run()V+1
j  java.util.concurrent.ThreadPoolExecutor.runWorker(Ljava/util/concurrent/ThreadPoolExecutor$Worker;)V+95
j  java.util.concurrent.ThreadPoolExecutor$Worker.run()V+5
j  com.sun.javafx.tk.quantum.QuantumRenderer$PipelineRunnable.run()V+8
j  java.lang.Thread.run()V+11
v  ~StubRoutines::call_stub

---------------  P R O C E S S  ---------------

Java Threads: ( => current thread )
  0x00007f139c231000 JavaThread "Prism Font Disposer" daemon [_thread_blocked, id=7700, stack(0x00007f139bd68000,0x00007f139be69000)]
  0x00007f139c0a2000 JavaThread "Thread-3" [_thread_in_native, id=7699, stack(0x00007f13a8af1000,0x00007f13a8bf2000)]
  0x00007f1424323800 JavaThread "JavaFX-Launcher" [_thread_blocked, id=7697, stack(0x00007f13a8e09000,0x00007f13a8f0a000)]
  0x00007f142431e000 JavaThread "JavaFX Application Thread" [_thread_in_native, id=7696, stack(0x00007f13b4011000,0x00007f13b4112000)]
  0x00007f142431a000 JavaThread "Thread-1" daemon [_thread_blocked, id=7695, stack(0x00007f13e8001000,0x00007f13e8102000)]
=>0x00007f1424248000 JavaThread "QuantumRenderer-0" daemon [_thread_in_native, id=7693, stack(0x00007f140eff0000,0x00007f140f0f1000)]
  0x00007f14240d3800 JavaThread "Service Thread" daemon [_thread_blocked, id=7691, stack(0x00007f140f1f2000,0x00007f140f2f3000)]
  0x00007f14240c8800 JavaThread "C1 CompilerThread3" daemon [_thread_blocked, id=7690, stack(0x00007f140f2f4000,0x00007f140f3f4000)]
  0x00007f14240c6800 JavaThread "C2 CompilerThread2" daemon [_thread_blocked, id=7689, stack(0x00007f140f3f5000,0x00007f140f4f5000)]
  0x00007f14240c4800 JavaThread "C2 CompilerThread1" daemon [_thread_blocked, id=7688, stack(0x00007f140f4f6000,0x00007f140f5f6000)]
  0x00007f14240c1800 JavaThread "C2 CompilerThread0" daemon [_thread_blocked, id=7687, stack(0x00007f140f5f7000,0x00007f140f6f7000)]
  0x00007f14240c0000 JavaThread "Signal Dispatcher" daemon [_thread_blocked, id=7686, stack(0x00007f140f6f7000,0x00007f140f7f8000)]
  0x00007f142408c800 JavaThread "Finalizer" daemon [_thread_blocked, id=7685, stack(0x00007f140f7f8000,0x00007f140f8f9000)]
  0x00007f142408a000 JavaThread "Reference Handler" daemon [_thread_blocked, id=7684, stack(0x00007f140f8f9000,0x00007f140f9fa000)]
  0x00007f1424009800 JavaThread "main" [_thread_blocked, id=7673, stack(0x00007f142dba8000,0x00007f142dca8000)]

Other Threads:
  0x00007f1424080800 VMThread [stack: 0x00007f140f9fb000,0x00007f140fafb000] [id=7683]
  0x00007f14240d9000 WatcherThread [stack: 0x00007f140f0f2000,0x00007f140f1f2000] [id=7692]

VM state:not at safepoint (normal execution)

VM Mutex/Monitor currently owned by a thread: None

Heap:
 PSYoungGen      total 31232K, used 3514K [0x000000076d800000, 0x000000076f800000, 0x00000007c0000000)
  eden space 30720K, 11% used [0x000000076d800000,0x000000076db669f8,0x000000076f600000)
  from space 512K, 6% used [0x000000076f780000,0x000000076f788000,0x000000076f800000)
  to   space 512K, 0% used [0x000000076f700000,0x000000076f700000,0x000000076f780000)
 ParOldGen       total 169472K, used 8063K [0x00000006c8800000, 0x00000006d2d80000, 0x000000076d800000)
  object space 169472K, 4% used [0x00000006c8800000,0x00000006c8fdfe28,0x00000006d2d80000)
 Metaspace       used 16491K, capacity 17216K, committed 17536K, reserved 1064960K
  class space    used 2385K, capacity 2561K, committed 2688K, reserved 1048576K

Card table byte_map: [0x00007f142a7c8000,0x00007f142af85000] byte_map_base: 0x00007f1427184000

Marking Bits: (ParMarkBitMap*) 0x00007f142d082d40
 Begin Bits: [0x00007f13e8440000, 0x00007f13ec220000)
 End Bits:   [0x00007f13ec220000, 0x00007f13f0000000)

Polling page: 0x00007f142dcc4000

CodeCache: size=245760Kb used=6664Kb max_used=6712Kb free=239095Kb
 bounds [0x00007f1415000000, 0x00007f14156a0000, 0x00007f1424000000]
 total_blobs=2838 nmethods=2204 adapters=547
 compilation: enabled

Compilation events (10 events):
Event: 27.720 Thread 0x00007f14240c8800 nmethod 2222 0x00007f141568c110 code [0x00007f141568c3e0, 0x00007f141568d8e8]
Event: 87.002 Thread 0x00007f14240c1800 2225       4       com.sun.javafx.tk.quantum.QuantumToolkit::postPulse (148 bytes)
Event: 87.005 Thread 0x00007f14240c1800 nmethod 2225 0x00007f141567ba10 code [0x00007f141567bba0, 0x00007f141567be28]
Event: 87.579 Thread 0x00007f14240c4800 2226       4       com.sun.javafx.tk.quantum.QuantumToolkit$$Lambda$46/1730267274::run (8 bytes)
Event: 87.582 Thread 0x00007f14240c4800 nmethod 2226 0x00007f1415100f10 code [0x00007f14151010a0, 0x00007f1415101378]
Event: 297.973 Thread 0x00007f14240c8800 2227       3       java.util.Collections::emptyIterator (4 bytes)
Event: 297.973 Thread 0x00007f14240c8800 nmethod 2227 0x00007f141517c050 code [0x00007f141517c1a0, 0x00007f141517c2d0]
Event: 297.973 Thread 0x00007f14240c8800 2228       3       javafx.scene.layout.Region$InsetsProperty::get (123 bytes)
Event: 297.974 Thread 0x00007f14240c8800 nmethod 2228 0x00007f141512c990 code [0x00007f141512cc00, 0x00007f141512e308]
Event: 297.974 Thread 0x00007f14240c8800 2230       3       javafx.scene.Node::layoutXProperty (25 bytes)

GC Heap History (10 events):
Event: 291.450 GC heap before
{Heap before GC invocations=148 (full 0):
 PSYoungGen      total 31232K, used 30752K [0x000000076d800000, 0x000000076f800000, 0x00000007c0000000)
  eden space 30720K, 100% used [0x000000076d800000,0x000000076f600000,0x000000076f600000)
  from space 512K, 6% used [0x000000076f700000,0x000000076f708000,0x000000076f780000)
  to   space 512K, 0% used [0x000000076f780000,0x000000076f780000,0x000000076f800000)
 ParOldGen       total 169472K, used 8063K [0x00000006c8800000, 0x00000006d2d80000, 0x000000076d800000)
  object space 169472K, 4% used [0x00000006c8800000,0x00000006c8fdfe28,0x00000006d2d80000)
 Metaspace       used 16488K, capacity 17216K, committed 17536K, reserved 1064960K
  class space    used 2385K, capacity 2561K, committed 2688K, reserved 1048576K
Event: 291.452 GC heap after
Heap after GC invocations=148 (full 0):
 PSYoungGen      total 31232K, used 32K [0x000000076d800000, 0x000000076f800000, 0x00000007c0000000)
  eden space 30720K, 0% used [0x000000076d800000,0x000000076d800000,0x000000076f600000)
  from space 512K, 6% used [0x000000076f780000,0x000000076f788000,0x000000076f800000)
  to   space 512K, 0% used [0x000000076f700000,0x000000076f700000,0x000000076f780000)
 ParOldGen       total 169472K, used 8063K [0x00000006c8800000, 0x00000006d2d80000, 0x000000076d800000)
  object space 169472K, 4% used [0x00000006c8800000,0x00000006c8fdfe28,0x00000006d2d80000)
 Metaspace       used 16488K, capacity 17216K, committed 17536K, reserved 1064960K
  class space    used 2385K, capacity 2561K, committed 2688K, reserved 1048576K
}
Event: 293.251 GC heap before
{Heap before GC invocations=149 (full 0):
 PSYoungGen      total 31232K, used 30752K [0x000000076d800000, 0x000000076f800000, 0x00000007c0000000)
  eden space 30720K, 100% used [0x000000076d800000,0x000000076f600000,0x000000076f600000)
  from space 512K, 6% used [0x000000076f780000,0x000000076f788000,0x000000076f800000)
  to   space 512K, 0% used [0x000000076f700000,0x000000076f700000,0x000000076f780000)
 ParOldGen       total 169472K, used 8063K [0x00000006c8800000, 0x00000006d2d80000, 0x000000076d800000)
  object space 169472K, 4% used [0x00000006c8800000,0x00000006c8fdfe28,0x00000006d2d80000)
 Metaspace       used 16488K, capacity 17216K, committed 17536K, reserved 1064960K
  class space    used 2385K, capacity 2561K, committed 2688K, reserved 1048576K
Event: 293.253 GC heap after
Heap after GC invocations=149 (full 0):
 PSYoungGen      total 31232K, used 32K [0x000000076d800000, 0x000000076f800000, 0x00000007c0000000)
  eden space 30720K, 0% used [0x000000076d800000,0x000000076d800000,0x000000076f600000)
  from space 512K, 6% used [0x000000076f700000,0x000000076f708000,0x000000076f780000)
  to   space 512K, 0% used [0x000000076f780000,0x000000076f780000,0x000000076f800000)
 ParOldGen       total 169472K, used 8063K [0x00000006c8800000, 0x00000006d2d80000, 0x000000076d800000)
  object space 169472K, 4% used [0x00000006c8800000,0x00000006c8fdfe28,0x00000006d2d80000)
 Metaspace       used 16488K, capacity 17216K, committed 17536K, reserved 1064960K
  class space    used 2385K, capacity 2561K, committed 2688K, reserved 1048576K
}
Event: 294.758 GC heap before
{Heap before GC invocations=150 (full 0):
 PSYoungGen      total 31232K, used 30752K [0x000000076d800000, 0x000000076f800000, 0x00000007c0000000)
  eden space 30720K, 100% used [0x000000076d800000,0x000000076f600000,0x000000076f600000)
  from space 512K, 6% used [0x000000076f700000,0x000000076f708000,0x000000076f780000)
  to   space 512K, 0% used [0x000000076f780000,0x000000076f780000,0x000000076f800000)
 ParOldGen       total 169472K, used 8063K [0x00000006c8800000, 0x00000006d2d80000, 0x000000076d800000)
  object space 169472K, 4% used [0x00000006c8800000,0x00000006c8fdfe28,0x00000006d2d80000)
 Metaspace       used 16488K, capacity 17216K, committed 17536K, reserved 1064960K
  class space    used 2385K, capacity 2561K, committed 2688K, reserved 1048576K
Event: 294.760 GC heap after
Heap after GC invocations=150 (full 0):
 PSYoungGen      total 31232K, used 32K [0x000000076d800000, 0x000000076f800000, 0x00000007c0000000)
  eden space 30720K, 0% used [0x000000076d800000,0x000000076d800000,0x000000076f600000)
  from space 512K, 6% used [0x000000076f780000,0x000000076f788000,0x000000076f800000)
  to   space 512K, 0% used [0x000000076f700000,0x000000076f700000,0x000000076f780000)
 ParOldGen       total 169472K, used 8063K [0x00000006c8800000, 0x00000006d2d80000, 0x000000076d800000)
  object space 169472K, 4% used [0x00000006c8800000,0x00000006c8fdfe28,0x00000006d2d80000)
 Metaspace       used 16488K, capacity 17216K, committed 17536K, reserved 1064960K
  class space    used 2385K, capacity 2561K, committed 2688K, reserved 1048576K
}
Event: 296.348 GC heap before
{Heap before GC invocations=151 (full 0):
 PSYoungGen      total 31232K, used 30752K [0x000000076d800000, 0x000000076f800000, 0x00000007c0000000)
  eden space 30720K, 100% used [0x000000076d800000,0x000000076f600000,0x000000076f600000)
  from space 512K, 6% used [0x000000076f780000,0x000000076f788000,0x000000076f800000)
  to   space 512K, 0% used [0x000000076f700000,0x000000076f700000,0x000000076f780000)
 ParOldGen       total 169472K, used 8063K [0x00000006c8800000, 0x00000006d2d80000, 0x000000076d800000)
  object space 169472K, 4% used [0x00000006c8800000,0x00000006c8fdfe28,0x00000006d2d80000)
 Metaspace       used 16488K, capacity 17216K, committed 17536K, reserved 1064960K
  class space    used 2385K, capacity 2561K, committed 2688K, reserved 1048576K
Event: 296.350 GC heap after
Heap after GC invocations=151 (full 0):
 PSYoungGen      total 31232K, used 32K [0x000000076d800000, 0x000000076f800000, 0x00000007c0000000)
  eden space 30720K, 0% used [0x000000076d800000,0x000000076d800000,0x000000076f600000)
  from space 512K, 6% used [0x000000076f700000,0x000000076f708000,0x000000076f780000)
  to   space 512K, 0% used [0x000000076f780000,0x000000076f780000,0x000000076f800000)
 ParOldGen       total 169472K, used 8063K [0x00000006c8800000, 0x00000006d2d80000, 0x000000076d800000)
  object space 169472K, 4% used [0x00000006c8800000,0x00000006c8fdfe28,0x00000006d2d80000)
 Metaspace       used 16488K, capacity 17216K, committed 17536K, reserved 1064960K
  class space    used 2385K, capacity 2561K, committed 2688K, reserved 1048576K
}
Event: 297.841 GC heap before
{Heap before GC invocations=152 (full 0):
 PSYoungGen      total 31232K, used 30752K [0x000000076d800000, 0x000000076f800000, 0x00000007c0000000)
  eden space 30720K, 100% used [0x000000076d800000,0x000000076f600000,0x000000076f600000)
  from space 512K, 6% used [0x000000076f700000,0x000000076f708000,0x000000076f780000)
  to   space 512K, 0% used [0x000000076f780000,0x000000076f780000,0x000000076f800000)
 ParOldGen       total 169472K, used 8063K [0x00000006c8800000, 0x00000006d2d80000, 0x000000076d800000)
  object space 169472K, 4% used [0x00000006c8800000,0x00000006c8fdfe28,0x00000006d2d80000)
 Metaspace       used 16488K, capacity 17216K, committed 17536K, reserved 1064960K
  class space    used 2385K, capacity 2561K, committed 2688K, reserved 1048576K
Event: 297.843 GC heap after
Heap after GC invocations=152 (full 0):
 PSYoungGen      total 31232K, used 32K [0x000000076d800000, 0x000000076f800000, 0x00000007c0000000)
  eden space 30720K, 0% used [0x000000076d800000,0x000000076d800000,0x000000076f600000)
  from space 512K, 6% used [0x000000076f780000,0x000000076f788000,0x000000076f800000)
  to   space 512K, 0% used [0x000000076f700000,0x000000076f700000,0x000000076f780000)
 ParOldGen       total 169472K, used 8063K [0x00000006c8800000, 0x00000006d2d80000, 0x000000076d800000)
  object space 169472K, 4% used [0x00000006c8800000,0x00000006c8fdfe28,0x00000006d2d80000)
 Metaspace       used 16488K, capacity 17216K, committed 17536K, reserved 1064960K
  class space    used 2385K, capacity 2561K, committed 2688K, reserved 1048576K
}

Deoptimization events (10 events):
Event: 16.871 Thread 0x00007f142431e000 Uncommon trap: reason=unstable_if action=reinterpret pc=0x00007f141535f74c method=java.lang.CharacterDataLatin1.toUpperCase(I)I @ 12
Event: 16.922 Thread 0x00007f142431e000 Uncommon trap: reason=unstable_if action=reinterpret pc=0x00007f141540fbb0 method=java.util.HashMap.isEmpty()Z @ 4
Event: 20.195 Thread 0x00007f142431e000 Uncommon trap: reason=unstable_if action=reinterpret pc=0x00007f141525d520 method=java.lang.CharacterData.of(I)Ljava/lang/CharacterData; @ 4
Event: 22.792 Thread 0x00007f142431e000 Uncommon trap: reason=unstable_if action=reinterpret pc=0x00007f14152b0fcc method=java.lang.String.indexOf([CII[CIII)I @ 3
Event: 22.846 Thread 0x00007f142431e000 Uncommon trap: reason=unstable_if action=reinterpret pc=0x00007f14151c656c method=java.lang.String.startsWith(Ljava/lang/String;I)Z @ 25
Event: 22.847 Thread 0x00007f142431e000 Uncommon trap: reason=class_check action=maybe_recompile pc=0x00007f1415378a0c method=sun.misc.URLClassPath.getLoader(I)Lsun/misc/URLClassPath$Loader; @ 239
Event: 22.863 Thread 0x00007f142431e000 Uncommon trap: reason=class_check action=maybe_recompile pc=0x00007f141552828c method=javafx.scene.CssStyleHelper.getStyle(Ljavafx/css/Styleable;Ljava/lang/String;Lcom/sun/javafx/css/StyleMap;Ljava/util/Set;)Lcom/sun/javafx/css/CascadingStyle; @ 140
Event: 22.868 Thread 0x00007f142431e000 Uncommon trap: reason=class_check action=maybe_recompile pc=0x00007f141552828c method=javafx.scene.CssStyleHelper.getStyle(Ljavafx/css/Styleable;Ljava/lang/String;Lcom/sun/javafx/css/StyleMap;Ljava/util/Set;)Lcom/sun/javafx/css/CascadingStyle; @ 140
Event: 22.868 Thread 0x00007f142431e000 Uncommon trap: reason=unstable_if action=reinterpret pc=0x00007f1415528398 method=javafx.scene.CssStyleHelper.getStyle(Ljavafx/css/Styleable;Ljava/lang/String;Lcom/sun/javafx/css/StyleMap;Ljava/util/Set;)Lcom/sun/javafx/css/CascadingStyle; @ 8
Event: 25.266 Thread 0x00007f142408c800 Uncommon trap: reason=unstable_if action=reinterpret pc=0x00007f1415414c3c method=java.lang.ref.ReferenceQueue.poll()Ljava/lang/ref/Reference; @ 4

Classes redefined (0 events):
No events

Internal exceptions (10 events):
Event: 0.132 Thread 0x00007f1424009800 Exception <a 'java/security/PrivilegedActionException'> (0x000000076db74f20) thrown at [/HUDSON/workspace/8-2-build-linux-amd64/jdk8u191/11894/hotspot/src/share/vm/prims/jvm.cpp, line 1435]
Event: 0.132 Thread 0x00007f1424009800 Exception <a 'java/security/PrivilegedActionException'> (0x000000076db75130) thrown at [/HUDSON/workspace/8-2-build-linux-amd64/jdk8u191/11894/hotspot/src/share/vm/prims/jvm.cpp, line 1435]
Event: 0.132 Thread 0x00007f1424009800 Exception <a 'java/security/PrivilegedActionException'> (0x000000076db77658) thrown at [/HUDSON/workspace/8-2-build-linux-amd64/jdk8u191/11894/hotspot/src/share/vm/prims/jvm.cpp, line 1435]
Event: 0.132 Thread 0x00007f1424009800 Exception <a 'java/security/PrivilegedActionException'> (0x000000076db77868) thrown at [/HUDSON/workspace/8-2-build-linux-amd64/jdk8u191/11894/hotspot/src/share/vm/prims/jvm.cpp, line 1435]
Event: 0.132 Thread 0x00007f1424009800 Exception <a 'java/lang/NullPointerException'> (0x000000076db781b0) thrown at [/HUDSON/workspace/8-2-build-linux-amd64/jdk8u191/11894/hotspot/src/share/vm/interpreter/linkResolver.cpp, line 1185]
Event: 0.354 Thread 0x00007f142431e000 Exception <a 'java/lang/NullPointerException'> (0x000000076ea64940) thrown at [/HUDSON/workspace/8-2-build-linux-amd64/jdk8u191/11894/hotspot/src/share/vm/interpreter/linkResolver.cpp, line 1185]
Event: 0.354 Thread 0x00007f142431e000 Exception <a 'java/lang/NullPointerException'> (0x000000076ea64940) thrown at [/HUDSON/workspace/8-2-build-linux-amd64/jdk8u191/11894/hotspot/src/share/vm/prims/jvm.cpp, line 1439]
Event: 0.439 Thread 0x00007f142431e000 Implicit null exception at 0x00007f1415284bb5 to 0x00007f1415284db1
Event: 22.790 Thread 0x00007f142431e000 Exception <a 'java/lang/NoSuchMethodError': <clinit>> (0x0000000770c27438) thrown at [/HUDSON/workspace/8-2-build-linux-amd64/jdk8u191/11894/hotspot/src/share/vm/prims/jni.cpp, line 1613]
Event: 22.837 Thread 0x00007f139c0a2000 Exception <a 'java/lang/NoSuchMethodError': <clinit>> (0x000000076e856b40) thrown at [/HUDSON/workspace/8-2-build-linux-amd64/jdk8u191/11894/hotspot/src/share/vm/prims/jni.cpp, line 1613]

Events (10 events):
Event: 291.452 Executing VM operation: ParallelGCFailedAllocation done
Event: 293.251 Executing VM operation: ParallelGCFailedAllocation
Event: 293.253 Executing VM operation: ParallelGCFailedAllocation done
Event: 294.758 Executing VM operation: ParallelGCFailedAllocation
Event: 294.760 Executing VM operation: ParallelGCFailedAllocation done
Event: 296.348 Executing VM operation: ParallelGCFailedAllocation
Event: 296.350 Executing VM operation: ParallelGCFailedAllocation done
Event: 297.841 Executing VM operation: ParallelGCFailedAllocation
Event: 297.843 Executing VM operation: ParallelGCFailedAllocation done
Event: 297.973 Thread 0x00007f14240c8800 flushing nmethod 0x00007f14151b4a50


Dynamic libraries:
00400000-00401000 r-xp 00000000 fd:00 103485234                          /usr/java/jdk1.8.0_191-amd64/jre/bin/java
00600000-00601000 r--p 00000000 fd:00 103485234                          /usr/java/jdk1.8.0_191-amd64/jre/bin/java
00601000-00602000 rw-p 00001000 fd:00 103485234                          /usr/java/jdk1.8.0_191-amd64/jre/bin/java
01181000-011a2000 rw-p 00000000 00:00 0                                  [heap]
6c8800000-6d2d80000 rw-p 00000000 00:00 0 
6d2d80000-76d800000 ---p 00000000 00:00 0 
76d800000-76f800000 rw-p 00000000 00:00 0 
76f800000-7c0000000 ---p 00000000 00:00 0 
7c0000000-7c02a0000 rw-p 00000000 00:00 0 
7c02a0000-800000000 ---p 00000000 00:00 0 
7f1390000000-7f1390021000 rw-p 00000000 00:00 0 
7f1390021000-7f1394000000 ---p 00000000 00:00 0 
7f1394000000-7f1394021000 rw-p 00000000 00:00 0 
7f1394021000-7f1398000000 ---p 00000000 00:00 0 
7f139a895000-7f139a915000 rw-p 00000000 00:00 0 
7f139a915000-7f139aa95000 ---p 00000000 00:00 0 
7f139aa95000-7f139ab3a000 r--p 00000000 fd:00 1781347                    /usr/share/fonts/dejavu/DejaVuSans-Bold.ttf
7f139ab3a000-7f139ab4d000 r--s 001a7000 fd:00 558500                     /usr/java/jdk1.8.0_191-amd64/jre/lib/plugin.jar
7f139ab4d000-7f139ab68000 r--s 004a0000 fd:00 558502                     /usr/java/jdk1.8.0_191-amd64/jre/lib/deploy.jar
7f139ab68000-7f139ad68000 rw-p 00000000 00:00 0 
7f139ad68000-7f139b168000 rw-s 1230f0000 00:05 10233                     /dev/dri/card0
7f139b168000-7f139b368000 rw-s 113e71000 00:05 10233                     /dev/dri/card0
7f139b368000-7f139bd68000 rwxp 00000000 00:00 0 
7f139bd68000-7f139bd6b000 ---p 00000000 00:00 0 
7f139bd6b000-7f139be69000 rw-p 00000000 00:00 0 
7f139be69000-7f139bf19000 r--p 00000000 fd:00 1781359                    /usr/share/fonts/dejavu/DejaVuSans.ttf
7f139bf19000-7f139bf55000 r--p 00000000 fd:00 34883727                   /usr/java/jdk1.8.0_191-amd64/jre/lib/fonts/LucidaTypewriterRegular.ttf
7f139bf55000-7f139c000000 r--p 00000000 fd:00 34883725                   /usr/java/jdk1.8.0_191-amd64/jre/lib/fonts/LucidaSansRegular.ttf
7f139c000000-7f139c40f000 rw-p 00000000 00:00 0 
7f139c40f000-7f13a0000000 ---p 00000000 00:00 0 
7f13a0000000-7f13a0021000 rw-p 00000000 00:00 0 
7f13a0021000-7f13a4000000 ---p 00000000 00:00 0 
7f13a4000000-7f13a4021000 rw-p 00000000 00:00 0 
7f13a4021000-7f13a8000000 ---p 00000000 00:00 0 
7f13a8005000-7f13a803f000 r--p 00000000 fd:00 34883726                   /usr/java/jdk1.8.0_191-amd64/jre/lib/fonts/LucidaTypewriterBold.ttf
7f13a803f000-7f13a808d000 r--p 00000000 fd:00 34883723                   /usr/java/jdk1.8.0_191-amd64/jre/lib/fonts/LucidaSansDemiBold.ttf
7f13a808d000-7f13a80e2000 r--p 00000000 fd:00 34883722                   /usr/java/jdk1.8.0_191-amd64/jre/lib/fonts/LucidaBrightRegular.ttf
7f13a80e2000-7f13a80e6000 r-xp 00000000 fd:00 34878926                   /usr/java/jdk1.8.0_191-amd64/jre/lib/amd64/libjavafx_font_pango.so
7f13a80e6000-7f13a82e5000 ---p 00004000 fd:00 34878926                   /usr/java/jdk1.8.0_191-amd64/jre/lib/amd64/libjavafx_font_pango.so
7f13a82e5000-7f13a82e6000 r--p 00003000 fd:00 34878926                   /usr/java/jdk1.8.0_191-amd64/jre/lib/amd64/libjavafx_font_pango.so
7f13a82e6000-7f13a82e7000 rw-p 00004000 fd:00 34878926                   /usr/java/jdk1.8.0_191-amd64/jre/lib/amd64/libjavafx_font_pango.so
7f13a82e7000-7f13a84e7000 rw-p 00000000 00:00 0 
7f13a84e7000-7f13a84ec000 r-xp 00000000 fd:00 34878925                   /usr/java/jdk1.8.0_191-amd64/jre/lib/amd64/libjavafx_font_freetype.so
7f13a84ec000-7f13a86eb000 ---p 00005000 fd:00 34878925                   /usr/java/jdk1.8.0_191-amd64/jre/lib/amd64/libjavafx_font_freetype.so
7f13a86eb000-7f13a86ec000 r--p 00004000 fd:00 34878925                   /usr/java/jdk1.8.0_191-amd64/jre/lib/amd64/libjavafx_font_freetype.so
7f13a86ec000-7f13a86ed000 rw-p 00005000 fd:00 34878925                   /usr/java/jdk1.8.0_191-amd64/jre/lib/amd64/libjavafx_font_freetype.so
7f13a86ed000-7f13a88ed000 rw-p 00000000 00:00 0 
7f13a88ed000-7f13a88f0000 r-xp 00000000 fd:00 34878924                   /usr/java/jdk1.8.0_191-amd64/jre/lib/amd64/libjavafx_font.so
7f13a88f0000-7f13a8aef000 ---p 00003000 fd:00 34878924                   /usr/java/jdk1.8.0_191-amd64/jre/lib/amd64/libjavafx_font.so
7f13a8aef000-7f13a8af0000 r--p 00002000 fd:00 34878924                   /usr/java/jdk1.8.0_191-amd64/jre/lib/amd64/libjavafx_font.so
7f13a8af0000-7f13a8af1000 rw-p 00003000 fd:00 34878924                   /usr/java/jdk1.8.0_191-amd64/jre/lib/amd64/libjavafx_font.so
7f13a8af1000-7f13a8af4000 ---p 00000000 00:00 0 
7f13a8af4000-7f13a8bf2000 rw-p 00000000 00:00 0 
7f13a8bf2000-7f13a8c08000 r-xp 00000000 fd:00 34883173                   /usr/java/jdk1.8.0_191-amd64/jre/lib/amd64/libnet.so
7f13a8c08000-7f13a8e07000 ---p 00016000 fd:00 34883173                   /usr/java/jdk1.8.0_191-amd64/jre/lib/amd64/libnet.so
7f13a8e07000-7f13a8e08000 r--p 00015000 fd:00 34883173                   /usr/java/jdk1.8.0_191-amd64/jre/lib/amd64/libnet.so
7f13a8e08000-7f13a8e09000 rw-p 00016000 fd:00 34883173                   /usr/java/jdk1.8.0_191-amd64/jre/lib/amd64/libnet.so
7f13a8e09000-7f13a8e0c000 ---p 00000000 00:00 0 
7f13a8e0c000-7f13a8f0a000 rw-p 00000000 00:00 0 
7f13a8f0a000-7f13a8f8a000 rw-s 10e873000 00:05 10233                     /dev/dri/card0
7f13a8f8a000-7f13a8f8c000 r-xp 00000000 fd:00 36715                      /usr/lib64/libfreebl3.so
7f13a8f8c000-7f13a918b000 ---p 00002000 fd:00 36715                      /usr/lib64/libfreebl3.so
7f13a918b000-7f13a918c000 r--p 00001000 fd:00 36715                      /usr/lib64/libfreebl3.so
7f13a918c000-7f13a918d000 rw-p 00002000 fd:00 36715                      /usr/lib64/libfreebl3.so
7f13a918d000-7f13a9195000 r-xp 00000000 fd:00 38462                      /usr/lib64/libcrypt-2.17.so
7f13a9195000-7f13a9394000 ---p 00008000 fd:00 38462                      /usr/lib64/libcrypt-2.17.so
7f13a9394000-7f13a9395000 r--p 00007000 fd:00 38462                      /usr/lib64/libcrypt-2.17.so
7f13a9395000-7f13a9396000 rw-p 00008000 fd:00 38462                      /usr/lib64/libcrypt-2.17.so
7f13a9396000-7f13a93c4000 rw-p 00000000 00:00 0 
7f13a93c4000-7f13a93cd000 r-xp 00000000 fd:00 75102                      /usr/lib64/libltdl.so.7.3.0
7f13a93cd000-7f13a95cc000 ---p 00009000 fd:00 75102                      /usr/lib64/libltdl.so.7.3.0
7f13a95cc000-7f13a95cd000 r--p 00008000 fd:00 75102                      /usr/lib64/libltdl.so.7.3.0
7f13a95cd000-7f13a95ce000 rw-p 00009000 fd:00 75102                      /usr/lib64/libltdl.so.7.3.0
7f13a95ce000-7f13a95e3000 r-xp 00000000 fd:00 75059                      /usr/lib64/libtdb.so.1.3.15
7f13a95e3000-7f13a97e3000 ---p 00015000 fd:00 75059                      /usr/lib64/libtdb.so.1.3.15
7f13a97e3000-7f13a97e4000 r--p 00015000 fd:00 75059                      /usr/lib64/libtdb.so.1.3.15
7f13a97e4000-7f13a97e5000 rw-p 00016000 fd:00 75059                      /usr/lib64/libtdb.so.1.3.15
7f13a97e5000-7f13a97eb000 r-xp 00000000 fd:00 74999                      /usr/lib64/libogg.so.0.8.0
7f13a97eb000-7f13a99ea000 ---p 00006000 fd:00 74999                      /usr/lib64/libogg.so.0.8.0
7f13a99ea000-7f13a99eb000 r--p 00005000 fd:00 74999                      /usr/lib64/libogg.so.0.8.0
7f13a99eb000-7f13a99ec000 rw-p 00006000 fd:00 74999                      /usr/lib64/libogg.so.0.8.0
7f13a99ec000-7f13a9a18000 r-xp 00000000 fd:00 75064                      /usr/lib64/libvorbis.so.0.4.6
7f13a9a18000-7f13a9c17000 ---p 0002c000 fd:00 75064                      /usr/lib64/libvorbis.so.0.4.6
7f13a9c17000-7f13a9c18000 r--p 0002b000 fd:00 75064                      /usr/lib64/libvorbis.so.0.4.6
7f13a9c18000-7f13a9c19000 rw-p 0002c000 fd:00 75064                      /usr/lib64/libvorbis.so.0.4.6
7f13a9c19000-7f13a9c20000 r-xp 00000000 fd:00 75068                      /usr/lib64/libvorbisfile.so.3.3.5
7f13a9c20000-7f13a9e20000 ---p 00007000 fd:00 75068                      /usr/lib64/libvorbisfile.so.3.3.5
7f13a9e20000-7f13a9e21000 r--p 00007000 fd:00 75068                      /usr/lib64/libvorbisfile.so.3.3.5
7f13a9e21000-7f13a9e22000 rw-p 00008000 fd:00 75068                      /usr/lib64/libvorbisfile.so.3.3.5
7f13a9e22000-7f13a9e32000 r-xp 00000000 fd:00 1024701                    /usr/lib64/libcanberra.so.0.2.5
7f13a9e32000-7f13aa031000 ---p 00010000 fd:00 1024701                    /usr/lib64/libcanberra.so.0.2.5
7f13aa031000-7f13aa032000 r--p 0000f000 fd:00 1024701                    /usr/lib64/libcanberra.so.0.2.5
7f13aa032000-7f13aa033000 rw-p 00010000 fd:00 1024701                    /usr/lib64/libcanberra.so.0.2.5
7f13aa033000-7f13aa037000 r-xp 00000000 fd:00 2200451                    /usr/lib64/libcanberra-gtk.so.0.1.9
7f13aa037000-7f13aa236000 ---p 00004000 fd:00 2200451                    /usr/lib64/libcanberra-gtk.so.0.1.9
7f13aa236000-7f13aa237000 r--p 00003000 fd:00 2200451                    /usr/lib64/libcanberra-gtk.so.0.1.9
7f13aa237000-7f13aa238000 rw-p 00004000 fd:00 2200451                    /usr/lib64/libcanberra-gtk.so.0.1.9
7f13aa238000-7f13aa23d000 r-xp 00000000 fd:00 102022068                  /usr/lib64/gtk-2.0/modules/libcanberra-gtk-module.so
7f13aa23d000-7f13aa43c000 ---p 00005000 fd:00 102022068                  /usr/lib64/gtk-2.0/modules/libcanberra-gtk-module.so
7f13aa43c000-7f13aa43d000 r--p 00004000 fd:00 102022068                  /usr/lib64/gtk-2.0/modules/libcanberra-gtk-module.so
7f13aa43d000-7f13aa43e000 rw-p 00005000 fd:00 102022068                  /usr/lib64/gtk-2.0/modules/libcanberra-gtk-module.so
7f13aa43e000-7f13aa43f000 r-xp 00000000 fd:00 102379084                  /usr/lib64/gtk-2.0/modules/libpk-gtk-module.so
7f13aa43f000-7f13aa63e000 ---p 00001000 fd:00 102379084                  /usr/lib64/gtk-2.0/modules/libpk-gtk-module.so
7f13aa63e000-7f13aa63f000 r--p 00000000 fd:00 102379084                  /usr/lib64/gtk-2.0/modules/libpk-gtk-module.so
7f13aa63f000-7f13aa640000 rw-p 00001000 fd:00 102379084                  /usr/lib64/gtk-2.0/modules/libpk-gtk-module.so
7f13aa640000-7f13aa649000 r-xp 00000000 fd:00 67772807                   /usr/lib64/gtk-2.0/2.10.0/engines/libpixmap.so
7f13aa649000-7f13aa849000 ---p 00009000 fd:00 67772807                   /usr/lib64/gtk-2.0/2.10.0/engines/libpixmap.so
7f13aa849000-7f13aa84a000 r--p 00009000 fd:00 67772807                   /usr/lib64/gtk-2.0/2.10.0/engines/libpixmap.so
7f13aa84a000-7f13aa84b000 rw-p 0000a000 fd:00 67772807                   /usr/lib64/gtk-2.0/2.10.0/engines/libpixmap.so
7f13aa84b000-7f13aa84d000 r-xp 00000000 fd:00 67403770                   /usr/lib64/gtk-2.0/2.10.0/engines/libadwaita.so
7f13aa84d000-7f13aaa4d000 ---p 00002000 fd:00 67403770                   /usr/lib64/gtk-2.0/2.10.0/engines/libadwaita.so
7f13aaa4d000-7f13aaa4e000 r--p 00002000 fd:00 67403770                   /usr/lib64/gtk-2.0/2.10.0/engines/libadwaita.so
7f13aaa4e000-7f13aaa4f000 rw-p 00003000 fd:00 67403770                   /usr/lib64/gtk-2.0/2.10.0/engines/libadwaita.so
7f13aaa4f000-7f13aaa92000 r-xp 00000000 fd:00 34878912                   /usr/java/jdk1.8.0_191-amd64/jre/lib/amd64/libglass.so
7f13aaa92000-7f13aac92000 ---p 00043000 fd:00 34878912                   /usr/java/jdk1.8.0_191-amd64/jre/lib/amd64/libglass.so
7f13aac92000-7f13aac94000 r--p 00043000 fd:00 34878912                   /usr/java/jdk1.8.0_191-amd64/jre/lib/amd64/libglass.so
7f13aac94000-7f13aac95000 rw-p 00045000 fd:00 34878912                   /usr/java/jdk1.8.0_191-amd64/jre/lib/amd64/libglass.so
7f13aac95000-7f13aac96000 rw-p 00000000 00:00 0 
7f13aac96000-7f13aac97000 ---p 00000000 00:00 0 
7f13aac97000-7f13ab497000 rw-p 00000000 00:00 0 
7f13ab497000-7f13ab580000 r-xp 00000000 fd:00 73441                      /usr/lib64/libstdc++.so.6.0.19
7f13ab580000-7f13ab77f000 ---p 000e9000 fd:00 73441                      /usr/lib64/libstdc++.so.6.0.19
7f13ab77f000-7f13ab787000 r--p 000e8000 fd:00 73441                      /usr/lib64/libstdc++.so.6.0.19
7f13ab787000-7f13ab789000 rw-p 000f0000 fd:00 73441                      /usr/lib64/libstdc++.so.6.0.19
7f13ab789000-7f13ab79e000 rw-p 00000000 00:00 0 
7f13ab79e000-7f13adc6d000 r-xp 00000000 fd:00 2891746                    /usr/lib64/libLLVM-6.0-rhel.so
7f13adc6d000-7f13ade6d000 ---p 024cf000 fd:00 2891746                    /usr/lib64/libLLVM-6.0-rhel.so
7f13ade6d000-7f13ae04c000 r--p 024cf000 fd:00 2891746                    /usr/lib64/libLLVM-6.0-rhel.so
7f13ae04c000-7f13ae06f000 rw-p 026ae000 fd:00 2891746                    /usr/lib64/libLLVM-6.0-rhel.so
7f13ae06f000-7f13ae0ae000 rw-p 00000000 00:00 0 
7f13ae0ae000-7f13ae0c5000 r-xp 00000000 fd:00 3370097                    /usr/lib64/libelf-0.172.so
7f13ae0c5000-7f13ae2c4000 ---p 00017000 fd:00 3370097                    /usr/lib64/libelf-0.172.so
7f13ae2c4000-7f13ae2c5000 r--p 00016000 fd:00 3370097                    /usr/lib64/libelf-0.172.so
7f13ae2c5000-7f13ae2c6000 rw-p 00017000 fd:00 3370097                    /usr/lib64/libelf-0.172.so
7f13ae2c6000-7f13ae2cf000 r-xp 00000000 fd:00 1024718                    /usr/lib64/libdrm_amdgpu.so.1.0.0
7f13ae2cf000-7f13ae4ce000 ---p 00009000 fd:00 1024718                    /usr/lib64/libdrm_amdgpu.so.1.0.0
7f13ae4ce000-7f13ae4cf000 r--p 00008000 fd:00 1024718                    /usr/lib64/libdrm_amdgpu.so.1.0.0
7f13ae4cf000-7f13ae4d0000 rw-p 00009000 fd:00 1024718                    /usr/lib64/libdrm_amdgpu.so.1.0.0
7f13ae4d0000-7f13ae4db000 r-xp 00000000 fd:00 1024723                    /usr/lib64/libdrm_radeon.so.1.0.1
7f13ae4db000-7f13ae6da000 ---p 0000b000 fd:00 1024723                    /usr/lib64/libdrm_radeon.so.1.0.1
7f13ae6da000-7f13ae6db000 r--p 0000a000 fd:00 1024723                    /usr/lib64/libdrm_radeon.so.1.0.1
7f13ae6db000-7f13ae6dc000 rw-p 0000b000 fd:00 1024723                    /usr/lib64/libdrm_radeon.so.1.0.1
7f13ae6dc000-7f13ae6e3000 r-xp 00000000 fd:00 1015363                    /usr/lib64/libdrm_nouveau.so.2.0.0
7f13ae6e3000-7f13ae8e2000 ---p 00007000 fd:00 1015363                    /usr/lib64/libdrm_nouveau.so.2.0.0
7f13ae8e2000-7f13ae8e3000 r--p 00006000 fd:00 1015363                    /usr/lib64/libdrm_nouveau.so.2.0.0
7f13ae8e3000-7f13ae8e4000 rw-p 00007000 fd:00 1015363                    /usr/lib64/libdrm_nouveau.so.2.0.0
7f13ae8e4000-7f13af377000 r-xp 00000000 fd:00 67208708                   /usr/lib64/dri/nouveau_dri.so
7f13af377000-7f13af577000 ---p 00a93000 fd:00 67208708                   /usr/lib64/dri/nouveau_dri.so
7f13af577000-7f13af5cb000 r--p 00a93000 fd:00 67208708                   /usr/lib64/dri/nouveau_dri.so
7f13af5cb000-7f13af5d4000 rw-p 00ae7000 fd:00 67208708                   /usr/lib64/dri/nouveau_dri.so
7f13af5d4000-7f13af7cc000 rw-p 00000000 00:00 0 
7f13af7cc000-7f13af7dc000 r-xp 00000000 fd:00 1024715                    /usr/lib64/libdrm.so.2.4.0
7f13af7dc000-7f13af9dc000 ---p 00010000 fd:00 1024715                    /usr/lib64/libdrm.so.2.4.0
7f13af9dc000-7f13af9dd000 r--p 00010000 fd:00 1024715                    /usr/lib64/libdrm.so.2.4.0
7f13af9dd000-7f13af9de000 rw-p 00011000 fd:00 1024715                    /usr/lib64/libdrm.so.2.4.0
7f13af9de000-7f13af9e2000 r-xp 00000000 fd:00 75111                      /usr/lib64/libxcb-dri2.so.0.0.0
7f13af9e2000-7f13afbe1000 ---p 00004000 fd:00 75111                      /usr/lib64/libxcb-dri2.so.0.0.0
7f13afbe1000-7f13afbe2000 r--p 00003000 fd:00 75111                      /usr/lib64/libxcb-dri2.so.0.0.0
7f13afbe2000-7f13afbe3000 rw-p 00004000 fd:00 75111                      /usr/lib64/libxcb-dri2.so.0.0.0
7f13afbe3000-7f13afbfc000 r-xp 00000000 fd:00 75115                      /usr/lib64/libxcb-glx.so.0.0.0
7f13afbfc000-7f13afdfb000 ---p 00019000 fd:00 75115                      /usr/lib64/libxcb-glx.so.0.0.0
7f13afdfb000-7f13afdfd000 r--p 00018000 fd:00 75115                      /usr/lib64/libxcb-glx.so.0.0.0
7f13afdfd000-7f13afdfe000 rw-p 0001a000 fd:00 75115                      /usr/lib64/libxcb-glx.so.0.0.0
7f13afdfe000-7f13afdff000 r-xp 00000000 fd:00 72174                      /usr/lib64/libX11-xcb.so.1.0.0
7f13afdff000-7f13afffe000 ---p 00001000 fd:00 72174                      /usr/lib64/libX11-xcb.so.1.0.0
7f13afffe000-7f13affff000 r--p 00000000 fd:00 72174                      /usr/lib64/libX11-xcb.so.1.0.0
7f13affff000-7f13b0000000 rw-p 00001000 fd:00 72174                      /usr/lib64/libX11-xcb.so.1.0.0
7f13b0000000-7f13b033b000 rw-p 00000000 00:00 0 
7f13b033b000-7f13b4000000 ---p 00000000 00:00 0 
7f13b4007000-7f13b4011000 r--s 000e2000 fd:00 558501                     /usr/java/jdk1.8.0_191-amd64/jre/lib/javaws.jar
7f13b4011000-7f13b4014000 ---p 00000000 00:00 0 
7f13b4014000-7f13b4112000 rw-p 00000000 00:00 0 
7f13b4112000-7f13b413e000 r-xp 00000000 fd:00 1026262                    /usr/lib64/libglapi.so.0.0.0
7f13b413e000-7f13b433d000 ---p 0002c000 fd:00 1026262                    /usr/lib64/libglapi.so.0.0.0
7f13b433d000-7f13b4341000 r--p 0002b000 fd:00 1026262                    /usr/lib64/libglapi.so.0.0.0
7f13b4341000-7f13b4342000 rw-p 0002f000 fd:00 1026262                    /usr/lib64/libglapi.so.0.0.0
7f13b4342000-7f13b4343000 rw-p 00000000 00:00 0 
7f13b4343000-7f13b4344000 r-xp 00000000 fd:00 235728                     /usr/lib64/libxshmfence.so.1.0.0
7f13b4344000-7f13b4544000 ---p 00001000 fd:00 235728                     /usr/lib64/libxshmfence.so.1.0.0
7f13b4544000-7f13b4545000 r--p 00001000 fd:00 235728                     /usr/lib64/libxshmfence.so.1.0.0
7f13b4545000-7f13b4546000 rw-p 00002000 fd:00 235728                     /usr/lib64/libxshmfence.so.1.0.0
7f13b4546000-7f13b454c000 r-xp 00000000 fd:00 75133                      /usr/lib64/libxcb-sync.so.1.0.0
7f13b454c000-7f13b474b000 ---p 00006000 fd:00 75133                      /usr/lib64/libxcb-sync.so.1.0.0
7f13b474b000-7f13b474c000 r--p 00005000 fd:00 75133                      /usr/lib64/libxcb-sync.so.1.0.0
7f13b474c000-7f13b474d000 rw-p 00006000 fd:00 75133                      /usr/lib64/libxcb-sync.so.1.0.0
7f13b474d000-7f13b474f000 r-xp 00000000 fd:00 75117                      /usr/lib64/libxcb-present.so.0.0.0
7f13b474f000-7f13b494e000 ---p 00002000 fd:00 75117                      /usr/lib64/libxcb-present.so.0.0.0
7f13b494e000-7f13b494f000 r--p 00001000 fd:00 75117                      /usr/lib64/libxcb-present.so.0.0.0
7f13b494f000-7f13b4950000 rw-p 00002000 fd:00 75117                      /usr/lib64/libxcb-present.so.0.0.0
7f13b4950000-7f13b4957000 r-xp 00000000 fd:00 75139                      /usr/lib64/libxcb-xfixes.so.0.0.0
7f13b4957000-7f13b4b56000 ---p 00007000 fd:00 75139                      /usr/lib64/libxcb-xfixes.so.0.0.0
7f13b4b56000-7f13b4b57000 r--p 00006000 fd:00 75139                      /usr/lib64/libxcb-xfixes.so.0.0.0
7f13b4b57000-7f13b4b58000 rw-p 00007000 fd:00 75139                      /usr/lib64/libxcb-xfixes.so.0.0.0
7f13b4b58000-7f13b4b5b000 r-xp 00000000 fd:00 75113                      /usr/lib64/libxcb-dri3.so.0.0.0
7f13b4b5b000-7f13b4d5a000 ---p 00003000 fd:00 75113                      /usr/lib64/libxcb-dri3.so.0.0.0
7f13b4d5a000-7f13b4d5b000 r--p 00002000 fd:00 75113                      /usr/lib64/libxcb-dri3.so.0.0.0
7f13b4d5b000-7f13b4d5c000 rw-p 00003000 fd:00 75113                      /usr/lib64/libxcb-dri3.so.0.0.0
7f13b4d5c000-7f13b4dcd000 r-xp 00000000 fd:00 508225                     /usr/lib64/libGLX_mesa.so.0.0.0
7f13b4dcd000-7f13b4fcc000 ---p 00071000 fd:00 508225                     /usr/lib64/libGLX_mesa.so.0.0.0
7f13b4fcc000-7f13b4fcf000 r--p 00070000 fd:00 508225                     /usr/lib64/libGLX_mesa.so.0.0.0
7f13b4fcf000-7f13b4fd0000 rw-p 00073000 fd:00 508225                     /usr/lib64/libGLX_mesa.so.0.0.0
7f13b4fd0000-7f13b4fd1000 rw-p 00000000 00:00 0 
7f13b4fd1000-7f13b4fd3000 r-xp 00000000 fd:00 75104                      /usr/lib64/libXau.so.6.0.0
7f13b4fd3000-7f13b51d3000 ---p 00002000 fd:00 75104                      /usr/lib64/libXau.so.6.0.0
7f13b51d3000-7f13b51d4000 r--p 00002000 fd:00 75104                      /usr/lib64/libXau.so.6.0.0
7f13b51d4000-7f13b51d5000 rw-p 00003000 fd:00 75104                      /usr/lib64/libXau.so.6.0.0
7f13b51d5000-7f13b5201000 r-xp 00000000 fd:00 315982                     /usr/lib64/libgraphite2.so.3.0.1
7f13b5201000-7f13b5400000 ---p 0002c000 fd:00 315982                     /usr/lib64/libgraphite2.so.3.0.1
7f13b5400000-7f13b5402000 r--p 0002b000 fd:00 315982                     /usr/lib64/libgraphite2.so.3.0.1
7f13b5402000-7f13b5403000 rw-p 0002d000 fd:00 315982                     /usr/lib64/libgraphite2.so.3.0.1
7f13b5403000-7f13b543f000 r-xp 00000000 fd:00 1026296                    /usr/lib64/libblkid.so.1.1.0
7f13b543f000-7f13b563e000 ---p 0003c000 fd:00 1026296                    /usr/lib64/libblkid.so.1.1.0
7f13b563e000-7f13b5641000 r--p 0003b000 fd:00 1026296                    /usr/lib64/libblkid.so.1.1.0
7f13b5641000-7f13b5642000 rw-p 0003e000 fd:00 1026296                    /usr/lib64/libblkid.so.1.1.0
7f13b5642000-7f13b5643000 rw-p 00000000 00:00 0 
7f13b5643000-7f13b56b1000 r-xp 00000000 fd:00 1646669                    /usr/lib64/libGLdispatch.so.0.0.0
7f13b56b1000-7f13b58b0000 ---p 0006e000 fd:00 1646669                    /usr/lib64/libGLdispatch.so.0.0.0
7f13b58b0000-7f13b58d8000 r--p 0006d000 fd:00 1646669                    /usr/lib64/libGLdispatch.so.0.0.0
7f13b58d8000-7f13b58d9000 rw-p 00095000 fd:00 1646669                    /usr/lib64/libGLdispatch.so.0.0.0
7f13b58d9000-7f13b58f9000 rw-p 00000000 00:00 0 
7f13b58f9000-7f13b5909000 r-xp 00000000 fd:00 823602                     /usr/lib64/libGLX.so.0.0.0
7f13b5909000-7f13b5b09000 ---p 00010000 fd:00 823602                     /usr/lib64/libGLX.so.0.0.0
7f13b5b09000-7f13b5b0a000 r--p 00010000 fd:00 823602                     /usr/lib64/libGLX.so.0.0.0
7f13b5b0a000-7f13b5b0b000 rw-p 00011000 fd:00 823602                     /usr/lib64/libGLX.so.0.0.0
7f13b5b0b000-7f13b5b2b000 rw-p 00000000 00:00 0 
7f13b5b2b000-7f13b5b2f000 r-xp 00000000 fd:00 73722                      /usr/lib64/libuuid.so.1.3.0
7f13b5b2f000-7f13b5d2e000 ---p 00004000 fd:00 73722                      /usr/lib64/libuuid.so.1.3.0
7f13b5d2e000-7f13b5d2f000 r--p 00003000 fd:00 73722                      /usr/lib64/libuuid.so.1.3.0
7f13b5d2f000-7f13b5d30000 rw-p 00004000 fd:00 73722                      /usr/lib64/libuuid.so.1.3.0
7f13b5d30000-7f13b5d57000 r-xp 00000000 fd:00 73776                      /usr/lib64/libexpat.so.1.6.0
7f13b5d57000-7f13b5f57000 ---p 00027000 fd:00 73776                      /usr/lib64/libexpat.so.1.6.0
7f13b5f57000-7f13b5f59000 r--p 00027000 fd:00 73776                      /usr/lib64/libexpat.so.1.6.0
7f13b5f59000-7f13b5f5a000 rw-p 00029000 fd:00 73776                      /usr/lib64/libexpat.so.1.6.0
7f13b5f5a000-7f13b5f69000 r-xp 00000000 fd:00 73764                      /usr/lib64/libbz2.so.1.0.6
7f13b5f69000-7f13b6168000 ---p 0000f000 fd:00 73764                      /usr/lib64/libbz2.so.1.0.6
7f13b6168000-7f13b6169000 r--p 0000e000 fd:00 73764                      /usr/lib64/libbz2.so.1.0.6
7f13b6169000-7f13b616a000 rw-p 0000f000 fd:00 73764                      /usr/lib64/libbz2.so.1.0.6
7f13b616a000-7f13b6185000 r-xp 00000000 fd:00 19594                      /usr/lib64/libfribidi.so.0.4.0
7f13b6185000-7f13b6384000 ---p 0001b000 fd:00 19594                      /usr/lib64/libfribidi.so.0.4.0
7f13b6384000-7f13b6385000 r--p 0001a000 fd:00 19594                      /usr/lib64/libfribidi.so.0.4.0
7f13b6385000-7f13b6386000 rw-p 0001b000 fd:00 19594                      /usr/lib64/libfribidi.so.0.4.0
7f13b6386000-7f13b6391000 r-xp 00000000 fd:00 427622                     /usr/lib64/libthai.so.0.1.6
7f13b6391000-7f13b6590000 ---p 0000b000 fd:00 427622                     /usr/lib64/libthai.so.0.1.6
7f13b6590000-7f13b6591000 r--p 0000a000 fd:00 427622                     /usr/lib64/libthai.so.0.1.6
7f13b6591000-7f13b6592000 rw-p 0000b000 fd:00 427622                     /usr/lib64/libthai.so.0.1.6
7f13b6592000-7f13b659e000 r-xp 00000000 fd:00 75123                      /usr/lib64/libxcb-render.so.0.0.0
7f13b659e000-7f13b679e000 ---p 0000c000 fd:00 75123                      /usr/lib64/libxcb-render.so.0.0.0
7f13b679e000-7f13b679f000 r--p 0000c000 fd:00 75123                      /usr/lib64/libxcb-render.so.0.0.0
7f13b679f000-7f13b67a0000 rw-p 0000d000 fd:00 75123                      /usr/lib64/libxcb-render.so.0.0.0
7f13b67a0000-7f13b67c7000 r-xp 00000000 fd:00 75155                      /usr/lib64/libxcb.so.1.1.0
7f13b67c7000-7f13b69c6000 ---p 00027000 fd:00 75155                      /usr/lib64/libxcb.so.1.1.0
7f13b69c6000-7f13b69c7000 r--p 00026000 fd:00 75155                      /usr/lib64/libxcb.so.1.1.0
7f13b69c7000-7f13b69c8000 rw-p 00027000 fd:00 75155                      /usr/lib64/libxcb.so.1.1.0
7f13b69c8000-7f13b69ca000 r-xp 00000000 fd:00 75131                      /usr/lib64/libxcb-shm.so.0.0.0
7f13b69ca000-7f13b6bca000 ---p 00002000 fd:00 75131                      /usr/lib64/libxcb-shm.so.0.0.0
7f13b6bca000-7f13b6bcb000 r--p 00002000 fd:00 75131                      /usr/lib64/libxcb-shm.so.0.0.0
7f13b6bcb000-7f13b6bcc000 rw-p 00003000 fd:00 75131                      /usr/lib64/libxcb-shm.so.0.0.0
7f13b6bcc000-7f13b6bde000 r-xp 00000000 fd:00 1054344                    /usr/lib64/libEGL.so.1.1.0
7f13b6bde000-7f13b6dde000 ---p 00012000 fd:00 1054344                    /usr/lib64/libEGL.so.1.1.0
7f13b6dde000-7f13b6ddf000 r--p 00012000 fd:00 1054344                    /usr/lib64/libEGL.so.1.1.0
7f13b6ddf000-7f13b6de0000 rw-p 00013000 fd:00 1054344                    /usr/lib64/libEGL.so.1.1.0
7f13b6de0000-7f13b6e80000 r-xp 00000000 fd:00 75194                      /usr/lib64/libpixman-1.so.0.34.0
7f13b6e80000-7f13b7080000 ---p 000a0000 fd:00 75194                      /usr/lib64/libpixman-1.so.0.34.0
7f13b7080000-7f13b7088000 r--p 000a0000 fd:00 75194                      /usr/lib64/libpixman-1.so.0.34.0
7f13b7088000-7f13b7089000 rw-p 000a8000 fd:00 75194                      /usr/lib64/libpixman-1.so.0.34.0
7f13b7089000-7f13b70b2000 r-xp 00000000 fd:00 73761                      /usr/lib64/libpng15.so.15.13.0
7f13b70b2000-7f13b72b2000 ---p 00029000 fd:00 73761                      /usr/lib64/libpng15.so.15.13.0
7f13b72b2000-7f13b72b3000 r--p 00029000 fd:00 73761                      /usr/lib64/libpng15.so.15.13.0
7f13b72b3000-7f13b72b4000 rw-p 0002a000 fd:00 73761                      /usr/lib64/libpng15.so.15.13.0
7f13b72b4000-7f13b7350000 r-xp 00000000 fd:00 114955                     /usr/lib64/libharfbuzz.so.0.10705.0
7f13b7350000-7f13b754f000 ---p 0009c000 fd:00 114955                     /usr/lib64/libharfbuzz.so.0.10705.0
7f13b754f000-7f13b7550000 r--p 0009b000 fd:00 114955                     /usr/lib64/libharfbuzz.so.0.10705.0
7f13b7550000-7f13b7551000 rw-p 0009c000 fd:00 114955                     /usr/lib64/libharfbuzz.so.0.10705.0
7f13b7551000-7f13b7566000 r-xp 00000000 fd:00 2820169                    /usr/lib64/libgcc_s-4.8.5-20150702.so.1
7f13b7566000-7f13b7765000 ---p 00015000 fd:00 2820169                    /usr/lib64/libgcc_s-4.8.5-20150702.so.1
7f13b7765000-7f13b7766000 r--p 00014000 fd:00 2820169                    /usr/lib64/libgcc_s-4.8.5-20150702.so.1
7f13b7766000-7f13b7767000 rw-p 00015000 fd:00 2820169                    /usr/lib64/libgcc_s-4.8.5-20150702.so.1
7f13b7767000-7f13b77a7000 r-xp 00000000 fd:00 1026303                    /usr/lib64/libmount.so.1.1.0
7f13b77a7000-7f13b79a7000 ---p 00040000 fd:00 1026303                    /usr/lib64/libmount.so.1.1.0
7f13b79a7000-7f13b79a8000 r--p 00040000 fd:00 1026303                    /usr/lib64/libmount.so.1.1.0
7f13b79a8000-7f13b79a9000 rw-p 00041000 fd:00 1026303                    /usr/lib64/libmount.so.1.1.0
7f13b79a9000-7f13b79aa000 rw-p 00000000 00:00 0 
7f13b79aa000-7f13b79c0000 r-xp 00000000 fd:00 73318                      /usr/lib64/libresolv-2.17.so
7f13b79c0000-7f13b7bbf000 ---p 00016000 fd:00 73318                      /usr/lib64/libresolv-2.17.so
7f13b7bbf000-7f13b7bc0000 r--p 00015000 fd:00 73318                      /usr/lib64/libresolv-2.17.so
7f13b7bc0000-7f13b7bc1000 rw-p 00016000 fd:00 73318                      /usr/lib64/libresolv-2.17.so
7f13b7bc1000-7f13b7bc3000 rw-p 00000000 00:00 0 
7f13b7bc3000-7f13b7be7000 r-xp 00000000 fd:00 73564                      /usr/lib64/libselinux.so.1
7f13b7be7000-7f13b7de6000 ---p 00024000 fd:00 73564                      /usr/lib64/libselinux.so.1
7f13b7de6000-7f13b7de7000 r--p 00023000 fd:00 73564                      /usr/lib64/libselinux.so.1
7f13b7de7000-7f13b7de8000 rw-p 00024000 fd:00 73564                      /usr/lib64/libselinux.so.1
7f13b7de8000-7f13b7dea000 rw-p 00000000 00:00 0 
7f13b7dea000-7f13b7dff000 r-xp 00000000 fd:00 73343                      /usr/lib64/libz.so.1.2.7
7f13b7dff000-7f13b7ffe000 ---p 00015000 fd:00 73343                      /usr/lib64/libz.so.1.2.7
7f13b7ffe000-7f13b7fff000 r--p 00014000 fd:00 73343                      /usr/lib64/libz.so.1.2.7
7f13b7fff000-7f13b8000000 rw-p 00015000 fd:00 73343                      /usr/lib64/libz.so.1.2.7
7f13b8000000-7f13b8021000 rw-p 00000000 00:00 0 
7f13b8021000-7f13bc000000 ---p 00000000 00:00 0 
7f13bc000000-7f13bc021000 rw-p 00000000 00:00 0 
7f13bc021000-7f13c0000000 ---p 00000000 00:00 0 
7f13c0000000-7f13c0449000 rw-p 00000000 00:00 0 
7f13c0449000-7f13c4000000 ---p 00000000 00:00 0 
7f13c4000000-7f13c4462000 rw-p 00000000 00:00 0 
7f13c4462000-7f13c8000000 ---p 00000000 00:00 0 
7f13c8000000-7f13c8de5000 rw-p 00000000 00:00 0 
7f13c8de5000-7f13cc000000 ---p 00000000 00:00 0 
7f13cc000000-7f13cc390000 rw-p 00000000 00:00 0 
7f13cc390000-7f13d0000000 ---p 00000000 00:00 0 
7f13d0000000-7f13d0021000 rw-p 00000000 00:00 0 
7f13d0021000-7f13d4000000 ---p 00000000 00:00 0 
7f13d4001000-7f13d4009000 r--s 000c4000 fd:00 67937040                   /home/abahaa/netbeans-8.2/ide/modules/ext/mysql-connector-java-5.1.23-bin.jar
7f13d4009000-7f13d4011000 r--s 000c4000 fd:00 36101388                   /home/abahaa/NetBeansProjects/Super_XO2/dist/lib/mysql-connector-java-5.1.23-bin.jar
7f13d4011000-7f13d4026000 r--s 000ff000 fd:00 559072                     /usr/java/jdk1.8.0_191-amd64/jre/lib/resources.jar
7f13d4026000-7f13d403a000 r--p 00000000 fd:00 34883721                   /usr/java/jdk1.8.0_191-amd64/jre/lib/fonts/LucidaBrightItalic.ttf
7f13d403a000-7f13d404d000 r--p 00000000 fd:00 34883720                   /usr/java/jdk1.8.0_191-amd64/jre/lib/fonts/LucidaBrightDemiItalic.ttf
7f13d404d000-7f13d418e000 rw-s 00000000 fd:00 102835944                  /home/abahaa/.cache/mesa_shader_cache/index
7f13d418e000-7f13d41ee000 r-xp 00000000 fd:00 73496                      /usr/lib64/libpcre.so.1.2.0
7f13d41ee000-7f13d43ee000 ---p 00060000 fd:00 73496                      /usr/lib64/libpcre.so.1.2.0
7f13d43ee000-7f13d43ef000 r--p 00060000 fd:00 73496                      /usr/lib64/libpcre.so.1.2.0
7f13d43ef000-7f13d43f0000 rw-p 00061000 fd:00 73496                      /usr/lib64/libpcre.so.1.2.0
7f13d43f0000-7f13d43f7000 r-xp 00000000 fd:00 73544                      /usr/lib64/libffi.so.6.0.1
7f13d43f7000-7f13d45f6000 ---p 00007000 fd:00 73544                      /usr/lib64/libffi.so.6.0.1
7f13d45f6000-7f13d45f7000 r--p 00006000 fd:00 73544                      /usr/lib64/libffi.so.6.0.1
7f13d45f7000-7f13d45f8000 rw-p 00007000 fd:00 73544                      /usr/lib64/libffi.so.6.0.1
7f13d45f8000-7f13d4609000 r-xp 00000000 fd:00 75162                      /usr/lib64/libXext.so.6.4.0
7f13d4609000-7f13d4808000 ---p 00011000 fd:00 75162                      /usr/lib64/libXext.so.6.4.0
7f13d4808000-7f13d4809000 r--p 00010000 fd:00 75162                      /usr/lib64/libXext.so.6.4.0
7f13d4809000-7f13d480a000 rw-p 00011000 fd:00 75162                      /usr/lib64/libXext.so.6.4.0
7f13d480a000-7f13d480c000 r-xp 00000000 fd:00 75172                      /usr/lib64/libXdamage.so.1.1.0
7f13d480c000-7f13d4a0b000 ---p 00002000 fd:00 75172                      /usr/lib64/libXdamage.so.1.1.0
7f13d4a0b000-7f13d4a0c000 r--p 00001000 fd:00 75172                      /usr/lib64/libXdamage.so.1.1.0
7f13d4a0c000-7f13d4a0d000 rw-p 00002000 fd:00 75172                      /usr/lib64/libXdamage.so.1.1.0
7f13d4a0d000-7f13d4a0f000 r-xp 00000000 fd:00 75174                      /usr/lib64/libXcomposite.so.1.0.0
7f13d4a0f000-7f13d4c0e000 ---p 00002000 fd:00 75174                      /usr/lib64/libXcomposite.so.1.0.0
7f13d4c0e000-7f13d4c0f000 r--p 00001000 fd:00 75174                      /usr/lib64/libXcomposite.so.1.0.0
7f13d4c0f000-7f13d4c10000 rw-p 00002000 fd:00 75174                      /usr/lib64/libXcomposite.so.1.0.0
7f13d4c10000-7f13d4c19000 r-xp 00000000 fd:00 75273                      /usr/lib64/libXcursor.so.1.0.2
7f13d4c19000-7f13d4e19000 ---p 00009000 fd:00 75273                      /usr/lib64/libXcursor.so.1.0.2
7f13d4e19000-7f13d4e1a000 r--p 00009000 fd:00 75273                      /usr/lib64/libXcursor.so.1.0.2
7f13d4e1a000-7f13d4e1b000 rw-p 0000a000 fd:00 75273                      /usr/lib64/libXcursor.so.1.0.2
7f13d4e1b000-7f13d4e25000 r-xp 00000000 fd:00 75181                      /usr/lib64/libXrandr.so.2.2.0
7f13d4e25000-7f13d5024000 ---p 0000a000 fd:00 75181                      /usr/lib64/libXrandr.so.2.2.0
7f13d5024000-7f13d5025000 r--p 00009000 fd:00 75181                      /usr/lib64/libXrandr.so.2.2.0
7f13d5025000-7f13d5026000 rw-p 0000a000 fd:00 75181                      /usr/lib64/libXrandr.so.2.2.0
7f13d5026000-7f13d5035000 r-xp 00000000 fd:00 75170                      /usr/lib64/libXi.so.6.1.0
7f13d5035000-7f13d5234000 ---p 0000f000 fd:00 75170                      /usr/lib64/libXi.so.6.1.0
7f13d5234000-7f13d5235000 r--p 0000e000 fd:00 75170                      /usr/lib64/libXi.so.6.1.0
7f13d5235000-7f13d5236000 rw-p 0000f000 fd:00 75170                      /usr/lib64/libXi.so.6.1.0
7f13d5236000-7f13d5238000 r-xp 00000000 fd:00 75185                      /usr/lib64/libXinerama.so.1.0.0
7f13d5238000-7f13d5437000 ---p 00002000 fd:00 75185                      /usr/lib64/libXinerama.so.1.0.0
7f13d5437000-7f13d5438000 r--p 00001000 fd:00 75185                      /usr/lib64/libXinerama.so.1.0.0
7f13d5438000-7f13d5439000 rw-p 00002000 fd:00 75185                      /usr/lib64/libXinerama.so.1.0.0
7f13d5439000-7f13d5442000 r-xp 00000000 fd:00 75176                      /usr/lib64/libXrender.so.1.3.0
7f13d5442000-7f13d5642000 ---p 00009000 fd:00 75176                      /usr/lib64/libXrender.so.1.3.0
7f13d5642000-7f13d5643000 r--p 00009000 fd:00 75176                      /usr/lib64/libXrender.so.1.3.0
7f13d5643000-7f13d5644000 rw-p 0000a000 fd:00 75176                      /usr/lib64/libXrender.so.1.3.0
7f13d5644000-7f13d5649000 r-xp 00000000 fd:00 75164                      /usr/lib64/libXfixes.so.3.1.0
7f13d5649000-7f13d5848000 ---p 00005000 fd:00 75164                      /usr/lib64/libXfixes.so.3.1.0
7f13d5848000-7f13d5849000 r--p 00004000 fd:00 75164                      /usr/lib64/libXfixes.so.3.1.0
7f13d5849000-7f13d584a000 rw-p 00005000 fd:00 75164                      /usr/lib64/libXfixes.so.3.1.0
7f13d584a000-7f13d58bb000 r-xp 00000000 fd:00 823600                     /usr/lib64/libGL.so.1.7.0
7f13d58bb000-7f13d5aba000 ---p 00071000 fd:00 823600                     /usr/lib64/libGL.so.1.7.0
7f13d5aba000-7f13d5ad4000 r--p 00070000 fd:00 823600                     /usr/lib64/libGL.so.1.7.0
7f13d5ad4000-7f13d5ad5000 rw-p 0008a000 fd:00 823600                     /usr/lib64/libGL.so.1.7.0
7f13d5ad5000-7f13d5ad6000 rw-p 00000000 00:00 0 
7f13d5ad6000-7f13dc000000 r--p 00000000 fd:00 34031874                   /usr/lib/locale/locale-archive
7f13dc000000-7f13dc021000 rw-p 00000000 00:00 0 
7f13dc021000-7f13e0000000 ---p 00000000 00:00 0 
7f13e0000000-7f13e0021000 rw-p 00000000 00:00 0 
7f13e0021000-7f13e4000000 ---p 00000000 00:00 0 
7f13e4000000-7f13e4021000 rw-p 00000000 00:00 0 
7f13e4021000-7f13e8000000 ---p 00000000 00:00 0 
7f13e8001000-7f13e8004000 ---p 00000000 00:00 0 
7f13e8004000-7f13e8102000 rw-p 00000000 00:00 0 
7f13e8102000-7f13e823a000 r-xp 00000000 fd:00 37799                      /usr/lib64/libX11.so.6.3.0
7f13e823a000-7f13e843a000 ---p 00138000 fd:00 37799                      /usr/lib64/libX11.so.6.3.0
7f13e843a000-7f13e843b000 r--p 00138000 fd:00 37799                      /usr/lib64/libX11.so.6.3.0
7f13e843b000-7f13e8440000 rw-p 00139000 fd:00 37799                      /usr/lib64/libX11.so.6.3.0
7f13e8440000-7f13f0000000 rw-p 00000000 00:00 0 
7f13f0000000-7f13f0021000 rw-p 00000000 00:00 0 
7f13f0021000-7f13f4000000 ---p 00000000 00:00 0 
7f13f4000000-7f13f4021000 rw-p 00000000 00:00 0 
7f13f4021000-7f13f8000000 ---p 00000000 00:00 0 
7f13f8000000-7f13f8021000 rw-p 00000000 00:00 0 
7f13f8021000-7f13fc000000 ---p 00000000 00:00 0 
7f13fc000000-7f13fc021000 rw-p 00000000 00:00 0 
7f13fc021000-7f1400000000 ---p 00000000 00:00 0 
7f1400000000-7f1400021000 rw-p 00000000 00:00 0 
7f1400021000-7f1404000000 ---p 00000000 00:00 0 
7f1404000000-7f1404021000 rw-p 00000000 00:00 0 
7f1404021000-7f1408000000 ---p 00000000 00:00 0 
7f1408000000-7f1408021000 rw-p 00000000 00:00 0 
7f1408021000-7f140c000000 ---p 00000000 00:00 0 
7f140c002000-7f140c006000 r--s 000a0000 fd:00 558504                     /usr/java/jdk1.8.0_191-amd64/jre/lib/jsse.jar
7f140c006000-7f140c019000 r--p 00000000 fd:00 34883719                   /usr/java/jdk1.8.0_191-amd64/jre/lib/fonts/LucidaBrightDemiBold.ttf
7f140c019000-7f140c099000 rw-s 115541000 00:05 10233                     /dev/dri/card0
7f140c099000-7f140c09e000 r-xp 00000000 fd:00 138234                     /usr/lib64/libXxf86vm.so.1.0.0
7f140c09e000-7f140c29d000 ---p 00005000 fd:00 138234                     /usr/lib64/libXxf86vm.so.1.0.0
7f140c29d000-7f140c29e000 r--p 00004000 fd:00 138234                     /usr/lib64/libXxf86vm.so.1.0.0
7f140c29e000-7f140c29f000 rw-p 00005000 fd:00 138234                     /usr/lib64/libXxf86vm.so.1.0.0
7f140c29f000-7f140c2a4000 r-xp 00000000 fd:00 75183                      /usr/lib64/libXtst.so.6.1.0
7f140c2a4000-7f140c4a3000 ---p 00005000 fd:00 75183                      /usr/lib64/libXtst.so.6.1.0
7f140c4a3000-7f140c4a4000 r--p 00004000 fd:00 75183                      /usr/lib64/libXtst.so.6.1.0
7f140c4a4000-7f140c4a5000 rw-p 00005000 fd:00 75183                      /usr/lib64/libXtst.so.6.1.0
7f140c4a5000-7f140c5b9000 r-xp 00000000 fd:00 73715                      /usr/lib64/libglib-2.0.so.0.5600.1
7f140c5b9000-7f140c7b8000 ---p 00114000 fd:00 73715                      /usr/lib64/libglib-2.0.so.0.5600.1
7f140c7b8000-7f140c7b9000 r--p 00113000 fd:00 73715                      /usr/lib64/libglib-2.0.so.0.5600.1
7f140c7b9000-7f140c7ba000 rw-p 00114000 fd:00 73715                      /usr/lib64/libglib-2.0.so.0.5600.1
7f140c7ba000-7f140c7bb000 rw-p 00000000 00:00 0 
7f140c7bb000-7f140c7bc000 r-xp 00000000 fd:00 75215                      /usr/lib64/libgthread-2.0.so.0.5600.1
7f140c7bc000-7f140c9bb000 ---p 00001000 fd:00 75215                      /usr/lib64/libgthread-2.0.so.0.5600.1
7f140c9bb000-7f140c9bc000 r--p 00000000 fd:00 75215                      /usr/lib64/libgthread-2.0.so.0.5600.1
7f140c9bc000-7f140c9bd000 rw-p 00001000 fd:00 75215                      /usr/lib64/libgthread-2.0.so.0.5600.1
7f140c9bd000-7f140c9c0000 r-xp 00000000 fd:00 73717                      /usr/lib64/libgmodule-2.0.so.0.5600.1
7f140c9c0000-7f140cbbf000 ---p 00003000 fd:00 73717                      /usr/lib64/libgmodule-2.0.so.0.5600.1
7f140cbbf000-7f140cbc0000 r--p 00002000 fd:00 73717                      /usr/lib64/libgmodule-2.0.so.0.5600.1
7f140cbc0000-7f140cbc1000 rw-p 00003000 fd:00 73717                      /usr/lib64/libgmodule-2.0.so.0.5600.1
7f140cbc1000-7f140cc10000 r-xp 00000000 fd:00 74972                      /usr/lib64/libgobject-2.0.so.0.5600.1
7f140cc10000-7f140ce0f000 ---p 0004f000 fd:00 74972                      /usr/lib64/libgobject-2.0.so.0.5600.1
7f140ce0f000-7f140ce10000 r--p 0004e000 fd:00 74972                      /usr/lib64/libgobject-2.0.so.0.5600.1
7f140ce10000-7f140ce11000 rw-p 0004f000 fd:00 74972                      /usr/lib64/libgobject-2.0.so.0.5600.1
7f140ce11000-7f140ce51000 r-xp 00000000 fd:00 1026286                    /usr/lib64/libfontconfig.so.1.11.1
7f140ce51000-7f140d050000 ---p 00040000 fd:00 1026286                    /usr/lib64/libfontconfig.so.1.11.1
7f140d050000-7f140d052000 r--p 0003f000 fd:00 1026286                    /usr/lib64/libfontconfig.so.1.11.1
7f140d052000-7f140d053000 rw-p 00041000 fd:00 1026286                    /usr/lib64/libfontconfig.so.1.11.1
7f140d053000-7f140d10a000 r-xp 00000000 fd:00 73448                      /usr/lib64/libfreetype.so.6.14.0
7f140d10a000-7f140d30a000 ---p 000b7000 fd:00 73448                      /usr/lib64/libfreetype.so.6.14.0
7f140d30a000-7f140d311000 r--p 000b7000 fd:00 73448                      /usr/lib64/libfreetype.so.6.14.0
7f140d311000-7f140d312000 rw-p 000be000 fd:00 73448                      /usr/lib64/libfreetype.so.6.14.0
7f140d312000-7f140d354000 r-xp 00000000 fd:00 1054356                    /usr/lib64/libpango-1.0.so.0.4200.3
7f140d354000-7f140d554000 ---p 00042000 fd:00 1054356                    /usr/lib64/libpango-1.0.so.0.4200.3
7f140d554000-7f140d557000 r--p 00042000 fd:00 1054356                    /usr/lib64/libpango-1.0.so.0.4200.3
7f140d557000-7f140d558000 rw-p 00045000 fd:00 1054356                    /usr/lib64/libpango-1.0.so.0.4200.3
7f140d558000-7f140d688000 r-xp 00000000 fd:00 1054350                    /usr/lib64/libcairo.so.2.11512.0
7f140d688000-7f140d888000 ---p 00130000 fd:00 1054350                    /usr/lib64/libcairo.so.2.11512.0
7f140d888000-7f140d88b000 r--p 00130000 fd:00 1054350                    /usr/lib64/libcairo.so.2.11512.0
7f140d88b000-7f140d88d000 rw-p 00133000 fd:00 1054350                    /usr/lib64/libcairo.so.2.11512.0
7f140d88d000-7f140d88f000 rw-p 00000000 00:00 0 
7f140d88f000-7f140d89b000 r-xp 00000000 fd:00 1054358                    /usr/lib64/libpangocairo-1.0.so.0.4200.3
7f140d89b000-7f140da9b000 ---p 0000c000 fd:00 1054358                    /usr/lib64/libpangocairo-1.0.so.0.4200.3
7f140da9b000-7f140da9c000 r--p 0000c000 fd:00 1054358                    /usr/lib64/libpangocairo-1.0.so.0.4200.3
7f140da9c000-7f140da9d000 rw-p 0000d000 fd:00 1054358                    /usr/lib64/libpangocairo-1.0.so.0.4200.3
7f140da9d000-7f140dac3000 r-xp 00000000 fd:00 72177                      /usr/lib64/libgdk_pixbuf-2.0.so.0.3612.0
7f140dac3000-7f140dcc3000 ---p 00026000 fd:00 72177                      /usr/lib64/libgdk_pixbuf-2.0.so.0.3612.0
7f140dcc3000-7f140dcc4000 r--p 00026000 fd:00 72177                      /usr/lib64/libgdk_pixbuf-2.0.so.0.3612.0
7f140dcc4000-7f140dcc5000 rw-p 00027000 fd:00 72177                      /usr/lib64/libgdk_pixbuf-2.0.so.0.3612.0
7f140dcc5000-7f140dcd9000 r-xp 00000000 fd:00 1054360                    /usr/lib64/libpangoft2-1.0.so.0.4200.3
7f140dcd9000-7f140ded9000 ---p 00014000 fd:00 1054360                    /usr/lib64/libpangoft2-1.0.so.0.4200.3
7f140ded9000-7f140deda000 r--p 00014000 fd:00 1054360                    /usr/lib64/libpangoft2-1.0.so.0.4200.3
7f140deda000-7f140dedb000 rw-p 00000000 00:00 0 
7f140dedb000-7f140e070000 r-xp 00000000 fd:00 73712                      /usr/lib64/libgio-2.0.so.0.5600.1
7f140e070000-7f140e270000 ---p 00195000 fd:00 73712                      /usr/lib64/libgio-2.0.so.0.5600.1
7f140e270000-7f140e275000 r--p 00195000 fd:00 73712                      /usr/lib64/libgio-2.0.so.0.5600.1
7f140e275000-7f140e278000 rw-p 0019a000 fd:00 73712                      /usr/lib64/libgio-2.0.so.0.5600.1
7f140e278000-7f140e27a000 rw-p 00000000 00:00 0 
7f140e27a000-7f140e29d000 r-xp 00000000 fd:00 75396                      /usr/lib64/libatk-1.0.so.0.22810.1
7f140e29d000-7f140e49c000 ---p 00023000 fd:00 75396                      /usr/lib64/libatk-1.0.so.0.22810.1
7f140e49c000-7f140e49f000 r--p 00022000 fd:00 75396                      /usr/lib64/libatk-1.0.so.0.22810.1
7f140e49f000-7f140e4a0000 rw-p 00025000 fd:00 75396                      /usr/lib64/libatk-1.0.so.0.22810.1
7f140e4a0000-7f140e55c000 r-xp 00000000 fd:00 1067986                    /usr/lib64/libgdk-x11-2.0.so.0.2400.31
7f140e55c000-7f140e75b000 ---p 000bc000 fd:00 1067986                    /usr/lib64/libgdk-x11-2.0.so.0.2400.31
7f140e75b000-7f140e75f000 r--p 000bb000 fd:00 1067986                    /usr/lib64/libgdk-x11-2.0.so.0.2400.31
7f140e75f000-7f140e761000 rw-p 000bf000 fd:00 1067986                    /usr/lib64/libgdk-x11-2.0.so.0.2400.31
7f140e761000-7f140ebd6000 r-xp 00000000 fd:00 1067988                    /usr/lib64/libgtk-x11-2.0.so.0.2400.31
7f140ebd6000-7f140edd5000 ---p 00475000 fd:00 1067988                    /usr/lib64/libgtk-x11-2.0.so.0.2400.31
7f140edd5000-7f140eddc000 r--p 00474000 fd:00 1067988                    /usr/lib64/libgtk-x11-2.0.so.0.2400.31
7f140eddc000-7f140ede0000 rw-p 0047b000 fd:00 1067988                    /usr/lib64/libgtk-x11-2.0.so.0.2400.31
7f140ede0000-7f140ede3000 rw-p 00000000 00:00 0 
7f140ede3000-7f140edef000 r-xp 00000000 fd:00 34883185                   /usr/java/jdk1.8.0_191-amd64/jre/lib/amd64/libprism_es2.so
7f140edef000-7f140efee000 ---p 0000c000 fd:00 34883185                   /usr/java/jdk1.8.0_191-amd64/jre/lib/amd64/libprism_es2.so
7f140efee000-7f140efef000 r--p 0000b000 fd:00 34883185                   /usr/java/jdk1.8.0_191-amd64/jre/lib/amd64/libprism_es2.so
7f140efef000-7f140eff0000 rw-p 0000c000 fd:00 34883185                   /usr/java/jdk1.8.0_191-amd64/jre/lib/amd64/libprism_es2.so
7f140eff0000-7f140eff3000 ---p 00000000 00:00 0 
7f140eff3000-7f140f0f1000 rw-p 00000000 00:00 0 
7f140f0f1000-7f140f0f2000 ---p 00000000 00:00 0 
7f140f0f2000-7f140f1f2000 rw-p 00000000 00:00 0 
7f140f1f2000-7f140f1f5000 ---p 00000000 00:00 0 
7f140f1f5000-7f140f2f3000 rw-p 00000000 00:00 0 
7f140f2f3000-7f140f2f7000 ---p 00000000 00:00 0 
7f140f2f7000-7f140f3f4000 rw-p 00000000 00:00 0 
7f140f3f4000-7f140f3f8000 ---p 00000000 00:00 0 
7f140f3f8000-7f140f4f5000 rw-p 00000000 00:00 0 
7f140f4f5000-7f140f4f9000 ---p 00000000 00:00 0 
7f140f4f9000-7f140f5f6000 rw-p 00000000 00:00 0 
7f140f5f6000-7f140f5fa000 ---p 00000000 00:00 0 
7f140f5fa000-7f140f6f7000 rw-p 00000000 00:00 0 
7f140f6f7000-7f140f6fa000 ---p 00000000 00:00 0 
7f140f6fa000-7f140f7f8000 rw-p 00000000 00:00 0 
7f140f7f8000-7f140f7fb000 ---p 00000000 00:00 0 
7f140f7fb000-7f140f8f9000 rw-p 00000000 00:00 0 
7f140f8f9000-7f140f8fc000 ---p 00000000 00:00 0 
7f140f8fc000-7f140f9fa000 rw-p 00000000 00:00 0 
7f140f9fa000-7f140f9fb000 ---p 00000000 00:00 0 
7f140f9fb000-7f1410000000 rw-p 00000000 00:00 0 
7f1410000000-7f1410021000 rw-p 00000000 00:00 0 
7f1410021000-7f1414000000 ---p 00000000 00:00 0 
7f1414002000-7f1414003000 rw-p 00000000 00:00 0 
7f1414003000-7f1414009000 r--s 0003e000 fd:00 559970                     /usr/java/jdk1.8.0_191-amd64/jre/lib/jfr.jar
7f1414009000-7f141400b000 r--s 00000000 fd:00 33896919                   /usr/lib/fontconfig/cache/e264f4e0-802e-4f91-8603-62c8349e641d-le64.cache-7
7f141400b000-7f1414017000 r--s 00000000 fd:00 34243430                   /usr/lib/fontconfig/cache/27eb7955-d5f7-4cc2-8c8f-1629a0a6b767-le64.cache-7
7f1414017000-7f141401a000 r--s 00000000 fd:00 33896916                   /usr/lib/fontconfig/cache/eea60094-5eb1-417c-b11b-188172116acc-le64.cache-7
7f141401a000-7f141401c000 r--s 00000000 fd:00 33896915                   /usr/lib/fontconfig/cache/fb4006aa-47d2-4722-9268-04cc7526b62f-le64.cache-7
7f141401c000-7f141401e000 r--s 00000000 fd:00 33896914                   /usr/lib/fontconfig/cache/b4bf62c1-e14b-4831-82f6-8be807c5ed8d-le64.cache-7
7f141401e000-7f1414029000 r--s 00000000 fd:00 33896913                   /usr/lib/fontconfig/cache/a34187c3-155b-475d-bbd0-c1af449726d8-le64.cache-7
7f1414029000-7f141402b000 r--s 00000000 fd:00 33896911                   /usr/lib/fontconfig/cache/e188e741-3373-4bab-a3f6-abeca097ce7d-le64.cache-7
7f141402b000-7f141402e000 r--s 00000000 fd:00 33896910                   /usr/lib/fontconfig/cache/ec9e007e-658a-42d7-bfe4-78794ee9acfa-le64.cache-7
7f141402e000-7f141402f000 r--s 00000000 fd:00 33896909                   /usr/lib/fontconfig/cache/c20270c0-f3ca-4027-961d-3c5941d8add0-le64.cache-7
7f141402f000-7f1414030000 r--s 00000000 fd:00 33896908                   /usr/lib/fontconfig/cache/7d2d3c38-37f9-4f6d-8e6a-9b1e9072d443-le64.cache-7
7f1414030000-7f1414031000 r--s 00000000 fd:00 33896806                   /usr/lib/fontconfig/cache/0cf010fd-7b34-4481-99b1-6711e5de11cf-le64.cache-7
7f1414031000-7f1414032000 r--s 00000000 fd:00 33839075                   /usr/lib/fontconfig/cache/c40b206a-45e3-414b-9b60-9d016d16dda1-le64.cache-7
7f1414032000-7f1414035000 r--s 00000000 fd:00 33839074                   /usr/lib/fontconfig/cache/6f25b961-c99c-4bde-9d5d-54d48bdfbcbf-le64.cache-7
7f1414035000-7f1414036000 r--s 00000000 fd:00 33839073                   /usr/lib/fontconfig/cache/ad5f7ae4-d1b5-4021-bdc9-8332b64e26ad-le64.cache-7
7f1414036000-7f141403a000 r--s 00000000 fd:00 33839065                   /usr/lib/fontconfig/cache/3962ee71-ed11-4219-83de-184f46e1cefb-le64.cache-7
7f141403a000-7f141403b000 r--s 00000000 fd:00 34235640                   /usr/lib/fontconfig/cache/4f661dd0-28cf-44fd-9ba9-19e6996bb607-le64.cache-7
7f141403b000-7f141403f000 r--s 00000000 fd:00 34243455                   /usr/lib/fontconfig/cache/93c23501-79ba-411d-bf0c-ebae5472f03f-le64.cache-7
7f141403f000-7f1414042000 r--s 00000000 fd:00 34243454                   /usr/lib/fontconfig/cache/6ef13bd1-66f8-453e-a21b-4cd5fdd6096f-le64.cache-7
7f1414042000-7f1414043000 r--s 00000000 fd:00 34243453                   /usr/lib/fontconfig/cache/402f9752-abe9-4399-9a47-eb850a633a83-le64.cache-7
7f1414043000-7f1414044000 r--s 00000000 fd:00 34243452                   /usr/lib/fontconfig/cache/15b05ae0-3233-4c69-a8bf-1c8d8f2389b8-le64.cache-7
7f1414044000-7f1414045000 r--s 00000000 fd:00 34243451                   /usr/lib/fontconfig/cache/9828138a-2823-4fa2-985f-5b9562846157-le64.cache-7
7f1414045000-7f1414046000 r--s 00000000 fd:00 34243450                   /usr/lib/fontconfig/cache/62ce30e3-c636-4732-be91-9d4451d8c60f-le64.cache-7
7f1414046000-7f1414047000 r--s 00000000 fd:00 34243449                   /usr/lib/fontconfig/cache/2fdcfc24-37dd-44c5-a815-0235b3643950-le64.cache-7
7f1414047000-7f1414048000 r--s 00000000 fd:00 34243448                   /usr/lib/fontconfig/cache/6fc7136a-9d6a-4264-980e-ec590d3f6109-le64.cache-7
7f1414048000-7f1414049000 r--s 00000000 fd:00 34243447                   /usr/lib/fontconfig/cache/fe8392d3-57f2-4818-96f5-fa0d944a67e8-le64.cache-7
7f1414049000-7f141404a000 r--s 00000000 fd:00 34243446                   /usr/lib/fontconfig/cache/1f1556cc-5fc8-476d-9122-0abdbf25de3f-le64.cache-7
7f141404a000-7f141404b000 r--s 00000000 fd:00 34243444                   /usr/lib/fontconfig/cache/c213e4ba-231e-4b88-bf75-a0c1040f7139-le64.cache-7
7f141404b000-7f141404c000 r--s 00000000 fd:00 34243443                   /usr/lib/fontconfig/cache/0115039f-08aa-4524-b0b4-3d145df173ce-le64.cache-7
7f141404c000-7f141404d000 r--s 00000000 fd:00 34243442                   /usr/lib/fontconfig/cache/1122e3be-ad35-4d87-8165-c2ccbb8661c6-le64.cache-7
7f141404d000-7f141404e000 r--s 00000000 fd:00 34243440                   /usr/lib/fontconfig/cache/4d89ac15-b64e-41c5-b6b7-51b0dbafc872-le64.cache-7
7f141404e000-7f1414055000 r--s 00000000 fd:00 34243437                   /usr/lib/fontconfig/cache/0407bc89-1448-460b-b354-f90a56949c4e-le64.cache-7
7f1414055000-7f14140ea000 r--s 007c0000 fd:00 559939                     /usr/java/jdk1.8.0_191-amd64/jre/lib/ext/jfxrt.jar
7f14140ea000-7f1415000000 rw-p 00000000 00:00 0 
7f1415000000-7f14156a0000 rwxp 00000000 00:00 0 
7f14156a0000-7f1424000000 ---p 00000000 00:00 0 
7f1424000000-7f14244c1000 rw-p 00000000 00:00 0 
7f14244c1000-7f1428000000 ---p 00000000 00:00 0 
7f1428000000-7f1428001000 r--s 00000000 fd:00 34243439                   /usr/lib/fontconfig/cache/717cd4ef-194c-4d80-9ff7-e16e0aa43750-le64.cache-7
7f1428001000-7f1428009000 r--s 00000000 fd:00 34243431                   /usr/lib/fontconfig/cache/a09956e4-0176-4552-9857-5df7e58f9e12-le64.cache-7
7f1428009000-7f1428014000 r--s 00000000 fd:00 33896921                   /usr/lib/fontconfig/cache/f31382b8-ee6e-4fae-b2e3-abe0069c182e-le64.cache-7
7f1428014000-7f142888c000 rw-p 00000000 00:00 0 
7f142888c000-7f1428a66000 r--s 03d24000 fd:00 558503                     /usr/java/jdk1.8.0_191-amd64/jre/lib/rt.jar
7f1428a66000-7f1429a98000 rw-p 00000000 00:00 0 
7f1429a98000-7f1429a99000 ---p 00000000 00:00 0 
7f1429a99000-7f1429b99000 rw-p 00000000 00:00 0 
7f1429b99000-7f1429b9a000 ---p 00000000 00:00 0 
7f1429b9a000-7f1429c9a000 rw-p 00000000 00:00 0 
7f1429c9a000-7f1429c9b000 ---p 00000000 00:00 0 
7f1429c9b000-7f1429d9b000 rw-p 00000000 00:00 0 
7f1429d9b000-7f1429d9c000 ---p 00000000 00:00 0 
7f1429d9c000-7f1429e9c000 rw-p 00000000 00:00 0 
7f1429e9c000-7f1429e9d000 ---p 00000000 00:00 0 
7f1429e9d000-7f1429f9d000 rw-p 00000000 00:00 0 
7f1429f9d000-7f1429f9e000 ---p 00000000 00:00 0 
7f1429f9e000-7f142a09e000 rw-p 00000000 00:00 0 
7f142a09e000-7f142a09f000 ---p 00000000 00:00 0 
7f142a09f000-7f142a19f000 rw-p 00000000 00:00 0 
7f142a19f000-7f142a1a0000 ---p 00000000 00:00 0 
7f142a1a0000-7f142a2f3000 rw-p 00000000 00:00 0 
7f142a2f3000-7f142a7c8000 ---p 00000000 00:00 0 
7f142a7c8000-7f142a81b000 rw-p 00000000 00:00 0 
7f142a81b000-7f142acf0000 ---p 00000000 00:00 0 
7f142acf0000-7f142ad00000 rw-p 00000000 00:00 0 
7f142ad00000-7f142af84000 ---p 00000000 00:00 0 
7f142af84000-7f142afa0000 rw-p 00000000 00:00 0 
7f142afa0000-7f142b345000 ---p 00000000 00:00 0 
7f142b345000-7f142b35f000 r-xp 00000000 fd:00 34883551                   /usr/java/jdk1.8.0_191-amd64/jre/lib/amd64/libzip.so
7f142b35f000-7f142b55f000 ---p 0001a000 fd:00 34883551                   /usr/java/jdk1.8.0_191-amd64/jre/lib/amd64/libzip.so
7f142b55f000-7f142b560000 r--p 0001a000 fd:00 34883551                   /usr/java/jdk1.8.0_191-amd64/jre/lib/amd64/libzip.so
7f142b560000-7f142b561000 rw-p 0001b000 fd:00 34883551                   /usr/java/jdk1.8.0_191-amd64/jre/lib/amd64/libzip.so
7f142b561000-7f142b56d000 r-xp 00000000 fd:00 73304                      /usr/lib64/libnss_files-2.17.so
7f142b56d000-7f142b76c000 ---p 0000c000 fd:00 73304                      /usr/lib64/libnss_files-2.17.so
7f142b76c000-7f142b76d000 r--p 0000b000 fd:00 73304                      /usr/lib64/libnss_files-2.17.so
7f142b76d000-7f142b76e000 rw-p 0000c000 fd:00 73304                      /usr/lib64/libnss_files-2.17.so
7f142b76e000-7f142b774000 rw-p 00000000 00:00 0 
7f142b774000-7f142b7a1000 r-xp 00000000 fd:00 34878921                   /usr/java/jdk1.8.0_191-amd64/jre/lib/amd64/libjava.so
7f142b7a1000-7f142b9a0000 ---p 0002d000 fd:00 34878921                   /usr/java/jdk1.8.0_191-amd64/jre/lib/amd64/libjava.so
7f142b9a0000-7f142b9a1000 r--p 0002c000 fd:00 34878921                   /usr/java/jdk1.8.0_191-amd64/jre/lib/amd64/libjava.so
7f142b9a1000-7f142b9a3000 rw-p 0002d000 fd:00 34878921                   /usr/java/jdk1.8.0_191-amd64/jre/lib/amd64/libjava.so
7f142b9a3000-7f142b9b0000 r-xp 00000000 fd:00 34883550                   /usr/java/jdk1.8.0_191-amd64/jre/lib/amd64/libverify.so
7f142b9b0000-7f142bbaf000 ---p 0000d000 fd:00 34883550                   /usr/java/jdk1.8.0_191-amd64/jre/lib/amd64/libverify.so
7f142bbaf000-7f142bbb1000 r--p 0000c000 fd:00 34883550                   /usr/java/jdk1.8.0_191-amd64/jre/lib/amd64/libverify.so
7f142bbb1000-7f142bbb2000 rw-p 0000e000 fd:00 34883550                   /usr/java/jdk1.8.0_191-amd64/jre/lib/amd64/libverify.so
7f142bbb2000-7f142bbb9000 r-xp 00000000 fd:00 73320                      /usr/lib64/librt-2.17.so
7f142bbb9000-7f142bdb8000 ---p 00007000 fd:00 73320                      /usr/lib64/librt-2.17.so
7f142bdb8000-7f142bdb9000 r--p 00006000 fd:00 73320                      /usr/lib64/librt-2.17.so
7f142bdb9000-7f142bdba000 rw-p 00007000 fd:00 73320                      /usr/lib64/librt-2.17.so
7f142bdba000-7f142bebb000 r-xp 00000000 fd:00 72962                      /usr/lib64/libm-2.17.so
7f142bebb000-7f142c0ba000 ---p 00101000 fd:00 72962                      /usr/lib64/libm-2.17.so
7f142c0ba000-7f142c0bb000 r--p 00100000 fd:00 72962                      /usr/lib64/libm-2.17.so
7f142c0bb000-7f142c0bc000 rw-p 00101000 fd:00 72962                      /usr/lib64/libm-2.17.so
7f142c0bc000-7f142cd9e000 r-xp 00000000 fd:00 103487619                  /usr/java/jdk1.8.0_191-amd64/jre/lib/amd64/server/libjvm.so
7f142cd9e000-7f142cf9e000 ---p 00ce2000 fd:00 103487619                  /usr/java/jdk1.8.0_191-amd64/jre/lib/amd64/server/libjvm.so
7f142cf9e000-7f142d034000 r--p 00ce2000 fd:00 103487619                  /usr/java/jdk1.8.0_191-amd64/jre/lib/amd64/server/libjvm.so
7f142d034000-7f142d065000 rw-p 00d78000 fd:00 103487619                  /usr/java/jdk1.8.0_191-amd64/jre/lib/amd64/server/libjvm.so
7f142d065000-7f142d0a0000 rw-p 00000000 00:00 0 
7f142d0a0000-7f142d262000 r-xp 00000000 fd:00 38458                      /usr/lib64/libc-2.17.so
7f142d262000-7f142d462000 ---p 001c2000 fd:00 38458                      /usr/lib64/libc-2.17.so
7f142d462000-7f142d466000 r--p 001c2000 fd:00 38458                      /usr/lib64/libc-2.17.so
7f142d466000-7f142d468000 rw-p 001c6000 fd:00 38458                      /usr/lib64/libc-2.17.so
7f142d468000-7f142d46d000 rw-p 00000000 00:00 0 
7f142d46d000-7f142d46f000 r-xp 00000000 fd:00 72960                      /usr/lib64/libdl-2.17.so
7f142d46f000-7f142d66f000 ---p 00002000 fd:00 72960                      /usr/lib64/libdl-2.17.so
7f142d66f000-7f142d670000 r--p 00002000 fd:00 72960                      /usr/lib64/libdl-2.17.so
7f142d670000-7f142d671000 rw-p 00003000 fd:00 72960                      /usr/lib64/libdl-2.17.so
7f142d671000-7f142d688000 r-xp 00000000 fd:00 67898963                   /usr/java/jdk1.8.0_191-amd64/jre/lib/amd64/jli/libjli.so
7f142d688000-7f142d887000 ---p 00017000 fd:00 67898963                   /usr/java/jdk1.8.0_191-amd64/jre/lib/amd64/jli/libjli.so
7f142d887000-7f142d888000 r--p 00016000 fd:00 67898963                   /usr/java/jdk1.8.0_191-amd64/jre/lib/amd64/jli/libjli.so
7f142d888000-7f142d889000 rw-p 00017000 fd:00 67898963                   /usr/java/jdk1.8.0_191-amd64/jre/lib/amd64/jli/libjli.so
7f142d889000-7f142d8a0000 r-xp 00000000 fd:00 73313                      /usr/lib64/libpthread-2.17.so
7f142d8a0000-7f142da9f000 ---p 00017000 fd:00 73313                      /usr/lib64/libpthread-2.17.so
7f142da9f000-7f142daa0000 r--p 00016000 fd:00 73313                      /usr/lib64/libpthread-2.17.so
7f142daa0000-7f142daa1000 rw-p 00017000 fd:00 73313                      /usr/lib64/libpthread-2.17.so
7f142daa1000-7f142daa5000 rw-p 00000000 00:00 0 
7f142daa5000-7f142dac7000 r-xp 00000000 fd:00 38448                      /usr/lib64/ld-2.17.so
7f142dac7000-7f142dac8000 r--s 00000000 fd:00 34243438                   /usr/lib/fontconfig/cache/1382bb87-4aef-4fd2-9d87-423a768e6112-le64.cache-7
7f142dac8000-7f142daca000 r--s 00000000 fd:00 34243436                   /usr/lib/fontconfig/cache/0ed30eb2-2b0a-4e93-a1b3-889bb221dc47-le64.cache-7
7f142daca000-7f142dacb000 r--s 00000000 fd:00 34243435                   /usr/lib/fontconfig/cache/39414942-9647-4cf4-a666-d036d9c656ec-le64.cache-7
7f142dacb000-7f142dacc000 r--s 00000000 fd:00 34235641                   /usr/lib/fontconfig/cache/e08b2082-a32e-445b-b184-6f771fb54785-le64.cache-7
7f142dacc000-7f142dace000 r--s 00000000 fd:00 34243434                   /usr/lib/fontconfig/cache/f3fd3503-3ff4-490e-b561-a66b8316c7bb-le64.cache-7
7f142dace000-7f142dad6000 r--s 00000000 fd:00 34243428                   /usr/lib/fontconfig/cache/7de8d456-8a60-4704-9b1e-5239148f67e3-le64.cache-7
7f142dad6000-7f142dba7000 rw-p 00000000 00:00 0 
7f142dba7000-7f142dbab000 ---p 00000000 00:00 0 
7f142dbab000-7f142dcac000 rw-p 00000000 00:00 0 
7f142dcac000-7f142dcae000 r--s 00000000 fd:00 34243433                   /usr/lib/fontconfig/cache/bafae843-d108-49e9-80ae-510f6935dcdb-le64.cache-7
7f142dcae000-7f142dcaf000 r--s 00000000 fd:00 34243593                   /usr/lib/fontconfig/cache/be9c8c7f-f50e-45af-ac97-22346a3792fe-le64.cache-7
7f142dcaf000-7f142dcb1000 r--s 00000000 fd:00 34243426                   /usr/lib/fontconfig/cache/b362f76d-decb-4d57-aee5-bffbc810f60f-le64.cache-7
7f142dcb1000-7f142dcb2000 r--s 00000000 fd:00 33735925                   /usr/lib/fontconfig/cache/d8424749-0ddc-426c-bc31-1977547deaee-le64.cache-7
7f142dcb2000-7f142dcb7000 r--s 00000000 fd:00 33896918                   /usr/lib/fontconfig/cache/ce53486f-2d57-4f3b-837b-5063c8981e22-le64.cache-7
7f142dcb7000-7f142dcb8000 rw-s 00000000 00:04 2432929                    /memfd:xshmfence (deleted)
7f142dcb8000-7f142dcb9000 rwxp 00000000 00:00 0 
7f142dcb9000-7f142dcba000 rw-s 1223f3000 00:05 10233                     /dev/dri/card0
7f142dcba000-7f142dcbb000 r--s 00047000 fd:00 1764734                    /home/abahaa/NetBeansProjects/Super_XO2/dist/Super_XO.jar
7f142dcbb000-7f142dcc3000 rw-s 00000000 fd:00 67932184                   /tmp/hsperfdata_abahaa/7668
7f142dcc3000-7f142dcc4000 rw-p 00000000 00:00 0 
7f142dcc4000-7f142dcc5000 r--p 00000000 00:00 0 
7f142dcc5000-7f142dcc6000 rw-p 00000000 00:00 0 
7f142dcc6000-7f142dcc7000 r--p 00021000 fd:00 38448                      /usr/lib64/ld-2.17.so
7f142dcc7000-7f142dcc8000 rw-p 00022000 fd:00 38448                      /usr/lib64/ld-2.17.so
7f142dcc8000-7f142dcc9000 rw-p 00000000 00:00 0 
7ffe6af66000-7ffe6af87000 rw-p 00000000 00:00 0                          [stack]
7ffe6af8a000-7ffe6af8c000 r-xp 00000000 00:00 0                          [vdso]
ffffffffff600000-ffffffffff601000 r-xp 00000000 00:00 0                  [vsyscall]

VM Arguments:
jvm_args: -Dfile.encoding=UTF-8 
java_command: client.Client
java_class_path (initial): /home/abahaa/NetBeansProjects/Super_XO2/dist/Super_XO.jar:/usr/java/jdk1.8.0_191-amd64/jre/lib/javaws.jar:/usr/java/jdk1.8.0_191-amd64/jre/lib/deploy.jar:/usr/java/jdk1.8.0_191-amd64/jre/lib/plugin.jar:/home/abahaa/netbeans-8.2/ide/modules/ext/mysql-connector-java-5.1.23-bin.jar:/home/abahaa/NetBeansProjects/Super_XO2/build/classes
Launcher Type: SUN_STANDARD

Environment Variables:
PATH=/usr/local/bin:/usr/local/sbin:/usr/bin:/usr/sbin:/bin:/sbin:/home/abahaa/.local/bin:/home/abahaa/bin
USERNAME=abahaa
LD_LIBRARY_PATH=/usr/java/jdk1.8.0_191-amd64/jre/lib/amd64:/usr/java/jdk1.8.0_191-amd64/jre/lib/i386:
SHELL=/bin/bash
DISPLAY=:0

Signal Handlers:
SIGSEGV: [libjvm.so+0xaced60], sa_mask[0]=11111111011111111101111111111110, sa_flags=SA_RESTART|SA_SIGINFO
SIGBUS: [libjvm.so+0xaced60], sa_mask[0]=11111111011111111101111111111110, sa_flags=SA_RESTART|SA_SIGINFO
SIGFPE: [libjvm.so+0x907ca0], sa_mask[0]=11111111011111111101111111111110, sa_flags=SA_RESTART|SA_SIGINFO
SIGPIPE: SIG_IGN, sa_mask[0]=00000000000010000000000000000000, sa_flags=SA_RESTART
SIGXFSZ: [libjvm.so+0x907ca0], sa_mask[0]=11111111011111111101111111111110, sa_flags=SA_RESTART|SA_SIGINFO
SIGILL: [libjvm.so+0x907ca0], sa_mask[0]=11111111011111111101111111111110, sa_flags=SA_RESTART|SA_SIGINFO
SIGUSR1: SIG_DFL, sa_mask[0]=00000000000000000000000000000000, sa_flags=none
SIGUSR2: [libjvm.so+0x907b70], sa_mask[0]=00100000000000000000000000000000, sa_flags=SA_RESTART|SA_SIGINFO
SIGHUP: [libjvm.so+0x908190], sa_mask[0]=11111111011111111101111111111110, sa_flags=SA_RESTART|SA_SIGINFO
SIGINT: SIG_IGN, sa_mask[0]=00000000000000000000000000000000, sa_flags=none
SIGTERM: [libjvm.so+0x908190], sa_mask[0]=11111111011111111101111111111110, sa_flags=SA_RESTART|SA_SIGINFO
SIGQUIT: [libjvm.so+0x908190], sa_mask[0]=11111111011111111101111111111110, sa_flags=SA_RESTART|SA_SIGINFO


---------------  S Y S T E M  ---------------

OS:CentOS Linux release 7.6.1810 (Core) 

uname:Linux 3.10.0-957.5.1.el7.x86_64 #1 SMP Fri Feb 1 14:54:57 UTC 2019 x86_64
libc:glibc 2.17 NPTL 2.17 
rlimit: STACK 8192k, CORE 0k, NPROC 4096, NOFILE 4096, AS infinity
load average:3.46 2.41 1.40

/proc/meminfo:
MemTotal:       16218108 kB
MemFree:         8116844 kB
MemAvailable:   10297728 kB
Buffers:            3332 kB
Cached:          2459572 kB
SwapCached:            0 kB
Active:          6118472 kB
Inactive:        1239104 kB
Active(anon):    4904316 kB
Inactive(anon):    96972 kB
Active(file):    1214156 kB
Inactive(file):  1142132 kB
Unevictable:         396 kB
Mlocked:             396 kB
SwapTotal:       5242876 kB
SwapFree:        5242876 kB
Dirty:              3068 kB
Writeback:             0 kB
AnonPages:       4895104 kB
Mapped:           384752 kB
Shmem:            106580 kB
Slab:             268972 kB
SReclaimable:     164804 kB
SUnreclaim:       104168 kB
KernelStack:       19792 kB
PageTables:        84912 kB
NFS_Unstable:          0 kB
Bounce:                0 kB
WritebackTmp:          0 kB
CommitLimit:    13351928 kB
Committed_AS:   15670388 kB
VmallocTotal:   34359738367 kB
VmallocUsed:      205436 kB
VmallocChunk:   34359339004 kB
HardwareCorrupted:     0 kB
AnonHugePages:   1744896 kB
CmaTotal:              0 kB
CmaFree:               0 kB
HugePages_Total:       0
HugePages_Free:        0
HugePages_Rsvd:        0
HugePages_Surp:        0
Hugepagesize:       2048 kB
DirectMap4k:      257304 kB
DirectMap2M:     7034880 kB
DirectMap1G:     9437184 kB

container (cgroup) information:
container_type: cgroupv1
cpu_cpuset_cpus: 0-7
cpu_memory_nodes: 0
active_processor_count: 8
cpu_quota: -1
cpu_period: 100000
cpu_shares: -1
memory_limit_in_bytes: -1
memory_and_swap_limit_in_bytes: -1
memory_soft_limit_in_bytes: -1
memory_usage_in_bytes: 7534792704
memory_max_usage_in_bytes: 0


CPU:total 8 (initial active 8) (4 cores per cpu, 2 threads per core) family 6 model 158 stepping 9, cmov, cx8, fxsr, mmx, sse, sse2, sse3, ssse3, sse4.1, sse4.2, popcnt, avx, avx2, aes, clmul, erms, 3dnowpref, lzcnt, ht, tsc, tscinvbit, bmi1, bmi2, adx

/proc/cpuinfo:
processor	: 0
vendor_id	: GenuineIntel
cpu family	: 6
model		: 158
model name	: Intel(R) Core(TM) i7-7700HQ CPU @ 2.80GHz
stepping	: 9
microcode	: 0x8e
cpu MHz		: 3018.237
cache size	: 6144 KB
physical id	: 0
siblings	: 8
core id		: 0
cpu cores	: 4
apicid		: 0
initial apicid	: 0
fpu		: yes
fpu_exception	: yes
cpuid level	: 22
wp		: yes
flags		: fpu vme de pse tsc msr pae mce cx8 apic sep mtrr pge mca cmov pat pse36 clflush dts acpi mmx fxsr sse sse2 ss ht tm pbe syscall nx pdpe1gb rdtscp lm constant_tsc art arch_perfmon pebs bts rep_good nopl xtopology nonstop_tsc aperfmperf eagerfpu pni pclmulqdq dtes64 monitor ds_cpl vmx est tm2 ssse3 sdbg fma cx16 xtpr pdcm pcid sse4_1 sse4_2 x2apic movbe popcnt tsc_deadline_timer aes xsave avx f16c rdrand lahf_lm abm 3dnowprefetch epb intel_pt ssbd ibrs ibpb stibp tpr_shadow vnmi flexpriority ept vpid fsgsbase tsc_adjust bmi1 avx2 smep bmi2 erms invpcid mpx rdseed adx smap clflushopt xsaveopt xsavec xgetbv1 dtherm ida arat pln pts hwp hwp_notify hwp_act_window hwp_epp spec_ctrl intel_stibp flush_l1d
bogomips	: 5616.00
clflush size	: 64
cache_alignment	: 64
address sizes	: 39 bits physical, 48 bits virtual
power management:

processor	: 1
vendor_id	: GenuineIntel
cpu family	: 6
model		: 158
model name	: Intel(R) Core(TM) i7-7700HQ CPU @ 2.80GHz
stepping	: 9
microcode	: 0x8e
cpu MHz		: 3007.641
cache size	: 6144 KB
physical id	: 0
siblings	: 8
core id		: 1
cpu cores	: 4
apicid		: 2
initial apicid	: 2
fpu		: yes
fpu_exception	: yes
cpuid level	: 22
wp		: yes
flags		: fpu vme de pse tsc msr pae mce cx8 apic sep mtrr pge mca cmov pat pse36 clflush dts acpi mmx fxsr sse sse2 ss ht tm pbe syscall nx pdpe1gb rdtscp lm constant_tsc art arch_perfmon pebs bts rep_good nopl xtopology nonstop_tsc aperfmperf eagerfpu pni pclmulqdq dtes64 monitor ds_cpl vmx est tm2 ssse3 sdbg fma cx16 xtpr pdcm pcid sse4_1 sse4_2 x2apic movbe popcnt tsc_deadline_timer aes xsave avx f16c rdrand lahf_lm abm 3dnowprefetch epb intel_pt ssbd ibrs ibpb stibp tpr_shadow vnmi flexpriority ept vpid fsgsbase tsc_adjust bmi1 avx2 smep bmi2 erms invpcid mpx rdseed adx smap clflushopt xsaveopt xsavec xgetbv1 dtherm ida arat pln pts hwp hwp_notify hwp_act_window hwp_epp spec_ctrl intel_stibp flush_l1d
bogomips	: 5616.00
clflush size	: 64
cache_alignment	: 64
address sizes	: 39 bits physical, 48 bits virtual
power management:

processor	: 2
vendor_id	: GenuineIntel
cpu family	: 6
model		: 158
model name	: Intel(R) Core(TM) i7-7700HQ CPU @ 2.80GHz
stepping	: 9
microcode	: 0x8e
cpu MHz		: 3018.579
cache size	: 6144 KB
physical id	: 0
siblings	: 8
core id		: 2
cpu cores	: 4
apicid		: 4
initial apicid	: 4
fpu		: yes
fpu_exception	: yes
cpuid level	: 22
wp		: yes
flags		: fpu vme de pse tsc msr pae mce cx8 apic sep mtrr pge mca cmov pat pse36 clflush dts acpi mmx fxsr sse sse2 ss ht tm pbe syscall nx pdpe1gb rdtscp lm constant_tsc art arch_perfmon pebs bts rep_good nopl xtopology nonstop_tsc aperfmperf eagerfpu pni pclmulqdq dtes64 monitor ds_cpl vmx est tm2 ssse3 sdbg fma cx16 xtpr pdcm pcid sse4_1 sse4_2 x2apic movbe popcnt tsc_deadline_timer aes xsave avx f16c rdrand lahf_lm abm 3dnowprefetch epb intel_pt ssbd ibrs ibpb stibp tpr_shadow vnmi flexpriority ept vpid fsgsbase tsc_adjust bmi1 avx2 smep bmi2 erms invpcid mpx rdseed adx smap clflushopt xsaveopt xsavec xgetbv1 dtherm ida arat pln pts hwp hwp_notify hwp_act_window hwp_epp spec_ctrl intel_stibp flush_l1d
bogomips	: 5616.00
clflush size	: 64
cache_alignment	: 64
address sizes	: 39 bits physical, 48 bits virtual
power management:

processor	: 3
vendor_id	: GenuineIntel
cpu family	: 6
model		: 158
model name	: Intel(R) Core(TM) i7-7700HQ CPU @ 2.80GHz
stepping	: 9
microcode	: 0x8e
cpu MHz		: 3010.546
cache size	: 6144 KB
physical id	: 0
siblings	: 8
core id		: 3
cpu cores	: 4
apicid		: 6
initial apicid	: 6
fpu		: yes
fpu_exception	: yes
cpuid level	: 22
wp		: yes
flags		: fpu vme de pse tsc msr pae mce cx8 apic sep mtrr pge mca cmov pat pse36 clflush dts acpi mmx fxsr sse sse2 ss ht tm pbe syscall nx pdpe1gb rdtscp lm constant_tsc art arch_perfmon pebs bts rep_good nopl xtopology nonstop_tsc aperfmperf eagerfpu pni pclmulqdq dtes64 monitor ds_cpl vmx est tm2 ssse3 sdbg fma cx16 xtpr pdcm pcid sse4_1 sse4_2 x2apic movbe popcnt tsc_deadline_timer aes xsave avx f16c rdrand lahf_lm abm 3dnowprefetch epb intel_pt ssbd ibrs ibpb stibp tpr_shadow vnmi flexpriority ept vpid fsgsbase tsc_adjust bmi1 avx2 smep bmi2 erms invpcid mpx rdseed adx smap clflushopt xsaveopt xsavec xgetbv1 dtherm ida arat pln pts hwp hwp_notify hwp_act_window hwp_epp spec_ctrl intel_stibp flush_l1d
bogomips	: 5616.00
clflush size	: 64
cache_alignment	: 64
address sizes	: 39 bits physical, 48 bits virtual
power management:

processor	: 4
vendor_id	: GenuineIntel
cpu family	: 6
model		: 158
model name	: Intel(R) Core(TM) i7-7700HQ CPU @ 2.80GHz
stepping	: 9
microcode	: 0x8e
cpu MHz		: 3002.343
cache size	: 6144 KB
physical id	: 0
siblings	: 8
core id		: 0
cpu cores	: 4
apicid		: 1
initial apicid	: 1
fpu		: yes
fpu_exception	: yes
cpuid level	: 22
wp		: yes
flags		: fpu vme de pse tsc msr pae mce cx8 apic sep mtrr pge mca cmov pat pse36 clflush dts acpi mmx fxsr sse sse2 ss ht tm pbe syscall nx pdpe1gb rdtscp lm constant_tsc art arch_perfmon pebs bts rep_good nopl xtopology nonstop_tsc aperfmperf eagerfpu pni pclmulqdq dtes64 monitor ds_cpl vmx est tm2 ssse3 sdbg fma cx16 xtpr pdcm pcid sse4_1 sse4_2 x2apic movbe popcnt tsc_deadline_timer aes xsave avx f16c rdrand lahf_lm abm 3dnowprefetch epb intel_pt ssbd ibrs ibpb stibp tpr_shadow vnmi flexpriority ept vpid fsgsbase tsc_adjust bmi1 avx2 smep bmi2 erms invpcid mpx rdseed adx smap clflushopt xsaveopt xsavec xgetbv1 dtherm ida arat pln pts hwp hwp_notify hwp_act_window hwp_epp spec_ctrl intel_stibp flush_l1d
bogomips	: 5616.00
clflush size	: 64
cache_alignment	: 64
address sizes	: 39 bits physical, 48 bits virtual
power management:

processor	: 5
vendor_id	: GenuineIntel
cpu family	: 6
model		: 158
model name	: Intel(R) Core(TM) i7-7700HQ CPU @ 2.80GHz
stepping	: 9
microcode	: 0x8e
cpu MHz		: 3046.777
cache size	: 6144 KB
physical id	: 0
siblings	: 8
core id		: 1
cpu cores	: 4
apicid		: 3
initial apicid	: 3
fpu		: yes
fpu_exception	: yes
cpuid level	: 22
wp		: yes
flags		: fpu vme de pse tsc msr pae mce cx8 apic sep mtrr pge mca cmov pat pse36 clflush dts acpi mmx fxsr sse sse2 ss ht tm pbe syscall nx pdpe1gb rdtscp lm constant_tsc art arch_perfmon pebs bts rep_good nopl xtopology nonstop_tsc aperfmperf eagerfpu pni pclmulqdq dtes64 monitor ds_cpl vmx est tm2 ssse3 sdbg fma cx16 xtpr pdcm pcid sse4_1 sse4_2 x2apic movbe popcnt tsc_deadline_timer aes xsave avx f16c rdrand lahf_lm abm 3dnowprefetch epb intel_pt ssbd ibrs ibpb stibp tpr_shadow vnmi flexpriority ept vpid fsgsbase tsc_adjust bmi1 avx2 smep bmi2 erms invpcid mpx rdseed adx smap clflushopt xsaveopt xsavec xgetbv1 dtherm ida arat pln pts hwp hwp_notify hwp_act_window hwp_epp spec_ctrl intel_stibp flush_l1d
bogomips	: 5616.00
clflush size	: 64
cache_alignment	: 64
address sizes	: 39 bits physical, 48 bits virtual
power management:

processor	: 6
vendor_id	: GenuineIntel
cpu family	: 6
model		: 158
model name	: Intel(R) Core(TM) i7-7700HQ CPU @ 2.80GHz
stepping	: 9
microcode	: 0x8e
cpu MHz		: 3026.098
cache size	: 6144 KB
physical id	: 0
siblings	: 8
core id		: 2
cpu cores	: 4
apicid		: 5
initial apicid	: 5
fpu		: yes
fpu_exception	: yes
cpuid level	: 22
wp		: yes
flags		: fpu vme de pse tsc msr pae mce cx8 apic sep mtrr pge mca cmov pat pse36 clflush dts acpi mmx fxsr sse sse2 ss ht tm pbe syscall nx pdpe1gb rdtscp lm constant_tsc art arch_perfmon pebs bts rep_good nopl xtopology nonstop_tsc aperfmperf eagerfpu pni pclmulqdq dtes64 monitor ds_cpl vmx est tm2 ssse3 sdbg fma cx16 xtpr pdcm pcid sse4_1 sse4_2 x2apic movbe popcnt tsc_deadline_timer aes xsave avx f16c rdrand lahf_lm abm 3dnowprefetch epb intel_pt ssbd ibrs ibpb stibp tpr_shadow vnmi flexpriority ept vpid fsgsbase tsc_adjust bmi1 avx2 smep bmi2 erms invpcid mpx rdseed adx smap clflushopt xsaveopt xsavec xgetbv1 dtherm ida arat pln pts hwp hwp_notify hwp_act_window hwp_epp spec_ctrl intel_stibp flush_l1d
bogomips	: 5616.00
clflush size	: 64
cache_alignment	: 64
address sizes	: 39 bits physical, 48 bits virtual
power management:

processor	: 7
vendor_id	: GenuineIntel
cpu family	: 6
model		: 158
model name	: Intel(R) Core(TM) i7-7700HQ CPU @ 2.80GHz
stepping	: 9
microcode	: 0x8e
cpu MHz		: 3028.491
cache size	: 6144 KB
physical id	: 0
siblings	: 8
core id		: 3
cpu cores	: 4
apicid		: 7
initial apicid	: 7
fpu		: yes
fpu_exception	: yes
cpuid level	: 22
wp		: yes
flags		: fpu vme de pse tsc msr pae mce cx8 apic sep mtrr pge mca cmov pat pse36 clflush dts acpi mmx fxsr sse sse2 ss ht tm pbe syscall nx pdpe1gb rdtscp lm constant_tsc art arch_perfmon pebs bts rep_good nopl xtopology nonstop_tsc aperfmperf eagerfpu pni pclmulqdq dtes64 monitor ds_cpl vmx est tm2 ssse3 sdbg fma cx16 xtpr pdcm pcid sse4_1 sse4_2 x2apic movbe popcnt tsc_deadline_timer aes xsave avx f16c rdrand lahf_lm abm 3dnowprefetch epb intel_pt ssbd ibrs ibpb stibp tpr_shadow vnmi flexpriority ept vpid fsgsbase tsc_adjust bmi1 avx2 smep bmi2 erms invpcid mpx rdseed adx smap clflushopt xsaveopt xsavec xgetbv1 dtherm ida arat pln pts hwp hwp_notify hwp_act_window hwp_epp spec_ctrl intel_stibp flush_l1d
bogomips	: 5616.00
clflush size	: 64
cache_alignment	: 64
address sizes	: 39 bits physical, 48 bits virtual
power management:



Memory: 4k page, physical 16218108k(8116844k free), swap 5242876k(5242876k free)

vm_info: Java HotSpot(TM) 64-Bit Server VM (25.191-b12) for linux-amd64 JRE (1.8.0_191-b12), built on Oct  6 2018 05:43:09 by "java_re" with gcc 7.3.0

time: Thu Feb 14 12:22:59 2019
elapsed time: 297 seconds (0d 0h 4m 57s)

