#
# A fatal error has been detected by the Java Runtime Environment:
#
#  SIGSEGV (0xb) at pc=0x00007f9748432290, pid=4858, tid=0x00007f9706752700
#
# JRE version: Java(TM) SE Runtime Environment (8.0_191-b12) (build 1.8.0_191-b12)
# Java VM: Java HotSpot(TM) 64-Bit Server VM (25.191-b12 mixed mode linux-amd64 compressed oops)
# Problematic frame:
# C  [libc.so.6+0x156290]  __memcpy_ssse3_back+0x25e0
#
# Failed to write core dump. Core dumps have been disabled. To enable core dumping, try "ulimit -c unlimited" before starting Java again
#
# If you would like to submit a bug report, please visit:
#   http://bugreport.java.com/bugreport/crash.jsp
# The crash happened outside the Java Virtual Machine in native code.
# See problematic frame for where to report the bug.
#

---------------  T H R E A D  ---------------

Current thread (0x00007f9740248000):  JavaThread "QuantumRenderer-0" daemon [_thread_in_native, id=4884, stack(0x00007f9706652000,0x00007f9706753000)]

siginfo: si_signo: 11 (SIGSEGV), si_code: 2 (SEGV_ACCERR), si_addr: 0x000000077175c024

Registers:
RAX=0x00007f96be3efbd4, RBX=0x00007f96cc1b2c80, RCX=0x000000000000000c, RDX=0x00007f9748432290
RSP=0x00007f9706750f48, RBP=0x0000000000000000, RSI=0x000000077175c020, RDI=0x00007f96be3efbd4
R8 =0x00007f9706750fb0, R9 =0x000000077175c020, R10=0x0000000004010000, R11=0x00007f9748468b80
R12=0x0000000000053be0, R13=0x000000000000000c, R14=0x00007f9706750fb0, R15=0x0000000000053bd4
RIP=0x00007f9748432290, EFLAGS=0x0000000000010213, CSGSFS=0x0000000000000033, ERR=0x0000000000000004
  TRAPNO=0x000000000000000e

Top of Stack: (sp=0x00007f9706750f48)
0x00007f9706750f48:   00007f96ca1beefd 0000000000000000
0x00007f9706750f58:   00007f9706751090 00007f9706751190
0x00007f9706750f68:   00007f96cc1b2c80 000000000000000c
0x00007f9706750f78:   0000000000000001 0000000000000000
0x00007f9706750f88:   0000000000000004 0000000000000021
0x00007f9706750f98:   00007f96ca2dddf1 00007f96cc0b0b50
0x00007f9706750fa8:   00007f9706750fb0 0000000000000006
0x00007f9706750fb8:   64071c1988cc4300 0000000000000000
0x00007f9706750fc8:   00007f96cc1b2c80 00007f96ca987970
0x00007f9706750fd8:   000000000000001c 000000000003d08b
0x00007f9706750fe8:   00007f96cc1b30e8 0000000000000021
0x00007f9706750ff8:   00007f96ca2d2e0d 00007f9706751130
0x00007f9706751008:   00007f96cc1b63a0 00007f9706751190
0x00007f9706751018:   00007f96cc1b2c80 00007f96cc0b0b50
0x00007f9706751028:   00007f96cc1b2c80 0000000000000001
0x00007f9706751038:   00007f9706751150 00007f96cc1420c0
0x00007f9706751048:   00007f96ca2d2fc7 00007f9706751190
0x00007f9706751058:   00007f96cc0afd70 00007f96cc1b4bf8
0x00007f9706751068:   00007f96ca2dee2a 00007f96cc23b268
0x00007f9706751078:   00007f96cc0aff60 0000000000000000
0x00007f9706751088:   00007f96c9a95065 0000000000000016
0x00007f9706751098:   00007f96ca2cd90c 00007f96cc23b220
0x00007f97067510a8:   00007f96ca09b6e5 00007f96cc23b3b0
0x00007f97067510b8:   00007f96cc1fb2f0 0000000000000002
0x00007f97067510c8:   00007f97067510f0 0000000000000014
0x00007f97067510d8:   00007f96ca09cd55 0000000000000401
0x00007f97067510e8:   00007f96ca10c390 00007f96cc1b3a40
0x00007f97067510f8:   0000000000000001 00007f97067511f0
0x00007f9706751108:   64071c1988cc4300 00007f96cc1e3480
0x00007f9706751118:   00007f96cc143ce4 00007f96cc1e3480
0x00007f9706751128:   00007f97067511f0 0000000000000001
0x00007f9706751138:   0000000000000000 00007f96cc1420c0 

Instructions: (pc=0x00007f9748432290)
0x00007f9748432270:   1c f3 0f 7f 47 1c f2 0f f0 46 0c f2 0f f0 0e f3
0x00007f9748432280:   0f 7f 47 0c f3 0f 7f 0f c3 0f 1f 80 00 00 00 00
0x00007f9748432290:   48 8b 56 04 48 8b 0e 48 89 57 04 48 89 0f c3 90
0x00007f97484322a0:   f2 0f f0 46 7b f3 0f 7f 47 7b f2 0f f0 46 6b f3 

Register to memory mapping:

RAX=0x00007f96be3efbd4 is an unknown value
RBX=0x00007f96cc1b2c80 is an unknown value
RCX=0x000000000000000c is an unknown value
RDX=0x00007f9748432290: <offset 0x156290> in /lib64/libc.so.6 at 0x00007f97482dc000
RSP=0x00007f9706750f48 is pointing into the stack for thread: 0x00007f9740248000
RBP=0x0000000000000000 is an unknown value
RSI=0x000000077175c020 is an unallocated location in the heap
RDI=0x00007f96be3efbd4 is an unknown value
R8 =0x00007f9706750fb0 is pointing into the stack for thread: 0x00007f9740248000
R9 =0x000000077175c020 is an unallocated location in the heap
R10=0x0000000004010000 is an unknown value
R11=0x00007f9748468b80: <offset 0x18cb80> in /lib64/libc.so.6 at 0x00007f97482dc000
R12=0x0000000000053be0 is an unknown value
R13=0x000000000000000c is an unknown value
R14=0x00007f9706750fb0 is pointing into the stack for thread: 0x00007f9740248000
R15=0x0000000000053bd4 is an unknown value


Stack: [0x00007f9706652000,0x00007f9706753000],  sp=0x00007f9706750f48,  free space=1019k
Native frames: (J=compiled Java code, j=interpreted, Vv=VM code, C=native code)
C  [libc.so.6+0x156290]  __memcpy_ssse3_back+0x25e0

Java frames: (J=compiled Java code, j=interpreted, Vv=VM code)
j  com.sun.prism.es2.GLContext.nClearBuffers(JFFFFZZZ)V+0
j  com.sun.prism.es2.GLContext.clearBuffers(Lcom/sun/prism/paint/Color;ZZZ)V+40
j  com.sun.prism.es2.ES2Graphics.clearBuffers(Lcom/sun/prism/es2/ES2Context;Lcom/sun/prism/paint/Color;ZZZ)V+9
j  com.sun.prism.es2.ES2Graphics.clear(Lcom/sun/prism/paint/Color;)V+32
j  com.sun.javafx.tk.quantum.ViewPainter.doPaint(Lcom/sun/prism/Graphics;Lcom/sun/javafx/sg/prism/NodePath;)V+104
j  com.sun.javafx.tk.quantum.ViewPainter.paintImpl(Lcom/sun/prism/Graphics;)V+953
j  com.sun.javafx.tk.quantum.PresentingPainter.run()V+326
j  java.util.concurrent.Executors$RunnableAdapter.call()Ljava/lang/Object;+4
j  java.util.concurrent.FutureTask.runAndReset()Z+47
j  com.sun.javafx.tk.RenderJob.run()V+1
j  java.util.concurrent.ThreadPoolExecutor.runWorker(Ljava/util/concurrent/ThreadPoolExecutor$Worker;)V+95
j  java.util.concurrent.ThreadPoolExecutor$Worker.run()V+5
j  com.sun.javafx.tk.quantum.QuantumRenderer$PipelineRunnable.run()V+8
j  java.lang.Thread.run()V+11
v  ~StubRoutines::call_stub

---------------  P R O C E S S  ---------------

Java Threads: ( => current thread )
  0x00007f96b8251800 JavaThread "Prism Font Disposer" daemon [_thread_blocked, id=4892, stack(0x00007f96befb1000,0x00007f96bf0b2000)]
  0x00007f96b80a2000 JavaThread "Thread-3" [_thread_in_native, id=4891, stack(0x00007f96bfbe7000,0x00007f96bfce8000)]
  0x00007f9740323800 JavaThread "JavaFX-Launcher" [_thread_blocked, id=4889, stack(0x00007f96bfeff000,0x00007f96c0000000)]
  0x00007f974031e000 JavaThread "JavaFX Application Thread" [_thread_in_native, id=4888, stack(0x00007f96c413e000,0x00007f96c423f000)]
  0x00007f974031a000 JavaThread "Thread-1" daemon [_thread_blocked, id=4887, stack(0x00007f96c423f000,0x00007f96c4340000)]
=>0x00007f9740248000 JavaThread "QuantumRenderer-0" daemon [_thread_in_native, id=4884, stack(0x00007f9706652000,0x00007f9706753000)]
  0x00007f97400d3800 JavaThread "Service Thread" daemon [_thread_blocked, id=4882, stack(0x00007f97068e9000,0x00007f97069ea000)]
  0x00007f97400c8800 JavaThread "C1 CompilerThread3" daemon [_thread_blocked, id=4881, stack(0x00007f97069eb000,0x00007f9706aeb000)]
  0x00007f97400c6800 JavaThread "C2 CompilerThread2" daemon [_thread_blocked, id=4880, stack(0x00007f9706aec000,0x00007f9706bec000)]
  0x00007f97400c4800 JavaThread "C2 CompilerThread1" daemon [_thread_blocked, id=4879, stack(0x00007f9706bed000,0x00007f9706ced000)]
  0x00007f97400c1800 JavaThread "C2 CompilerThread0" daemon [_thread_blocked, id=4878, stack(0x00007f9706cee000,0x00007f9706dee000)]
  0x00007f97400c0000 JavaThread "Signal Dispatcher" daemon [_thread_blocked, id=4877, stack(0x00007f9706dee000,0x00007f9706eef000)]
  0x00007f974008c800 JavaThread "Finalizer" daemon [_thread_blocked, id=4876, stack(0x00007f9706eef000,0x00007f9706ff0000)]
  0x00007f974008a000 JavaThread "Reference Handler" daemon [_thread_blocked, id=4875, stack(0x00007f9706ff0000,0x00007f97070f1000)]
  0x00007f9740009800 JavaThread "main" [_thread_blocked, id=4863, stack(0x00007f9748de4000,0x00007f9748ee4000)]

Other Threads:
  0x00007f9740080800 VMThread [stack: 0x00007f97070f2000,0x00007f97071f2000] [id=4874]
  0x00007f97400d9000 WatcherThread [stack: 0x00007f97067e9000,0x00007f97068e9000] [id=4883]

VM state:not at safepoint (normal execution)

VM Mutex/Monitor currently owned by a thread: None

Heap:
 PSYoungGen      total 31232K, used 16274K [0x000000076d800000, 0x000000076f800000, 0x00000007c0000000)
  eden space 30720K, 52% used [0x000000076d800000,0x000000076e7dc8f0,0x000000076f600000)
  from space 512K, 6% used [0x000000076f700000,0x000000076f708000,0x000000076f780000)
  to   space 512K, 0% used [0x000000076f780000,0x000000076f780000,0x000000076f800000)
 ParOldGen       total 169472K, used 8092K [0x00000006c8800000, 0x00000006d2d80000, 0x000000076d800000)
  object space 169472K, 4% used [0x00000006c8800000,0x00000006c8fe7160,0x00000006d2d80000)
 Metaspace       used 16516K, capacity 17280K, committed 17536K, reserved 1064960K
  class space    used 2385K, capacity 2561K, committed 2688K, reserved 1048576K

Card table byte_map: [0x00007f9745a04000,0x00007f97461c1000] byte_map_base: 0x00007f97423c0000

Marking Bits: (ParMarkBitMap*) 0x00007f97482bed40
 Begin Bits: [0x00007f970c440000, 0x00007f9710220000)
 End Bits:   [0x00007f9710220000, 0x00007f9714000000)

Polling page: 0x00007f9748f00000

CodeCache: size=245760Kb used=6758Kb max_used=6798Kb free=239001Kb
 bounds [0x00007f9731000000, 0x00007f97316b0000, 0x00007f9740000000]
 total_blobs=2855 nmethods=2220 adapters=547
 compilation: enabled

Compilation events (10 events):
Event: 167.181 Thread 0x00007f97400c8800 nmethod 2239 0x00007f973112cb50 code [0x00007f973112cce0, 0x00007f973112d1b0]
Event: 167.181 Thread 0x00007f97400c8800 2242       3       javafx.scene.Parent::minHeight (89 bytes)
Event: 167.182 Thread 0x00007f97400c8800 nmethod 2242 0x00007f973112e350 code [0x00007f973112e520, 0x00007f973112ebf8]
Event: 167.182 Thread 0x00007f97400c8800 2240       3       javafx.scene.control.Control::computeMaxWidth (51 bytes)
Event: 167.182 Thread 0x00007f97400c8800 nmethod 2240 0x00007f973113b910 code [0x00007f973113bac0, 0x00007f973113c208]
Event: 167.182 Thread 0x00007f97400c8800 2241       3       javafx.scene.text.Text::boundsTypeProperty (27 bytes)
Event: 167.182 Thread 0x00007f97400c8800 nmethod 2241 0x00007f9731116150 code [0x00007f97311162e0, 0x00007f9731116648]
Event: 167.183 Thread 0x00007f97400c8800 2243       3       com.sun.javafx.geom.transform.AffineBase::<init> (5 bytes)
Event: 167.183 Thread 0x00007f97400c8800 nmethod 2243 0x00007f9731102a90 code [0x00007f9731102c00, 0x00007f9731102e10]
Event: 167.184 Thread 0x00007f97400c8800 2246       3       com.sun.javafx.sg.prism.NGNode::markCullRegions (204 bytes)

GC Heap History (10 events):
Event: 161.331 GC heap before
{Heap before GC invocations=77 (full 0):
 PSYoungGen      total 31232K, used 30752K [0x000000076d800000, 0x000000076f800000, 0x00000007c0000000)
  eden space 30720K, 100% used [0x000000076d800000,0x000000076f600000,0x000000076f600000)
  from space 512K, 6% used [0x000000076f780000,0x000000076f788000,0x000000076f800000)
  to   space 512K, 0% used [0x000000076f700000,0x000000076f700000,0x000000076f780000)
 ParOldGen       total 169472K, used 8092K [0x00000006c8800000, 0x00000006d2d80000, 0x000000076d800000)
  object space 169472K, 4% used [0x00000006c8800000,0x00000006c8fe7160,0x00000006d2d80000)
 Metaspace       used 16504K, capacity 17216K, committed 17536K, reserved 1064960K
  class space    used 2385K, capacity 2561K, committed 2688K, reserved 1048576K
Event: 161.333 GC heap after
Heap after GC invocations=77 (full 0):
 PSYoungGen      total 31232K, used 32K [0x000000076d800000, 0x000000076f800000, 0x00000007c0000000)
  eden space 30720K, 0% used [0x000000076d800000,0x000000076d800000,0x000000076f600000)
  from space 512K, 6% used [0x000000076f700000,0x000000076f708000,0x000000076f780000)
  to   space 512K, 0% used [0x000000076f780000,0x000000076f780000,0x000000076f800000)
 ParOldGen       total 169472K, used 8092K [0x00000006c8800000, 0x00000006d2d80000, 0x000000076d800000)
  object space 169472K, 4% used [0x00000006c8800000,0x00000006c8fe7160,0x00000006d2d80000)
 Metaspace       used 16504K, capacity 17216K, committed 17536K, reserved 1064960K
  class space    used 2385K, capacity 2561K, committed 2688K, reserved 1048576K
}
Event: 162.580 GC heap before
{Heap before GC invocations=78 (full 0):
 PSYoungGen      total 31232K, used 30752K [0x000000076d800000, 0x000000076f800000, 0x00000007c0000000)
  eden space 30720K, 100% used [0x000000076d800000,0x000000076f600000,0x000000076f600000)
  from space 512K, 6% used [0x000000076f700000,0x000000076f708000,0x000000076f780000)
  to   space 512K, 0% used [0x000000076f780000,0x000000076f780000,0x000000076f800000)
 ParOldGen       total 169472K, used 8092K [0x00000006c8800000, 0x00000006d2d80000, 0x000000076d800000)
  object space 169472K, 4% used [0x00000006c8800000,0x00000006c8fe7160,0x00000006d2d80000)
 Metaspace       used 16504K, capacity 17216K, committed 17536K, reserved 1064960K
  class space    used 2385K, capacity 2561K, committed 2688K, reserved 1048576K
Event: 162.581 GC heap after
Heap after GC invocations=78 (full 0):
 PSYoungGen      total 31232K, used 32K [0x000000076d800000, 0x000000076f800000, 0x00000007c0000000)
  eden space 30720K, 0% used [0x000000076d800000,0x000000076d800000,0x000000076f600000)
  from space 512K, 6% used [0x000000076f780000,0x000000076f788000,0x000000076f800000)
  to   space 512K, 0% used [0x000000076f700000,0x000000076f700000,0x000000076f780000)
 ParOldGen       total 169472K, used 8092K [0x00000006c8800000, 0x00000006d2d80000, 0x000000076d800000)
  object space 169472K, 4% used [0x00000006c8800000,0x00000006c8fe7160,0x00000006d2d80000)
 Metaspace       used 16504K, capacity 17216K, committed 17536K, reserved 1064960K
  class space    used 2385K, capacity 2561K, committed 2688K, reserved 1048576K
}
Event: 163.815 GC heap before
{Heap before GC invocations=79 (full 0):
 PSYoungGen      total 31232K, used 30752K [0x000000076d800000, 0x000000076f800000, 0x00000007c0000000)
  eden space 30720K, 100% used [0x000000076d800000,0x000000076f600000,0x000000076f600000)
  from space 512K, 6% used [0x000000076f780000,0x000000076f788000,0x000000076f800000)
  to   space 512K, 0% used [0x000000076f700000,0x000000076f700000,0x000000076f780000)
 ParOldGen       total 169472K, used 8092K [0x00000006c8800000, 0x00000006d2d80000, 0x000000076d800000)
  object space 169472K, 4% used [0x00000006c8800000,0x00000006c8fe7160,0x00000006d2d80000)
 Metaspace       used 16504K, capacity 17216K, committed 17536K, reserved 1064960K
  class space    used 2385K, capacity 2561K, committed 2688K, reserved 1048576K
Event: 163.817 GC heap after
Heap after GC invocations=79 (full 0):
 PSYoungGen      total 31232K, used 32K [0x000000076d800000, 0x000000076f800000, 0x00000007c0000000)
  eden space 30720K, 0% used [0x000000076d800000,0x000000076d800000,0x000000076f600000)
  from space 512K, 6% used [0x000000076f700000,0x000000076f708000,0x000000076f780000)
  to   space 512K, 0% used [0x000000076f780000,0x000000076f780000,0x000000076f800000)
 ParOldGen       total 169472K, used 8092K [0x00000006c8800000, 0x00000006d2d80000, 0x000000076d800000)
  object space 169472K, 4% used [0x00000006c8800000,0x00000006c8fe7160,0x00000006d2d80000)
 Metaspace       used 16504K, capacity 17216K, committed 17536K, reserved 1064960K
  class space    used 2385K, capacity 2561K, committed 2688K, reserved 1048576K
}
Event: 165.139 GC heap before
{Heap before GC invocations=80 (full 0):
 PSYoungGen      total 31232K, used 30752K [0x000000076d800000, 0x000000076f800000, 0x00000007c0000000)
  eden space 30720K, 100% used [0x000000076d800000,0x000000076f600000,0x000000076f600000)
  from space 512K, 6% used [0x000000076f700000,0x000000076f708000,0x000000076f780000)
  to   space 512K, 0% used [0x000000076f780000,0x000000076f780000,0x000000076f800000)
 ParOldGen       total 169472K, used 8092K [0x00000006c8800000, 0x00000006d2d80000, 0x000000076d800000)
  object space 169472K, 4% used [0x00000006c8800000,0x00000006c8fe7160,0x00000006d2d80000)
 Metaspace       used 16504K, capacity 17216K, committed 17536K, reserved 1064960K
  class space    used 2385K, capacity 2561K, committed 2688K, reserved 1048576K
Event: 165.141 GC heap after
Heap after GC invocations=80 (full 0):
 PSYoungGen      total 31232K, used 32K [0x000000076d800000, 0x000000076f800000, 0x00000007c0000000)
  eden space 30720K, 0% used [0x000000076d800000,0x000000076d800000,0x000000076f600000)
  from space 512K, 6% used [0x000000076f780000,0x000000076f788000,0x000000076f800000)
  to   space 512K, 0% used [0x000000076f700000,0x000000076f700000,0x000000076f780000)
 ParOldGen       total 169472K, used 8092K [0x00000006c8800000, 0x00000006d2d80000, 0x000000076d800000)
  object space 169472K, 4% used [0x00000006c8800000,0x00000006c8fe7160,0x00000006d2d80000)
 Metaspace       used 16504K, capacity 17216K, committed 17536K, reserved 1064960K
  class space    used 2385K, capacity 2561K, committed 2688K, reserved 1048576K
}
Event: 166.495 GC heap before
{Heap before GC invocations=81 (full 0):
 PSYoungGen      total 31232K, used 30752K [0x000000076d800000, 0x000000076f800000, 0x00000007c0000000)
  eden space 30720K, 100% used [0x000000076d800000,0x000000076f600000,0x000000076f600000)
  from space 512K, 6% used [0x000000076f780000,0x000000076f788000,0x000000076f800000)
  to   space 512K, 0% used [0x000000076f700000,0x000000076f700000,0x000000076f780000)
 ParOldGen       total 169472K, used 8092K [0x00000006c8800000, 0x00000006d2d80000, 0x000000076d800000)
  object space 169472K, 4% used [0x00000006c8800000,0x00000006c8fe7160,0x00000006d2d80000)
 Metaspace       used 16504K, capacity 17216K, committed 17536K, reserved 1064960K
  class space    used 2385K, capacity 2561K, committed 2688K, reserved 1048576K
Event: 166.497 GC heap after
Heap after GC invocations=81 (full 0):
 PSYoungGen      total 31232K, used 32K [0x000000076d800000, 0x000000076f800000, 0x00000007c0000000)
  eden space 30720K, 0% used [0x000000076d800000,0x000000076d800000,0x000000076f600000)
  from space 512K, 6% used [0x000000076f700000,0x000000076f708000,0x000000076f780000)
  to   space 512K, 0% used [0x000000076f780000,0x000000076f780000,0x000000076f800000)
 ParOldGen       total 169472K, used 8092K [0x00000006c8800000, 0x00000006d2d80000, 0x000000076d800000)
  object space 169472K, 4% used [0x00000006c8800000,0x00000006c8fe7160,0x00000006d2d80000)
 Metaspace       used 16504K, capacity 17216K, committed 17536K, reserved 1064960K
  class space    used 2385K, capacity 2561K, committed 2688K, reserved 1048576K
}

Deoptimization events (10 events):
Event: 23.878 Thread 0x00007f974031e000 Uncommon trap: reason=unstable_if action=reinterpret pc=0x00007f97311c232c method=java.lang.String.startsWith(Ljava/lang/String;I)Z @ 25
Event: 23.879 Thread 0x00007f974031e000 Uncommon trap: reason=class_check action=maybe_recompile pc=0x00007f973135bf8c method=sun.misc.URLClassPath.getLoader(I)Lsun/misc/URLClassPath$Loader; @ 239
Event: 23.898 Thread 0x00007f974031e000 Uncommon trap: reason=class_check action=maybe_recompile pc=0x00007f973152c530 method=com.sun.javafx.css.StyleMap.getCascadingStyles()Ljava/util/Map; @ 77
Event: 23.898 Thread 0x00007f974031e000 Uncommon trap: reason=class_check action=maybe_recompile pc=0x00007f9731520780 method=javafx.scene.CssStyleHelper.getStyle(Ljavafx/css/Styleable;Ljava/lang/String;Lcom/sun/javafx/css/StyleMap;Ljava/util/Set;)Lcom/sun/javafx/css/CascadingStyle; @ 140
Event: 23.902 Thread 0x00007f974031e000 Uncommon trap: reason=class_check action=maybe_recompile pc=0x00007f9731520780 method=javafx.scene.CssStyleHelper.getStyle(Ljavafx/css/Styleable;Ljava/lang/String;Lcom/sun/javafx/css/StyleMap;Ljava/util/Set;)Lcom/sun/javafx/css/CascadingStyle; @ 140
Event: 23.902 Thread 0x00007f974031e000 Uncommon trap: reason=unstable_if action=reinterpret pc=0x00007f973152088c method=javafx.scene.CssStyleHelper.getStyle(Ljavafx/css/Styleable;Ljava/lang/String;Lcom/sun/javafx/css/StyleMap;Ljava/util/Set;)Lcom/sun/javafx/css/CascadingStyle; @ 8
Event: 23.910 Thread 0x00007f974031e000 Uncommon trap: reason=class_check action=maybe_recompile pc=0x00007f973152c530 method=com.sun.javafx.css.StyleMap.getCascadingStyles()Ljava/util/Map; @ 77
Event: 23.917 Thread 0x00007f974031e000 Uncommon trap: reason=class_check action=maybe_recompile pc=0x00007f973152c530 method=com.sun.javafx.css.StyleMap.getCascadingStyles()Ljava/util/Map; @ 77
Event: 23.918 Thread 0x00007f974031e000 Uncommon trap: reason=class_check action=maybe_recompile pc=0x00007f973152c530 method=com.sun.javafx.css.StyleMap.getCascadingStyles()Ljava/util/Map; @ 77
Event: 26.108 Thread 0x00007f974008c800 Uncommon trap: reason=unstable_if action=reinterpret pc=0x00007f97313fee3c method=java.lang.ref.ReferenceQueue.poll()Ljava/lang/ref/Reference; @ 4

Classes redefined (0 events):
No events

Internal exceptions (10 events):
Event: 0.111 Thread 0x00007f9740009800 Exception <a 'java/security/PrivilegedActionException'> (0x000000076db74f20) thrown at [/HUDSON/workspace/8-2-build-linux-amd64/jdk8u191/11894/hotspot/src/share/vm/prims/jvm.cpp, line 1435]
Event: 0.111 Thread 0x00007f9740009800 Exception <a 'java/security/PrivilegedActionException'> (0x000000076db75130) thrown at [/HUDSON/workspace/8-2-build-linux-amd64/jdk8u191/11894/hotspot/src/share/vm/prims/jvm.cpp, line 1435]
Event: 0.111 Thread 0x00007f9740009800 Exception <a 'java/security/PrivilegedActionException'> (0x000000076db77658) thrown at [/HUDSON/workspace/8-2-build-linux-amd64/jdk8u191/11894/hotspot/src/share/vm/prims/jvm.cpp, line 1435]
Event: 0.111 Thread 0x00007f9740009800 Exception <a 'java/security/PrivilegedActionException'> (0x000000076db77868) thrown at [/HUDSON/workspace/8-2-build-linux-amd64/jdk8u191/11894/hotspot/src/share/vm/prims/jvm.cpp, line 1435]
Event: 0.111 Thread 0x00007f9740009800 Exception <a 'java/lang/NullPointerException'> (0x000000076db781b0) thrown at [/HUDSON/workspace/8-2-build-linux-amd64/jdk8u191/11894/hotspot/src/share/vm/interpreter/linkResolver.cpp, line 1185]
Event: 0.344 Thread 0x00007f974031e000 Exception <a 'java/lang/NullPointerException'> (0x000000076ea64940) thrown at [/HUDSON/workspace/8-2-build-linux-amd64/jdk8u191/11894/hotspot/src/share/vm/interpreter/linkResolver.cpp, line 1185]
Event: 0.344 Thread 0x00007f974031e000 Exception <a 'java/lang/NullPointerException'> (0x000000076ea64940) thrown at [/HUDSON/workspace/8-2-build-linux-amd64/jdk8u191/11894/hotspot/src/share/vm/prims/jvm.cpp, line 1439]
Event: 0.433 Thread 0x00007f974031e000 Implicit null exception at 0x00007f973128a4f5 to 0x00007f973128a6f1
Event: 23.823 Thread 0x00007f974031e000 Exception <a 'java/lang/NoSuchMethodError': <clinit>> (0x0000000770c21408) thrown at [/HUDSON/workspace/8-2-build-linux-amd64/jdk8u191/11894/hotspot/src/share/vm/prims/jni.cpp, line 1613]
Event: 23.870 Thread 0x00007f96b80a2000 Exception <a 'java/lang/NoSuchMethodError': <clinit>> (0x000000076e856b40) thrown at [/HUDSON/workspace/8-2-build-linux-amd64/jdk8u191/11894/hotspot/src/share/vm/prims/jni.cpp, line 1613]

Events (10 events):
Event: 161.333 Executing VM operation: ParallelGCFailedAllocation done
Event: 162.580 Executing VM operation: ParallelGCFailedAllocation
Event: 162.581 Executing VM operation: ParallelGCFailedAllocation done
Event: 163.815 Executing VM operation: ParallelGCFailedAllocation
Event: 163.817 Executing VM operation: ParallelGCFailedAllocation done
Event: 165.139 Executing VM operation: ParallelGCFailedAllocation
Event: 165.141 Executing VM operation: ParallelGCFailedAllocation done
Event: 166.495 Executing VM operation: ParallelGCFailedAllocation
Event: 166.497 Executing VM operation: ParallelGCFailedAllocation done
Event: 167.181 Thread 0x00007f97400c8800 flushing nmethod 0x00007f97311b08d0


Dynamic libraries:
00400000-00401000 r-xp 00000000 fd:00 103485234                          /usr/java/jdk1.8.0_191-amd64/jre/bin/java
00600000-00601000 r--p 00000000 fd:00 103485234                          /usr/java/jdk1.8.0_191-amd64/jre/bin/java
00601000-00602000 rw-p 00001000 fd:00 103485234                          /usr/java/jdk1.8.0_191-amd64/jre/bin/java
01d89000-01daa000 rw-p 00000000 00:00 0                                  [heap]
6c8800000-6d2d80000 rw-p 00000000 00:00 0 
6d2d80000-76d800000 ---p 00000000 00:00 0 
76d800000-76f800000 rw-p 00000000 00:00 0 
76f800000-7c0000000 ---p 00000000 00:00 0 
7c0000000-7c02a0000 rw-p 00000000 00:00 0 
7c02a0000-800000000 ---p 00000000 00:00 0 
7f96ac000000-7f96ac021000 rw-p 00000000 00:00 0 
7f96ac021000-7f96b0000000 ---p 00000000 00:00 0 
7f96b0000000-7f96b0021000 rw-p 00000000 00:00 0 
7f96b0021000-7f96b4000000 ---p 00000000 00:00 0 
7f96b4000000-7f96b4021000 rw-p 00000000 00:00 0 
7f96b4021000-7f96b8000000 ---p 00000000 00:00 0 
7f96b8000000-7f96b8411000 rw-p 00000000 00:00 0 
7f96b8411000-7f96bc000000 ---p 00000000 00:00 0 
7f96bdad4000-7f96bdb54000 rw-p 00000000 00:00 0 
7f96bdb54000-7f96bdcd4000 ---p 00000000 00:00 0 
7f96bdcd4000-7f96bdd79000 r--p 00000000 fd:00 1781347                    /usr/share/fonts/dejavu/DejaVuSans-Bold.ttf
7f96bdd79000-7f96bdd81000 r--s 000c4000 fd:00 67937040                   /home/abahaa/netbeans-8.2/ide/modules/ext/mysql-connector-java-5.1.23-bin.jar
7f96bdd81000-7f96bdd9c000 r--s 004a0000 fd:00 558502                     /usr/java/jdk1.8.0_191-amd64/jre/lib/deploy.jar
7f96bdd9c000-7f96bdf9c000 rw-p 00000000 00:00 0 
7f96bdf9c000-7f96be39c000 rw-s 1267b3000 00:05 10233                     /dev/dri/card0
7f96be39c000-7f96be59c000 rw-s 12861b000 00:05 10233                     /dev/dri/card0
7f96be59c000-7f96bef9c000 rwxp 00000000 00:00 0 
7f96bef9c000-7f96befb1000 r--s 000ff000 fd:00 559072                     /usr/java/jdk1.8.0_191-amd64/jre/lib/resources.jar
7f96befb1000-7f96befb4000 ---p 00000000 00:00 0 
7f96befb4000-7f96bf0b2000 rw-p 00000000 00:00 0 
7f96bf0b2000-7f96bf162000 r--p 00000000 fd:00 1781359                    /usr/share/fonts/dejavu/DejaVuSans.ttf
7f96bf162000-7f96bf19e000 r--p 00000000 fd:00 34883727                   /usr/java/jdk1.8.0_191-amd64/jre/lib/fonts/LucidaTypewriterRegular.ttf
7f96bf19e000-7f96bf1d8000 r--p 00000000 fd:00 34883726                   /usr/java/jdk1.8.0_191-amd64/jre/lib/fonts/LucidaTypewriterBold.ttf
7f96bf1d8000-7f96bf1dc000 r-xp 00000000 fd:00 34878926                   /usr/java/jdk1.8.0_191-amd64/jre/lib/amd64/libjavafx_font_pango.so
7f96bf1dc000-7f96bf3db000 ---p 00004000 fd:00 34878926                   /usr/java/jdk1.8.0_191-amd64/jre/lib/amd64/libjavafx_font_pango.so
7f96bf3db000-7f96bf3dc000 r--p 00003000 fd:00 34878926                   /usr/java/jdk1.8.0_191-amd64/jre/lib/amd64/libjavafx_font_pango.so
7f96bf3dc000-7f96bf3dd000 rw-p 00004000 fd:00 34878926                   /usr/java/jdk1.8.0_191-amd64/jre/lib/amd64/libjavafx_font_pango.so
7f96bf3dd000-7f96bf5dd000 rw-p 00000000 00:00 0 
7f96bf5dd000-7f96bf5e2000 r-xp 00000000 fd:00 34878925                   /usr/java/jdk1.8.0_191-amd64/jre/lib/amd64/libjavafx_font_freetype.so
7f96bf5e2000-7f96bf7e1000 ---p 00005000 fd:00 34878925                   /usr/java/jdk1.8.0_191-amd64/jre/lib/amd64/libjavafx_font_freetype.so
7f96bf7e1000-7f96bf7e2000 r--p 00004000 fd:00 34878925                   /usr/java/jdk1.8.0_191-amd64/jre/lib/amd64/libjavafx_font_freetype.so
7f96bf7e2000-7f96bf7e3000 rw-p 00005000 fd:00 34878925                   /usr/java/jdk1.8.0_191-amd64/jre/lib/amd64/libjavafx_font_freetype.so
7f96bf7e3000-7f96bf9e3000 rw-p 00000000 00:00 0 
7f96bf9e3000-7f96bf9e6000 r-xp 00000000 fd:00 34878924                   /usr/java/jdk1.8.0_191-amd64/jre/lib/amd64/libjavafx_font.so
7f96bf9e6000-7f96bfbe5000 ---p 00003000 fd:00 34878924                   /usr/java/jdk1.8.0_191-amd64/jre/lib/amd64/libjavafx_font.so
7f96bfbe5000-7f96bfbe6000 r--p 00002000 fd:00 34878924                   /usr/java/jdk1.8.0_191-amd64/jre/lib/amd64/libjavafx_font.so
7f96bfbe6000-7f96bfbe7000 rw-p 00003000 fd:00 34878924                   /usr/java/jdk1.8.0_191-amd64/jre/lib/amd64/libjavafx_font.so
7f96bfbe7000-7f96bfbea000 ---p 00000000 00:00 0 
7f96bfbea000-7f96bfce8000 rw-p 00000000 00:00 0 
7f96bfce8000-7f96bfcfe000 r-xp 00000000 fd:00 34883173                   /usr/java/jdk1.8.0_191-amd64/jre/lib/amd64/libnet.so
7f96bfcfe000-7f96bfefd000 ---p 00016000 fd:00 34883173                   /usr/java/jdk1.8.0_191-amd64/jre/lib/amd64/libnet.so
7f96bfefd000-7f96bfefe000 r--p 00015000 fd:00 34883173                   /usr/java/jdk1.8.0_191-amd64/jre/lib/amd64/libnet.so
7f96bfefe000-7f96bfeff000 rw-p 00016000 fd:00 34883173                   /usr/java/jdk1.8.0_191-amd64/jre/lib/amd64/libnet.so
7f96bfeff000-7f96bff02000 ---p 00000000 00:00 0 
7f96bff02000-7f96c0000000 rw-p 00000000 00:00 0 
7f96c0000000-7f96c0021000 rw-p 00000000 00:00 0 
7f96c0021000-7f96c4000000 ---p 00000000 00:00 0 
7f96c4000000-7f96c4013000 r--s 001a7000 fd:00 558500                     /usr/java/jdk1.8.0_191-amd64/jre/lib/plugin.jar
7f96c4013000-7f96c40be000 r--p 00000000 fd:00 34883725                   /usr/java/jdk1.8.0_191-amd64/jre/lib/fonts/LucidaSansRegular.ttf
7f96c40be000-7f96c413e000 rw-s 119dc6000 00:05 10233                     /dev/dri/card0
7f96c413e000-7f96c4141000 ---p 00000000 00:00 0 
7f96c4141000-7f96c423f000 rw-p 00000000 00:00 0 
7f96c423f000-7f96c4242000 ---p 00000000 00:00 0 
7f96c4242000-7f96c4340000 rw-p 00000000 00:00 0 
7f96c4340000-7f96c4342000 r-xp 00000000 fd:00 36715                      /usr/lib64/libfreebl3.so
7f96c4342000-7f96c4541000 ---p 00002000 fd:00 36715                      /usr/lib64/libfreebl3.so
7f96c4541000-7f96c4542000 r--p 00001000 fd:00 36715                      /usr/lib64/libfreebl3.so
7f96c4542000-7f96c4543000 rw-p 00002000 fd:00 36715                      /usr/lib64/libfreebl3.so
7f96c4543000-7f96c454b000 r-xp 00000000 fd:00 38462                      /usr/lib64/libcrypt-2.17.so
7f96c454b000-7f96c474a000 ---p 00008000 fd:00 38462                      /usr/lib64/libcrypt-2.17.so
7f96c474a000-7f96c474b000 r--p 00007000 fd:00 38462                      /usr/lib64/libcrypt-2.17.so
7f96c474b000-7f96c474c000 rw-p 00008000 fd:00 38462                      /usr/lib64/libcrypt-2.17.so
7f96c474c000-7f96c477a000 rw-p 00000000 00:00 0 
7f96c477a000-7f96c4783000 r-xp 00000000 fd:00 75102                      /usr/lib64/libltdl.so.7.3.0
7f96c4783000-7f96c4982000 ---p 00009000 fd:00 75102                      /usr/lib64/libltdl.so.7.3.0
7f96c4982000-7f96c4983000 r--p 00008000 fd:00 75102                      /usr/lib64/libltdl.so.7.3.0
7f96c4983000-7f96c4984000 rw-p 00009000 fd:00 75102                      /usr/lib64/libltdl.so.7.3.0
7f96c4984000-7f96c4999000 r-xp 00000000 fd:00 75059                      /usr/lib64/libtdb.so.1.3.15
7f96c4999000-7f96c4b99000 ---p 00015000 fd:00 75059                      /usr/lib64/libtdb.so.1.3.15
7f96c4b99000-7f96c4b9a000 r--p 00015000 fd:00 75059                      /usr/lib64/libtdb.so.1.3.15
7f96c4b9a000-7f96c4b9b000 rw-p 00016000 fd:00 75059                      /usr/lib64/libtdb.so.1.3.15
7f96c4b9b000-7f96c4ba1000 r-xp 00000000 fd:00 74999                      /usr/lib64/libogg.so.0.8.0
7f96c4ba1000-7f96c4da0000 ---p 00006000 fd:00 74999                      /usr/lib64/libogg.so.0.8.0
7f96c4da0000-7f96c4da1000 r--p 00005000 fd:00 74999                      /usr/lib64/libogg.so.0.8.0
7f96c4da1000-7f96c4da2000 rw-p 00006000 fd:00 74999                      /usr/lib64/libogg.so.0.8.0
7f96c4da2000-7f96c4dce000 r-xp 00000000 fd:00 75064                      /usr/lib64/libvorbis.so.0.4.6
7f96c4dce000-7f96c4fcd000 ---p 0002c000 fd:00 75064                      /usr/lib64/libvorbis.so.0.4.6
7f96c4fcd000-7f96c4fce000 r--p 0002b000 fd:00 75064                      /usr/lib64/libvorbis.so.0.4.6
7f96c4fce000-7f96c4fcf000 rw-p 0002c000 fd:00 75064                      /usr/lib64/libvorbis.so.0.4.6
7f96c4fcf000-7f96c4fd6000 r-xp 00000000 fd:00 75068                      /usr/lib64/libvorbisfile.so.3.3.5
7f96c4fd6000-7f96c51d6000 ---p 00007000 fd:00 75068                      /usr/lib64/libvorbisfile.so.3.3.5
7f96c51d6000-7f96c51d7000 r--p 00007000 fd:00 75068                      /usr/lib64/libvorbisfile.so.3.3.5
7f96c51d7000-7f96c51d8000 rw-p 00008000 fd:00 75068                      /usr/lib64/libvorbisfile.so.3.3.5
7f96c51d8000-7f96c51e8000 r-xp 00000000 fd:00 1024701                    /usr/lib64/libcanberra.so.0.2.5
7f96c51e8000-7f96c53e7000 ---p 00010000 fd:00 1024701                    /usr/lib64/libcanberra.so.0.2.5
7f96c53e7000-7f96c53e8000 r--p 0000f000 fd:00 1024701                    /usr/lib64/libcanberra.so.0.2.5
7f96c53e8000-7f96c53e9000 rw-p 00010000 fd:00 1024701                    /usr/lib64/libcanberra.so.0.2.5
7f96c53e9000-7f96c53ed000 r-xp 00000000 fd:00 2200451                    /usr/lib64/libcanberra-gtk.so.0.1.9
7f96c53ed000-7f96c55ec000 ---p 00004000 fd:00 2200451                    /usr/lib64/libcanberra-gtk.so.0.1.9
7f96c55ec000-7f96c55ed000 r--p 00003000 fd:00 2200451                    /usr/lib64/libcanberra-gtk.so.0.1.9
7f96c55ed000-7f96c55ee000 rw-p 00004000 fd:00 2200451                    /usr/lib64/libcanberra-gtk.so.0.1.9
7f96c55ee000-7f96c55f3000 r-xp 00000000 fd:00 102022068                  /usr/lib64/gtk-2.0/modules/libcanberra-gtk-module.so
7f96c55f3000-7f96c57f2000 ---p 00005000 fd:00 102022068                  /usr/lib64/gtk-2.0/modules/libcanberra-gtk-module.so
7f96c57f2000-7f96c57f3000 r--p 00004000 fd:00 102022068                  /usr/lib64/gtk-2.0/modules/libcanberra-gtk-module.so
7f96c57f3000-7f96c57f4000 rw-p 00005000 fd:00 102022068                  /usr/lib64/gtk-2.0/modules/libcanberra-gtk-module.so
7f96c57f4000-7f96c57f5000 r-xp 00000000 fd:00 102379084                  /usr/lib64/gtk-2.0/modules/libpk-gtk-module.so
7f96c57f5000-7f96c59f4000 ---p 00001000 fd:00 102379084                  /usr/lib64/gtk-2.0/modules/libpk-gtk-module.so
7f96c59f4000-7f96c59f5000 r--p 00000000 fd:00 102379084                  /usr/lib64/gtk-2.0/modules/libpk-gtk-module.so
7f96c59f5000-7f96c59f6000 rw-p 00001000 fd:00 102379084                  /usr/lib64/gtk-2.0/modules/libpk-gtk-module.so
7f96c59f6000-7f96c59ff000 r-xp 00000000 fd:00 67772807                   /usr/lib64/gtk-2.0/2.10.0/engines/libpixmap.so
7f96c59ff000-7f96c5bff000 ---p 00009000 fd:00 67772807                   /usr/lib64/gtk-2.0/2.10.0/engines/libpixmap.so
7f96c5bff000-7f96c5c00000 r--p 00009000 fd:00 67772807                   /usr/lib64/gtk-2.0/2.10.0/engines/libpixmap.so
7f96c5c00000-7f96c5c01000 rw-p 0000a000 fd:00 67772807                   /usr/lib64/gtk-2.0/2.10.0/engines/libpixmap.so
7f96c5c01000-7f96c5c03000 r-xp 00000000 fd:00 67403770                   /usr/lib64/gtk-2.0/2.10.0/engines/libadwaita.so
7f96c5c03000-7f96c5e03000 ---p 00002000 fd:00 67403770                   /usr/lib64/gtk-2.0/2.10.0/engines/libadwaita.so
7f96c5e03000-7f96c5e04000 r--p 00002000 fd:00 67403770                   /usr/lib64/gtk-2.0/2.10.0/engines/libadwaita.so
7f96c5e04000-7f96c5e05000 rw-p 00003000 fd:00 67403770                   /usr/lib64/gtk-2.0/2.10.0/engines/libadwaita.so
7f96c5e05000-7f96c5e48000 r-xp 00000000 fd:00 34878912                   /usr/java/jdk1.8.0_191-amd64/jre/lib/amd64/libglass.so
7f96c5e48000-7f96c6048000 ---p 00043000 fd:00 34878912                   /usr/java/jdk1.8.0_191-amd64/jre/lib/amd64/libglass.so
7f96c6048000-7f96c604a000 r--p 00043000 fd:00 34878912                   /usr/java/jdk1.8.0_191-amd64/jre/lib/amd64/libglass.so
7f96c604a000-7f96c604b000 rw-p 00045000 fd:00 34878912                   /usr/java/jdk1.8.0_191-amd64/jre/lib/amd64/libglass.so
7f96c604b000-7f96c604c000 rw-p 00000000 00:00 0 
7f96c604c000-7f96c604d000 ---p 00000000 00:00 0 
7f96c604d000-7f96c684d000 rw-p 00000000 00:00 0 
7f96c684d000-7f96c6936000 r-xp 00000000 fd:00 73441                      /usr/lib64/libstdc++.so.6.0.19
7f96c6936000-7f96c6b35000 ---p 000e9000 fd:00 73441                      /usr/lib64/libstdc++.so.6.0.19
7f96c6b35000-7f96c6b3d000 r--p 000e8000 fd:00 73441                      /usr/lib64/libstdc++.so.6.0.19
7f96c6b3d000-7f96c6b3f000 rw-p 000f0000 fd:00 73441                      /usr/lib64/libstdc++.so.6.0.19
7f96c6b3f000-7f96c6b54000 rw-p 00000000 00:00 0 
7f96c6b54000-7f96c9023000 r-xp 00000000 fd:00 2891746                    /usr/lib64/libLLVM-6.0-rhel.so
7f96c9023000-7f96c9223000 ---p 024cf000 fd:00 2891746                    /usr/lib64/libLLVM-6.0-rhel.so
7f96c9223000-7f96c9402000 r--p 024cf000 fd:00 2891746                    /usr/lib64/libLLVM-6.0-rhel.so
7f96c9402000-7f96c9425000 rw-p 026ae000 fd:00 2891746                    /usr/lib64/libLLVM-6.0-rhel.so
7f96c9425000-7f96c9464000 rw-p 00000000 00:00 0 
7f96c9464000-7f96c947b000 r-xp 00000000 fd:00 3370097                    /usr/lib64/libelf-0.172.so
7f96c947b000-7f96c967a000 ---p 00017000 fd:00 3370097                    /usr/lib64/libelf-0.172.so
7f96c967a000-7f96c967b000 r--p 00016000 fd:00 3370097                    /usr/lib64/libelf-0.172.so
7f96c967b000-7f96c967c000 rw-p 00017000 fd:00 3370097                    /usr/lib64/libelf-0.172.so
7f96c967c000-7f96c9685000 r-xp 00000000 fd:00 1024718                    /usr/lib64/libdrm_amdgpu.so.1.0.0
7f96c9685000-7f96c9884000 ---p 00009000 fd:00 1024718                    /usr/lib64/libdrm_amdgpu.so.1.0.0
7f96c9884000-7f96c9885000 r--p 00008000 fd:00 1024718                    /usr/lib64/libdrm_amdgpu.so.1.0.0
7f96c9885000-7f96c9886000 rw-p 00009000 fd:00 1024718                    /usr/lib64/libdrm_amdgpu.so.1.0.0
7f96c9886000-7f96c9891000 r-xp 00000000 fd:00 1024723                    /usr/lib64/libdrm_radeon.so.1.0.1
7f96c9891000-7f96c9a90000 ---p 0000b000 fd:00 1024723                    /usr/lib64/libdrm_radeon.so.1.0.1
7f96c9a90000-7f96c9a91000 r--p 0000a000 fd:00 1024723                    /usr/lib64/libdrm_radeon.so.1.0.1
7f96c9a91000-7f96c9a92000 rw-p 0000b000 fd:00 1024723                    /usr/lib64/libdrm_radeon.so.1.0.1
7f96c9a92000-7f96c9a99000 r-xp 00000000 fd:00 1015363                    /usr/lib64/libdrm_nouveau.so.2.0.0
7f96c9a99000-7f96c9c98000 ---p 00007000 fd:00 1015363                    /usr/lib64/libdrm_nouveau.so.2.0.0
7f96c9c98000-7f96c9c99000 r--p 00006000 fd:00 1015363                    /usr/lib64/libdrm_nouveau.so.2.0.0
7f96c9c99000-7f96c9c9a000 rw-p 00007000 fd:00 1015363                    /usr/lib64/libdrm_nouveau.so.2.0.0
7f96c9c9a000-7f96ca72d000 r-xp 00000000 fd:00 67208708                   /usr/lib64/dri/nouveau_dri.so
7f96ca72d000-7f96ca92d000 ---p 00a93000 fd:00 67208708                   /usr/lib64/dri/nouveau_dri.so
7f96ca92d000-7f96ca981000 r--p 00a93000 fd:00 67208708                   /usr/lib64/dri/nouveau_dri.so
7f96ca981000-7f96ca98a000 rw-p 00ae7000 fd:00 67208708                   /usr/lib64/dri/nouveau_dri.so
7f96ca98a000-7f96cab82000 rw-p 00000000 00:00 0 
7f96cab82000-7f96cab92000 r-xp 00000000 fd:00 1024715                    /usr/lib64/libdrm.so.2.4.0
7f96cab92000-7f96cad92000 ---p 00010000 fd:00 1024715                    /usr/lib64/libdrm.so.2.4.0
7f96cad92000-7f96cad93000 r--p 00010000 fd:00 1024715                    /usr/lib64/libdrm.so.2.4.0
7f96cad93000-7f96cad94000 rw-p 00011000 fd:00 1024715                    /usr/lib64/libdrm.so.2.4.0
7f96cad94000-7f96cad98000 r-xp 00000000 fd:00 75111                      /usr/lib64/libxcb-dri2.so.0.0.0
7f96cad98000-7f96caf97000 ---p 00004000 fd:00 75111                      /usr/lib64/libxcb-dri2.so.0.0.0
7f96caf97000-7f96caf98000 r--p 00003000 fd:00 75111                      /usr/lib64/libxcb-dri2.so.0.0.0
7f96caf98000-7f96caf99000 rw-p 00004000 fd:00 75111                      /usr/lib64/libxcb-dri2.so.0.0.0
7f96caf99000-7f96cafb2000 r-xp 00000000 fd:00 75115                      /usr/lib64/libxcb-glx.so.0.0.0
7f96cafb2000-7f96cb1b1000 ---p 00019000 fd:00 75115                      /usr/lib64/libxcb-glx.so.0.0.0
7f96cb1b1000-7f96cb1b3000 r--p 00018000 fd:00 75115                      /usr/lib64/libxcb-glx.so.0.0.0
7f96cb1b3000-7f96cb1b4000 rw-p 0001a000 fd:00 75115                      /usr/lib64/libxcb-glx.so.0.0.0
7f96cb1b4000-7f96cb1b5000 r-xp 00000000 fd:00 72174                      /usr/lib64/libX11-xcb.so.1.0.0
7f96cb1b5000-7f96cb3b4000 ---p 00001000 fd:00 72174                      /usr/lib64/libX11-xcb.so.1.0.0
7f96cb3b4000-7f96cb3b5000 r--p 00000000 fd:00 72174                      /usr/lib64/libX11-xcb.so.1.0.0
7f96cb3b5000-7f96cb3b6000 rw-p 00001000 fd:00 72174                      /usr/lib64/libX11-xcb.so.1.0.0
7f96cb3b6000-7f96cb3e2000 r-xp 00000000 fd:00 1026262                    /usr/lib64/libglapi.so.0.0.0
7f96cb3e2000-7f96cb5e1000 ---p 0002c000 fd:00 1026262                    /usr/lib64/libglapi.so.0.0.0
7f96cb5e1000-7f96cb5e5000 r--p 0002b000 fd:00 1026262                    /usr/lib64/libglapi.so.0.0.0
7f96cb5e5000-7f96cb5e6000 rw-p 0002f000 fd:00 1026262                    /usr/lib64/libglapi.so.0.0.0
7f96cb5e6000-7f96cb5e7000 rw-p 00000000 00:00 0 
7f96cb5e7000-7f96cb5e8000 r-xp 00000000 fd:00 235728                     /usr/lib64/libxshmfence.so.1.0.0
7f96cb5e8000-7f96cb7e8000 ---p 00001000 fd:00 235728                     /usr/lib64/libxshmfence.so.1.0.0
7f96cb7e8000-7f96cb7e9000 r--p 00001000 fd:00 235728                     /usr/lib64/libxshmfence.so.1.0.0
7f96cb7e9000-7f96cb7ea000 rw-p 00002000 fd:00 235728                     /usr/lib64/libxshmfence.so.1.0.0
7f96cb7ea000-7f96cb7f0000 r-xp 00000000 fd:00 75133                      /usr/lib64/libxcb-sync.so.1.0.0
7f96cb7f0000-7f96cb9ef000 ---p 00006000 fd:00 75133                      /usr/lib64/libxcb-sync.so.1.0.0
7f96cb9ef000-7f96cb9f0000 r--p 00005000 fd:00 75133                      /usr/lib64/libxcb-sync.so.1.0.0
7f96cb9f0000-7f96cb9f1000 rw-p 00006000 fd:00 75133                      /usr/lib64/libxcb-sync.so.1.0.0
7f96cb9f1000-7f96cb9f3000 r-xp 00000000 fd:00 75117                      /usr/lib64/libxcb-present.so.0.0.0
7f96cb9f3000-7f96cbbf2000 ---p 00002000 fd:00 75117                      /usr/lib64/libxcb-present.so.0.0.0
7f96cbbf2000-7f96cbbf3000 r--p 00001000 fd:00 75117                      /usr/lib64/libxcb-present.so.0.0.0
7f96cbbf3000-7f96cbbf4000 rw-p 00002000 fd:00 75117                      /usr/lib64/libxcb-present.so.0.0.0
7f96cbbf4000-7f96cbbfb000 r-xp 00000000 fd:00 75139                      /usr/lib64/libxcb-xfixes.so.0.0.0
7f96cbbfb000-7f96cbdfa000 ---p 00007000 fd:00 75139                      /usr/lib64/libxcb-xfixes.so.0.0.0
7f96cbdfa000-7f96cbdfb000 r--p 00006000 fd:00 75139                      /usr/lib64/libxcb-xfixes.so.0.0.0
7f96cbdfb000-7f96cbdfc000 rw-p 00007000 fd:00 75139                      /usr/lib64/libxcb-xfixes.so.0.0.0
7f96cbdfc000-7f96cbdff000 r-xp 00000000 fd:00 75113                      /usr/lib64/libxcb-dri3.so.0.0.0
7f96cbdff000-7f96cbffe000 ---p 00003000 fd:00 75113                      /usr/lib64/libxcb-dri3.so.0.0.0
7f96cbffe000-7f96cbfff000 r--p 00002000 fd:00 75113                      /usr/lib64/libxcb-dri3.so.0.0.0
7f96cbfff000-7f96cc000000 rw-p 00003000 fd:00 75113                      /usr/lib64/libxcb-dri3.so.0.0.0
7f96cc000000-7f96cc33d000 rw-p 00000000 00:00 0 
7f96cc33d000-7f96d0000000 ---p 00000000 00:00 0 
7f96d0001000-7f96d004f000 r--p 00000000 fd:00 34883723                   /usr/java/jdk1.8.0_191-amd64/jre/lib/fonts/LucidaSansDemiBold.ttf
7f96d004f000-7f96d00cf000 rw-s 11bcd7000 00:05 10233                     /dev/dri/card0
7f96d00cf000-7f96d0140000 r-xp 00000000 fd:00 508225                     /usr/lib64/libGLX_mesa.so.0.0.0
7f96d0140000-7f96d033f000 ---p 00071000 fd:00 508225                     /usr/lib64/libGLX_mesa.so.0.0.0
7f96d033f000-7f96d0342000 r--p 00070000 fd:00 508225                     /usr/lib64/libGLX_mesa.so.0.0.0
7f96d0342000-7f96d0343000 rw-p 00073000 fd:00 508225                     /usr/lib64/libGLX_mesa.so.0.0.0
7f96d0343000-7f96d0344000 rw-p 00000000 00:00 0 
7f96d0344000-7f96d0346000 r-xp 00000000 fd:00 75104                      /usr/lib64/libXau.so.6.0.0
7f96d0346000-7f96d0546000 ---p 00002000 fd:00 75104                      /usr/lib64/libXau.so.6.0.0
7f96d0546000-7f96d0547000 r--p 00002000 fd:00 75104                      /usr/lib64/libXau.so.6.0.0
7f96d0547000-7f96d0548000 rw-p 00003000 fd:00 75104                      /usr/lib64/libXau.so.6.0.0
7f96d0548000-7f96d0574000 r-xp 00000000 fd:00 315982                     /usr/lib64/libgraphite2.so.3.0.1
7f96d0574000-7f96d0773000 ---p 0002c000 fd:00 315982                     /usr/lib64/libgraphite2.so.3.0.1
7f96d0773000-7f96d0775000 r--p 0002b000 fd:00 315982                     /usr/lib64/libgraphite2.so.3.0.1
7f96d0775000-7f96d0776000 rw-p 0002d000 fd:00 315982                     /usr/lib64/libgraphite2.so.3.0.1
7f96d0776000-7f96d07b2000 r-xp 00000000 fd:00 1026296                    /usr/lib64/libblkid.so.1.1.0
7f96d07b2000-7f96d09b1000 ---p 0003c000 fd:00 1026296                    /usr/lib64/libblkid.so.1.1.0
7f96d09b1000-7f96d09b4000 r--p 0003b000 fd:00 1026296                    /usr/lib64/libblkid.so.1.1.0
7f96d09b4000-7f96d09b5000 rw-p 0003e000 fd:00 1026296                    /usr/lib64/libblkid.so.1.1.0
7f96d09b5000-7f96d09b6000 rw-p 00000000 00:00 0 
7f96d09b6000-7f96d0a24000 r-xp 00000000 fd:00 1646669                    /usr/lib64/libGLdispatch.so.0.0.0
7f96d0a24000-7f96d0c23000 ---p 0006e000 fd:00 1646669                    /usr/lib64/libGLdispatch.so.0.0.0
7f96d0c23000-7f96d0c4b000 r--p 0006d000 fd:00 1646669                    /usr/lib64/libGLdispatch.so.0.0.0
7f96d0c4b000-7f96d0c4c000 rw-p 00095000 fd:00 1646669                    /usr/lib64/libGLdispatch.so.0.0.0
7f96d0c4c000-7f96d0c6c000 rw-p 00000000 00:00 0 
7f96d0c6c000-7f96d0c7c000 r-xp 00000000 fd:00 823602                     /usr/lib64/libGLX.so.0.0.0
7f96d0c7c000-7f96d0e7c000 ---p 00010000 fd:00 823602                     /usr/lib64/libGLX.so.0.0.0
7f96d0e7c000-7f96d0e7d000 r--p 00010000 fd:00 823602                     /usr/lib64/libGLX.so.0.0.0
7f96d0e7d000-7f96d0e7e000 rw-p 00011000 fd:00 823602                     /usr/lib64/libGLX.so.0.0.0
7f96d0e7e000-7f96d0e9e000 rw-p 00000000 00:00 0 
7f96d0e9e000-7f96d0ea2000 r-xp 00000000 fd:00 73722                      /usr/lib64/libuuid.so.1.3.0
7f96d0ea2000-7f96d10a1000 ---p 00004000 fd:00 73722                      /usr/lib64/libuuid.so.1.3.0
7f96d10a1000-7f96d10a2000 r--p 00003000 fd:00 73722                      /usr/lib64/libuuid.so.1.3.0
7f96d10a2000-7f96d10a3000 rw-p 00004000 fd:00 73722                      /usr/lib64/libuuid.so.1.3.0
7f96d10a3000-7f96d10ca000 r-xp 00000000 fd:00 73776                      /usr/lib64/libexpat.so.1.6.0
7f96d10ca000-7f96d12ca000 ---p 00027000 fd:00 73776                      /usr/lib64/libexpat.so.1.6.0
7f96d12ca000-7f96d12cc000 r--p 00027000 fd:00 73776                      /usr/lib64/libexpat.so.1.6.0
7f96d12cc000-7f96d12cd000 rw-p 00029000 fd:00 73776                      /usr/lib64/libexpat.so.1.6.0
7f96d12cd000-7f96d12dc000 r-xp 00000000 fd:00 73764                      /usr/lib64/libbz2.so.1.0.6
7f96d12dc000-7f96d14db000 ---p 0000f000 fd:00 73764                      /usr/lib64/libbz2.so.1.0.6
7f96d14db000-7f96d14dc000 r--p 0000e000 fd:00 73764                      /usr/lib64/libbz2.so.1.0.6
7f96d14dc000-7f96d14dd000 rw-p 0000f000 fd:00 73764                      /usr/lib64/libbz2.so.1.0.6
7f96d14dd000-7f96d14f8000 r-xp 00000000 fd:00 19594                      /usr/lib64/libfribidi.so.0.4.0
7f96d14f8000-7f96d16f7000 ---p 0001b000 fd:00 19594                      /usr/lib64/libfribidi.so.0.4.0
7f96d16f7000-7f96d16f8000 r--p 0001a000 fd:00 19594                      /usr/lib64/libfribidi.so.0.4.0
7f96d16f8000-7f96d16f9000 rw-p 0001b000 fd:00 19594                      /usr/lib64/libfribidi.so.0.4.0
7f96d16f9000-7f96d1704000 r-xp 00000000 fd:00 427622                     /usr/lib64/libthai.so.0.1.6
7f96d1704000-7f96d1903000 ---p 0000b000 fd:00 427622                     /usr/lib64/libthai.so.0.1.6
7f96d1903000-7f96d1904000 r--p 0000a000 fd:00 427622                     /usr/lib64/libthai.so.0.1.6
7f96d1904000-7f96d1905000 rw-p 0000b000 fd:00 427622                     /usr/lib64/libthai.so.0.1.6
7f96d1905000-7f96d1911000 r-xp 00000000 fd:00 75123                      /usr/lib64/libxcb-render.so.0.0.0
7f96d1911000-7f96d1b11000 ---p 0000c000 fd:00 75123                      /usr/lib64/libxcb-render.so.0.0.0
7f96d1b11000-7f96d1b12000 r--p 0000c000 fd:00 75123                      /usr/lib64/libxcb-render.so.0.0.0
7f96d1b12000-7f96d1b13000 rw-p 0000d000 fd:00 75123                      /usr/lib64/libxcb-render.so.0.0.0
7f96d1b13000-7f96d1b3a000 r-xp 00000000 fd:00 75155                      /usr/lib64/libxcb.so.1.1.0
7f96d1b3a000-7f96d1d39000 ---p 00027000 fd:00 75155                      /usr/lib64/libxcb.so.1.1.0
7f96d1d39000-7f96d1d3a000 r--p 00026000 fd:00 75155                      /usr/lib64/libxcb.so.1.1.0
7f96d1d3a000-7f96d1d3b000 rw-p 00027000 fd:00 75155                      /usr/lib64/libxcb.so.1.1.0
7f96d1d3b000-7f96d1d3d000 r-xp 00000000 fd:00 75131                      /usr/lib64/libxcb-shm.so.0.0.0
7f96d1d3d000-7f96d1f3d000 ---p 00002000 fd:00 75131                      /usr/lib64/libxcb-shm.so.0.0.0
7f96d1f3d000-7f96d1f3e000 r--p 00002000 fd:00 75131                      /usr/lib64/libxcb-shm.so.0.0.0
7f96d1f3e000-7f96d1f3f000 rw-p 00003000 fd:00 75131                      /usr/lib64/libxcb-shm.so.0.0.0
7f96d1f3f000-7f96d1f51000 r-xp 00000000 fd:00 1054344                    /usr/lib64/libEGL.so.1.1.0
7f96d1f51000-7f96d2151000 ---p 00012000 fd:00 1054344                    /usr/lib64/libEGL.so.1.1.0
7f96d2151000-7f96d2152000 r--p 00012000 fd:00 1054344                    /usr/lib64/libEGL.so.1.1.0
7f96d2152000-7f96d2153000 rw-p 00013000 fd:00 1054344                    /usr/lib64/libEGL.so.1.1.0
7f96d2153000-7f96d21f3000 r-xp 00000000 fd:00 75194                      /usr/lib64/libpixman-1.so.0.34.0
7f96d21f3000-7f96d23f3000 ---p 000a0000 fd:00 75194                      /usr/lib64/libpixman-1.so.0.34.0
7f96d23f3000-7f96d23fb000 r--p 000a0000 fd:00 75194                      /usr/lib64/libpixman-1.so.0.34.0
7f96d23fb000-7f96d23fc000 rw-p 000a8000 fd:00 75194                      /usr/lib64/libpixman-1.so.0.34.0
7f96d23fc000-7f96d2425000 r-xp 00000000 fd:00 73761                      /usr/lib64/libpng15.so.15.13.0
7f96d2425000-7f96d2625000 ---p 00029000 fd:00 73761                      /usr/lib64/libpng15.so.15.13.0
7f96d2625000-7f96d2626000 r--p 00029000 fd:00 73761                      /usr/lib64/libpng15.so.15.13.0
7f96d2626000-7f96d2627000 rw-p 0002a000 fd:00 73761                      /usr/lib64/libpng15.so.15.13.0
7f96d2627000-7f96d26c3000 r-xp 00000000 fd:00 114955                     /usr/lib64/libharfbuzz.so.0.10705.0
7f96d26c3000-7f96d28c2000 ---p 0009c000 fd:00 114955                     /usr/lib64/libharfbuzz.so.0.10705.0
7f96d28c2000-7f96d28c3000 r--p 0009b000 fd:00 114955                     /usr/lib64/libharfbuzz.so.0.10705.0
7f96d28c3000-7f96d28c4000 rw-p 0009c000 fd:00 114955                     /usr/lib64/libharfbuzz.so.0.10705.0
7f96d28c4000-7f96d28d9000 r-xp 00000000 fd:00 2820169                    /usr/lib64/libgcc_s-4.8.5-20150702.so.1
7f96d28d9000-7f96d2ad8000 ---p 00015000 fd:00 2820169                    /usr/lib64/libgcc_s-4.8.5-20150702.so.1
7f96d2ad8000-7f96d2ad9000 r--p 00014000 fd:00 2820169                    /usr/lib64/libgcc_s-4.8.5-20150702.so.1
7f96d2ad9000-7f96d2ada000 rw-p 00015000 fd:00 2820169                    /usr/lib64/libgcc_s-4.8.5-20150702.so.1
7f96d2ada000-7f96d2b1a000 r-xp 00000000 fd:00 1026303                    /usr/lib64/libmount.so.1.1.0
7f96d2b1a000-7f96d2d1a000 ---p 00040000 fd:00 1026303                    /usr/lib64/libmount.so.1.1.0
7f96d2d1a000-7f96d2d1b000 r--p 00040000 fd:00 1026303                    /usr/lib64/libmount.so.1.1.0
7f96d2d1b000-7f96d2d1c000 rw-p 00041000 fd:00 1026303                    /usr/lib64/libmount.so.1.1.0
7f96d2d1c000-7f96d2d1d000 rw-p 00000000 00:00 0 
7f96d2d1d000-7f96d2d33000 r-xp 00000000 fd:00 73318                      /usr/lib64/libresolv-2.17.so
7f96d2d33000-7f96d2f32000 ---p 00016000 fd:00 73318                      /usr/lib64/libresolv-2.17.so
7f96d2f32000-7f96d2f33000 r--p 00015000 fd:00 73318                      /usr/lib64/libresolv-2.17.so
7f96d2f33000-7f96d2f34000 rw-p 00016000 fd:00 73318                      /usr/lib64/libresolv-2.17.so
7f96d2f34000-7f96d2f36000 rw-p 00000000 00:00 0 
7f96d2f36000-7f96d2f5a000 r-xp 00000000 fd:00 73564                      /usr/lib64/libselinux.so.1
7f96d2f5a000-7f96d3159000 ---p 00024000 fd:00 73564                      /usr/lib64/libselinux.so.1
7f96d3159000-7f96d315a000 r--p 00023000 fd:00 73564                      /usr/lib64/libselinux.so.1
7f96d315a000-7f96d315b000 rw-p 00024000 fd:00 73564                      /usr/lib64/libselinux.so.1
7f96d315b000-7f96d315d000 rw-p 00000000 00:00 0 
7f96d315d000-7f96d3172000 r-xp 00000000 fd:00 73343                      /usr/lib64/libz.so.1.2.7
7f96d3172000-7f96d3371000 ---p 00015000 fd:00 73343                      /usr/lib64/libz.so.1.2.7
7f96d3371000-7f96d3372000 r--p 00014000 fd:00 73343                      /usr/lib64/libz.so.1.2.7
7f96d3372000-7f96d3373000 rw-p 00015000 fd:00 73343                      /usr/lib64/libz.so.1.2.7
7f96d3373000-7f96d33d3000 r-xp 00000000 fd:00 73496                      /usr/lib64/libpcre.so.1.2.0
7f96d33d3000-7f96d35d3000 ---p 00060000 fd:00 73496                      /usr/lib64/libpcre.so.1.2.0
7f96d35d3000-7f96d35d4000 r--p 00060000 fd:00 73496                      /usr/lib64/libpcre.so.1.2.0
7f96d35d4000-7f96d35d5000 rw-p 00061000 fd:00 73496                      /usr/lib64/libpcre.so.1.2.0
7f96d35d5000-7f96d35dc000 r-xp 00000000 fd:00 73544                      /usr/lib64/libffi.so.6.0.1
7f96d35dc000-7f96d37db000 ---p 00007000 fd:00 73544                      /usr/lib64/libffi.so.6.0.1
7f96d37db000-7f96d37dc000 r--p 00006000 fd:00 73544                      /usr/lib64/libffi.so.6.0.1
7f96d37dc000-7f96d37dd000 rw-p 00007000 fd:00 73544                      /usr/lib64/libffi.so.6.0.1
7f96d37dd000-7f96d37ee000 r-xp 00000000 fd:00 75162                      /usr/lib64/libXext.so.6.4.0
7f96d37ee000-7f96d39ed000 ---p 00011000 fd:00 75162                      /usr/lib64/libXext.so.6.4.0
7f96d39ed000-7f96d39ee000 r--p 00010000 fd:00 75162                      /usr/lib64/libXext.so.6.4.0
7f96d39ee000-7f96d39ef000 rw-p 00011000 fd:00 75162                      /usr/lib64/libXext.so.6.4.0
7f96d39ef000-7f96d39f1000 r-xp 00000000 fd:00 75172                      /usr/lib64/libXdamage.so.1.1.0
7f96d39f1000-7f96d3bf0000 ---p 00002000 fd:00 75172                      /usr/lib64/libXdamage.so.1.1.0
7f96d3bf0000-7f96d3bf1000 r--p 00001000 fd:00 75172                      /usr/lib64/libXdamage.so.1.1.0
7f96d3bf1000-7f96d3bf2000 rw-p 00002000 fd:00 75172                      /usr/lib64/libXdamage.so.1.1.0
7f96d3bf2000-7f96d3bf4000 r-xp 00000000 fd:00 75174                      /usr/lib64/libXcomposite.so.1.0.0
7f96d3bf4000-7f96d3df3000 ---p 00002000 fd:00 75174                      /usr/lib64/libXcomposite.so.1.0.0
7f96d3df3000-7f96d3df4000 r--p 00001000 fd:00 75174                      /usr/lib64/libXcomposite.so.1.0.0
7f96d3df4000-7f96d3df5000 rw-p 00002000 fd:00 75174                      /usr/lib64/libXcomposite.so.1.0.0
7f96d3df5000-7f96d3dfe000 r-xp 00000000 fd:00 75273                      /usr/lib64/libXcursor.so.1.0.2
7f96d3dfe000-7f96d3ffe000 ---p 00009000 fd:00 75273                      /usr/lib64/libXcursor.so.1.0.2
7f96d3ffe000-7f96d3fff000 r--p 00009000 fd:00 75273                      /usr/lib64/libXcursor.so.1.0.2
7f96d3fff000-7f96d4000000 rw-p 0000a000 fd:00 75273                      /usr/lib64/libXcursor.so.1.0.2
7f96d4000000-7f96d4021000 rw-p 00000000 00:00 0 
7f96d4021000-7f96d8000000 ---p 00000000 00:00 0 
7f96d8000000-7f96d8021000 rw-p 00000000 00:00 0 
7f96d8021000-7f96dc000000 ---p 00000000 00:00 0 
7f96dc000000-7f96dc733000 rw-p 00000000 00:00 0 
7f96dc733000-7f96e0000000 ---p 00000000 00:00 0 
7f96e0000000-7f96e0322000 rw-p 00000000 00:00 0 
7f96e0322000-7f96e4000000 ---p 00000000 00:00 0 
7f96e4000000-7f96e4561000 rw-p 00000000 00:00 0 
7f96e4561000-7f96e8000000 ---p 00000000 00:00 0 
7f96e8000000-7f96e8d83000 rw-p 00000000 00:00 0 
7f96e8d83000-7f96ec000000 ---p 00000000 00:00 0 
7f96ec000000-7f96ec021000 rw-p 00000000 00:00 0 
7f96ec021000-7f96f0000000 ---p 00000000 00:00 0 
7f96f0005000-7f96f000f000 r--s 000e2000 fd:00 558501                     /usr/java/jdk1.8.0_191-amd64/jre/lib/javaws.jar
7f96f000f000-7f96f0064000 r--p 00000000 fd:00 34883722                   /usr/java/jdk1.8.0_191-amd64/jre/lib/fonts/LucidaBrightRegular.ttf
7f96f0064000-7f96f0078000 r--p 00000000 fd:00 34883721                   /usr/java/jdk1.8.0_191-amd64/jre/lib/fonts/LucidaBrightItalic.ttf
7f96f0078000-7f96f01b9000 rw-s 00000000 fd:00 102835944                  /home/abahaa/.cache/mesa_shader_cache/index
7f96f01b9000-7f96f01c3000 r-xp 00000000 fd:00 75181                      /usr/lib64/libXrandr.so.2.2.0
7f96f01c3000-7f96f03c2000 ---p 0000a000 fd:00 75181                      /usr/lib64/libXrandr.so.2.2.0
7f96f03c2000-7f96f03c3000 r--p 00009000 fd:00 75181                      /usr/lib64/libXrandr.so.2.2.0
7f96f03c3000-7f96f03c4000 rw-p 0000a000 fd:00 75181                      /usr/lib64/libXrandr.so.2.2.0
7f96f03c4000-7f96f03d3000 r-xp 00000000 fd:00 75170                      /usr/lib64/libXi.so.6.1.0
7f96f03d3000-7f96f05d2000 ---p 0000f000 fd:00 75170                      /usr/lib64/libXi.so.6.1.0
7f96f05d2000-7f96f05d3000 r--p 0000e000 fd:00 75170                      /usr/lib64/libXi.so.6.1.0
7f96f05d3000-7f96f05d4000 rw-p 0000f000 fd:00 75170                      /usr/lib64/libXi.so.6.1.0
7f96f05d4000-7f96f05d6000 r-xp 00000000 fd:00 75185                      /usr/lib64/libXinerama.so.1.0.0
7f96f05d6000-7f96f07d5000 ---p 00002000 fd:00 75185                      /usr/lib64/libXinerama.so.1.0.0
7f96f07d5000-7f96f07d6000 r--p 00001000 fd:00 75185                      /usr/lib64/libXinerama.so.1.0.0
7f96f07d6000-7f96f07d7000 rw-p 00002000 fd:00 75185                      /usr/lib64/libXinerama.so.1.0.0
7f96f07d7000-7f96f07e0000 r-xp 00000000 fd:00 75176                      /usr/lib64/libXrender.so.1.3.0
7f96f07e0000-7f96f09e0000 ---p 00009000 fd:00 75176                      /usr/lib64/libXrender.so.1.3.0
7f96f09e0000-7f96f09e1000 r--p 00009000 fd:00 75176                      /usr/lib64/libXrender.so.1.3.0
7f96f09e1000-7f96f09e2000 rw-p 0000a000 fd:00 75176                      /usr/lib64/libXrender.so.1.3.0
7f96f09e2000-7f96f09e7000 r-xp 00000000 fd:00 75164                      /usr/lib64/libXfixes.so.3.1.0
7f96f09e7000-7f96f0be6000 ---p 00005000 fd:00 75164                      /usr/lib64/libXfixes.so.3.1.0
7f96f0be6000-7f96f0be7000 r--p 00004000 fd:00 75164                      /usr/lib64/libXfixes.so.3.1.0
7f96f0be7000-7f96f0be8000 rw-p 00005000 fd:00 75164                      /usr/lib64/libXfixes.so.3.1.0
7f96f0be8000-7f96f0c59000 r-xp 00000000 fd:00 823600                     /usr/lib64/libGL.so.1.7.0
7f96f0c59000-7f96f0e58000 ---p 00071000 fd:00 823600                     /usr/lib64/libGL.so.1.7.0
7f96f0e58000-7f96f0e72000 r--p 00070000 fd:00 823600                     /usr/lib64/libGL.so.1.7.0
7f96f0e72000-7f96f0e73000 rw-p 0008a000 fd:00 823600                     /usr/lib64/libGL.so.1.7.0
7f96f0e73000-7f96f0e74000 rw-p 00000000 00:00 0 
7f96f0e74000-7f96f0e79000 r-xp 00000000 fd:00 138234                     /usr/lib64/libXxf86vm.so.1.0.0
7f96f0e79000-7f96f1078000 ---p 00005000 fd:00 138234                     /usr/lib64/libXxf86vm.so.1.0.0
7f96f1078000-7f96f1079000 r--p 00004000 fd:00 138234                     /usr/lib64/libXxf86vm.so.1.0.0
7f96f1079000-7f96f107a000 rw-p 00005000 fd:00 138234                     /usr/lib64/libXxf86vm.so.1.0.0
7f96f107a000-7f96f11b2000 r-xp 00000000 fd:00 37799                      /usr/lib64/libX11.so.6.3.0
7f96f11b2000-7f96f13b2000 ---p 00138000 fd:00 37799                      /usr/lib64/libX11.so.6.3.0
7f96f13b2000-7f96f13b3000 r--p 00138000 fd:00 37799                      /usr/lib64/libX11.so.6.3.0
7f96f13b3000-7f96f13b8000 rw-p 00139000 fd:00 37799                      /usr/lib64/libX11.so.6.3.0
7f96f13b8000-7f96f13bd000 r-xp 00000000 fd:00 75183                      /usr/lib64/libXtst.so.6.1.0
7f96f13bd000-7f96f15bc000 ---p 00005000 fd:00 75183                      /usr/lib64/libXtst.so.6.1.0
7f96f15bc000-7f96f15bd000 r--p 00004000 fd:00 75183                      /usr/lib64/libXtst.so.6.1.0
7f96f15bd000-7f96f15be000 rw-p 00005000 fd:00 75183                      /usr/lib64/libXtst.so.6.1.0
7f96f15be000-7f96f16d2000 r-xp 00000000 fd:00 73715                      /usr/lib64/libglib-2.0.so.0.5600.1
7f96f16d2000-7f96f18d1000 ---p 00114000 fd:00 73715                      /usr/lib64/libglib-2.0.so.0.5600.1
7f96f18d1000-7f96f18d2000 r--p 00113000 fd:00 73715                      /usr/lib64/libglib-2.0.so.0.5600.1
7f96f18d2000-7f96f18d3000 rw-p 00114000 fd:00 73715                      /usr/lib64/libglib-2.0.so.0.5600.1
7f96f18d3000-7f96f18d4000 rw-p 00000000 00:00 0 
7f96f18d4000-7f96f18d5000 r-xp 00000000 fd:00 75215                      /usr/lib64/libgthread-2.0.so.0.5600.1
7f96f18d5000-7f96f1ad4000 ---p 00001000 fd:00 75215                      /usr/lib64/libgthread-2.0.so.0.5600.1
7f96f1ad4000-7f96f1ad5000 r--p 00000000 fd:00 75215                      /usr/lib64/libgthread-2.0.so.0.5600.1
7f96f1ad5000-7f96f1ad6000 rw-p 00001000 fd:00 75215                      /usr/lib64/libgthread-2.0.so.0.5600.1
7f96f1ad6000-7f96f8000000 r--p 00000000 fd:00 34031874                   /usr/lib/locale/locale-archive
7f96f8000000-7f96f8021000 rw-p 00000000 00:00 0 
7f96f8021000-7f96fc000000 ---p 00000000 00:00 0 
7f96fc000000-7f96fc021000 rw-p 00000000 00:00 0 
7f96fc021000-7f9700000000 ---p 00000000 00:00 0 
7f9700000000-7f9700021000 rw-p 00000000 00:00 0 
7f9700021000-7f9704000000 ---p 00000000 00:00 0 
7f9704004000-7f970400c000 r--s 000c4000 fd:00 101538221                  /home/abahaa/NetBeansProjects/Super_XO2/dist/lib/mysql-connector-java-5.1.23-bin.jar
7f970400c000-7f970401f000 r--p 00000000 fd:00 34883720                   /usr/java/jdk1.8.0_191-amd64/jre/lib/fonts/LucidaBrightDemiItalic.ttf
7f970401f000-7f9704022000 r-xp 00000000 fd:00 73717                      /usr/lib64/libgmodule-2.0.so.0.5600.1
7f9704022000-7f9704221000 ---p 00003000 fd:00 73717                      /usr/lib64/libgmodule-2.0.so.0.5600.1
7f9704221000-7f9704222000 r--p 00002000 fd:00 73717                      /usr/lib64/libgmodule-2.0.so.0.5600.1
7f9704222000-7f9704223000 rw-p 00003000 fd:00 73717                      /usr/lib64/libgmodule-2.0.so.0.5600.1
7f9704223000-7f9704272000 r-xp 00000000 fd:00 74972                      /usr/lib64/libgobject-2.0.so.0.5600.1
7f9704272000-7f9704471000 ---p 0004f000 fd:00 74972                      /usr/lib64/libgobject-2.0.so.0.5600.1
7f9704471000-7f9704472000 r--p 0004e000 fd:00 74972                      /usr/lib64/libgobject-2.0.so.0.5600.1
7f9704472000-7f9704473000 rw-p 0004f000 fd:00 74972                      /usr/lib64/libgobject-2.0.so.0.5600.1
7f9704473000-7f97044b3000 r-xp 00000000 fd:00 1026286                    /usr/lib64/libfontconfig.so.1.11.1
7f97044b3000-7f97046b2000 ---p 00040000 fd:00 1026286                    /usr/lib64/libfontconfig.so.1.11.1
7f97046b2000-7f97046b4000 r--p 0003f000 fd:00 1026286                    /usr/lib64/libfontconfig.so.1.11.1
7f97046b4000-7f97046b5000 rw-p 00041000 fd:00 1026286                    /usr/lib64/libfontconfig.so.1.11.1
7f97046b5000-7f970476c000 r-xp 00000000 fd:00 73448                      /usr/lib64/libfreetype.so.6.14.0
7f970476c000-7f970496c000 ---p 000b7000 fd:00 73448                      /usr/lib64/libfreetype.so.6.14.0
7f970496c000-7f9704973000 r--p 000b7000 fd:00 73448                      /usr/lib64/libfreetype.so.6.14.0
7f9704973000-7f9704974000 rw-p 000be000 fd:00 73448                      /usr/lib64/libfreetype.so.6.14.0
7f9704974000-7f97049b6000 r-xp 00000000 fd:00 1054356                    /usr/lib64/libpango-1.0.so.0.4200.3
7f97049b6000-7f9704bb6000 ---p 00042000 fd:00 1054356                    /usr/lib64/libpango-1.0.so.0.4200.3
7f9704bb6000-7f9704bb9000 r--p 00042000 fd:00 1054356                    /usr/lib64/libpango-1.0.so.0.4200.3
7f9704bb9000-7f9704bba000 rw-p 00045000 fd:00 1054356                    /usr/lib64/libpango-1.0.so.0.4200.3
7f9704bba000-7f9704cea000 r-xp 00000000 fd:00 1054350                    /usr/lib64/libcairo.so.2.11512.0
7f9704cea000-7f9704eea000 ---p 00130000 fd:00 1054350                    /usr/lib64/libcairo.so.2.11512.0
7f9704eea000-7f9704eed000 r--p 00130000 fd:00 1054350                    /usr/lib64/libcairo.so.2.11512.0
7f9704eed000-7f9704eef000 rw-p 00133000 fd:00 1054350                    /usr/lib64/libcairo.so.2.11512.0
7f9704eef000-7f9704ef1000 rw-p 00000000 00:00 0 
7f9704ef1000-7f9704efd000 r-xp 00000000 fd:00 1054358                    /usr/lib64/libpangocairo-1.0.so.0.4200.3
7f9704efd000-7f97050fd000 ---p 0000c000 fd:00 1054358                    /usr/lib64/libpangocairo-1.0.so.0.4200.3
7f97050fd000-7f97050fe000 r--p 0000c000 fd:00 1054358                    /usr/lib64/libpangocairo-1.0.so.0.4200.3
7f97050fe000-7f97050ff000 rw-p 0000d000 fd:00 1054358                    /usr/lib64/libpangocairo-1.0.so.0.4200.3
7f97050ff000-7f9705125000 r-xp 00000000 fd:00 72177                      /usr/lib64/libgdk_pixbuf-2.0.so.0.3612.0
7f9705125000-7f9705325000 ---p 00026000 fd:00 72177                      /usr/lib64/libgdk_pixbuf-2.0.so.0.3612.0
7f9705325000-7f9705326000 r--p 00026000 fd:00 72177                      /usr/lib64/libgdk_pixbuf-2.0.so.0.3612.0
7f9705326000-7f9705327000 rw-p 00027000 fd:00 72177                      /usr/lib64/libgdk_pixbuf-2.0.so.0.3612.0
7f9705327000-7f970533b000 r-xp 00000000 fd:00 1054360                    /usr/lib64/libpangoft2-1.0.so.0.4200.3
7f970533b000-7f970553b000 ---p 00014000 fd:00 1054360                    /usr/lib64/libpangoft2-1.0.so.0.4200.3
7f970553b000-7f970553c000 r--p 00014000 fd:00 1054360                    /usr/lib64/libpangoft2-1.0.so.0.4200.3
7f970553c000-7f970553d000 rw-p 00000000 00:00 0 
7f970553d000-7f97056d2000 r-xp 00000000 fd:00 73712                      /usr/lib64/libgio-2.0.so.0.5600.1
7f97056d2000-7f97058d2000 ---p 00195000 fd:00 73712                      /usr/lib64/libgio-2.0.so.0.5600.1
7f97058d2000-7f97058d7000 r--p 00195000 fd:00 73712                      /usr/lib64/libgio-2.0.so.0.5600.1
7f97058d7000-7f97058da000 rw-p 0019a000 fd:00 73712                      /usr/lib64/libgio-2.0.so.0.5600.1
7f97058da000-7f97058dc000 rw-p 00000000 00:00 0 
7f97058dc000-7f97058ff000 r-xp 00000000 fd:00 75396                      /usr/lib64/libatk-1.0.so.0.22810.1
7f97058ff000-7f9705afe000 ---p 00023000 fd:00 75396                      /usr/lib64/libatk-1.0.so.0.22810.1
7f9705afe000-7f9705b01000 r--p 00022000 fd:00 75396                      /usr/lib64/libatk-1.0.so.0.22810.1
7f9705b01000-7f9705b02000 rw-p 00025000 fd:00 75396                      /usr/lib64/libatk-1.0.so.0.22810.1
7f9705b02000-7f9705bbe000 r-xp 00000000 fd:00 1067986                    /usr/lib64/libgdk-x11-2.0.so.0.2400.31
7f9705bbe000-7f9705dbd000 ---p 000bc000 fd:00 1067986                    /usr/lib64/libgdk-x11-2.0.so.0.2400.31
7f9705dbd000-7f9705dc1000 r--p 000bb000 fd:00 1067986                    /usr/lib64/libgdk-x11-2.0.so.0.2400.31
7f9705dc1000-7f9705dc3000 rw-p 000bf000 fd:00 1067986                    /usr/lib64/libgdk-x11-2.0.so.0.2400.31
7f9705dc3000-7f9706238000 r-xp 00000000 fd:00 1067988                    /usr/lib64/libgtk-x11-2.0.so.0.2400.31
7f9706238000-7f9706437000 ---p 00475000 fd:00 1067988                    /usr/lib64/libgtk-x11-2.0.so.0.2400.31
7f9706437000-7f970643e000 r--p 00474000 fd:00 1067988                    /usr/lib64/libgtk-x11-2.0.so.0.2400.31
7f970643e000-7f9706442000 rw-p 0047b000 fd:00 1067988                    /usr/lib64/libgtk-x11-2.0.so.0.2400.31
7f9706442000-7f9706445000 rw-p 00000000 00:00 0 
7f9706445000-7f9706451000 r-xp 00000000 fd:00 34883185                   /usr/java/jdk1.8.0_191-amd64/jre/lib/amd64/libprism_es2.so
7f9706451000-7f9706650000 ---p 0000c000 fd:00 34883185                   /usr/java/jdk1.8.0_191-amd64/jre/lib/amd64/libprism_es2.so
7f9706650000-7f9706651000 r--p 0000b000 fd:00 34883185                   /usr/java/jdk1.8.0_191-amd64/jre/lib/amd64/libprism_es2.so
7f9706651000-7f9706652000 rw-p 0000c000 fd:00 34883185                   /usr/java/jdk1.8.0_191-amd64/jre/lib/amd64/libprism_es2.so
7f9706652000-7f9706655000 ---p 00000000 00:00 0 
7f9706655000-7f9706753000 rw-p 00000000 00:00 0 
7f9706753000-7f97067e8000 r--s 007c0000 fd:00 559939                     /usr/java/jdk1.8.0_191-amd64/jre/lib/ext/jfxrt.jar
7f97067e8000-7f97067e9000 ---p 00000000 00:00 0 
7f97067e9000-7f97068e9000 rw-p 00000000 00:00 0 
7f97068e9000-7f97068ec000 ---p 00000000 00:00 0 
7f97068ec000-7f97069ea000 rw-p 00000000 00:00 0 
7f97069ea000-7f97069ee000 ---p 00000000 00:00 0 
7f97069ee000-7f9706aeb000 rw-p 00000000 00:00 0 
7f9706aeb000-7f9706aef000 ---p 00000000 00:00 0 
7f9706aef000-7f9706bec000 rw-p 00000000 00:00 0 
7f9706bec000-7f9706bf0000 ---p 00000000 00:00 0 
7f9706bf0000-7f9706ced000 rw-p 00000000 00:00 0 
7f9706ced000-7f9706cf1000 ---p 00000000 00:00 0 
7f9706cf1000-7f9706dee000 rw-p 00000000 00:00 0 
7f9706dee000-7f9706df1000 ---p 00000000 00:00 0 
7f9706df1000-7f9706eef000 rw-p 00000000 00:00 0 
7f9706eef000-7f9706ef2000 ---p 00000000 00:00 0 
7f9706ef2000-7f9706ff0000 rw-p 00000000 00:00 0 
7f9706ff0000-7f9706ff3000 ---p 00000000 00:00 0 
7f9706ff3000-7f97070f1000 rw-p 00000000 00:00 0 
7f97070f1000-7f97070f2000 ---p 00000000 00:00 0 
7f97070f2000-7f9708000000 rw-p 00000000 00:00 0 
7f9708000000-7f9708021000 rw-p 00000000 00:00 0 
7f9708021000-7f970c000000 ---p 00000000 00:00 0 
7f970c005000-7f970c006000 rw-p 00000000 00:00 0 
7f970c006000-7f970c00a000 r--s 000a0000 fd:00 558504                     /usr/java/jdk1.8.0_191-amd64/jre/lib/jsse.jar
7f970c00a000-7f970c01d000 r--p 00000000 fd:00 34883719                   /usr/java/jdk1.8.0_191-amd64/jre/lib/fonts/LucidaBrightDemiBold.ttf
7f970c01d000-7f970c023000 r--s 0003e000 fd:00 559970                     /usr/java/jdk1.8.0_191-amd64/jre/lib/jfr.jar
7f970c023000-7f970c025000 r--s 00000000 fd:00 33896919                   /usr/lib/fontconfig/cache/e264f4e0-802e-4f91-8603-62c8349e641d-le64.cache-7
7f970c025000-7f970c031000 r--s 00000000 fd:00 34243430                   /usr/lib/fontconfig/cache/27eb7955-d5f7-4cc2-8c8f-1629a0a6b767-le64.cache-7
7f970c031000-7f970c03c000 r--s 00000000 fd:00 33896913                   /usr/lib/fontconfig/cache/a34187c3-155b-475d-bbd0-c1af449726d8-le64.cache-7
7f970c03c000-7f9714000000 rw-p 00000000 00:00 0 
7f9714000000-7f9714021000 rw-p 00000000 00:00 0 
7f9714021000-7f9718000000 ---p 00000000 00:00 0 
7f9718000000-7f9718021000 rw-p 00000000 00:00 0 
7f9718021000-7f971c000000 ---p 00000000 00:00 0 
7f971c000000-7f971c021000 rw-p 00000000 00:00 0 
7f971c021000-7f9720000000 ---p 00000000 00:00 0 
7f9720000000-7f9720021000 rw-p 00000000 00:00 0 
7f9720021000-7f9724000000 ---p 00000000 00:00 0 
7f9724000000-7f9724021000 rw-p 00000000 00:00 0 
7f9724021000-7f9728000000 ---p 00000000 00:00 0 
7f9728000000-7f9728021000 rw-p 00000000 00:00 0 
7f9728021000-7f972c000000 ---p 00000000 00:00 0 
7f972c000000-7f972c021000 rw-p 00000000 00:00 0 
7f972c021000-7f9730000000 ---p 00000000 00:00 0 
7f9730000000-7f9730003000 r--s 00000000 fd:00 33896916                   /usr/lib/fontconfig/cache/eea60094-5eb1-417c-b11b-188172116acc-le64.cache-7
7f9730003000-7f9730005000 r--s 00000000 fd:00 33896915                   /usr/lib/fontconfig/cache/fb4006aa-47d2-4722-9268-04cc7526b62f-le64.cache-7
7f9730005000-7f9730007000 r--s 00000000 fd:00 33896914                   /usr/lib/fontconfig/cache/b4bf62c1-e14b-4831-82f6-8be807c5ed8d-le64.cache-7
7f9730007000-7f9730009000 r--s 00000000 fd:00 33896911                   /usr/lib/fontconfig/cache/e188e741-3373-4bab-a3f6-abeca097ce7d-le64.cache-7
7f9730009000-7f973000c000 r--s 00000000 fd:00 33896910                   /usr/lib/fontconfig/cache/ec9e007e-658a-42d7-bfe4-78794ee9acfa-le64.cache-7
7f973000c000-7f973000d000 r--s 00000000 fd:00 33896909                   /usr/lib/fontconfig/cache/c20270c0-f3ca-4027-961d-3c5941d8add0-le64.cache-7
7f973000d000-7f973000e000 r--s 00000000 fd:00 33896908                   /usr/lib/fontconfig/cache/7d2d3c38-37f9-4f6d-8e6a-9b1e9072d443-le64.cache-7
7f973000e000-7f973000f000 r--s 00000000 fd:00 33896806                   /usr/lib/fontconfig/cache/0cf010fd-7b34-4481-99b1-6711e5de11cf-le64.cache-7
7f973000f000-7f9730010000 r--s 00000000 fd:00 33839075                   /usr/lib/fontconfig/cache/c40b206a-45e3-414b-9b60-9d016d16dda1-le64.cache-7
7f9730010000-7f9730013000 r--s 00000000 fd:00 33839074                   /usr/lib/fontconfig/cache/6f25b961-c99c-4bde-9d5d-54d48bdfbcbf-le64.cache-7
7f9730013000-7f9730014000 r--s 00000000 fd:00 33839073                   /usr/lib/fontconfig/cache/ad5f7ae4-d1b5-4021-bdc9-8332b64e26ad-le64.cache-7
7f9730014000-7f9730018000 r--s 00000000 fd:00 33839065                   /usr/lib/fontconfig/cache/3962ee71-ed11-4219-83de-184f46e1cefb-le64.cache-7
7f9730018000-7f9730019000 r--s 00000000 fd:00 34235640                   /usr/lib/fontconfig/cache/4f661dd0-28cf-44fd-9ba9-19e6996bb607-le64.cache-7
7f9730019000-7f973001d000 r--s 00000000 fd:00 34243455                   /usr/lib/fontconfig/cache/93c23501-79ba-411d-bf0c-ebae5472f03f-le64.cache-7
7f973001d000-7f9730020000 r--s 00000000 fd:00 34243454                   /usr/lib/fontconfig/cache/6ef13bd1-66f8-453e-a21b-4cd5fdd6096f-le64.cache-7
7f9730020000-7f9730021000 r--s 00000000 fd:00 34243453                   /usr/lib/fontconfig/cache/402f9752-abe9-4399-9a47-eb850a633a83-le64.cache-7
7f9730021000-7f9730022000 r--s 00000000 fd:00 34243452                   /usr/lib/fontconfig/cache/15b05ae0-3233-4c69-a8bf-1c8d8f2389b8-le64.cache-7
7f9730022000-7f9730023000 r--s 00000000 fd:00 34243451                   /usr/lib/fontconfig/cache/9828138a-2823-4fa2-985f-5b9562846157-le64.cache-7
7f9730023000-7f9730024000 r--s 00000000 fd:00 34243450                   /usr/lib/fontconfig/cache/62ce30e3-c636-4732-be91-9d4451d8c60f-le64.cache-7
7f9730024000-7f9730025000 r--s 00000000 fd:00 34243449                   /usr/lib/fontconfig/cache/2fdcfc24-37dd-44c5-a815-0235b3643950-le64.cache-7
7f9730025000-7f9730026000 r--s 00000000 fd:00 34243448                   /usr/lib/fontconfig/cache/6fc7136a-9d6a-4264-980e-ec590d3f6109-le64.cache-7
7f9730026000-7f9730027000 r--s 00000000 fd:00 34243447                   /usr/lib/fontconfig/cache/fe8392d3-57f2-4818-96f5-fa0d944a67e8-le64.cache-7
7f9730027000-7f9730028000 r--s 00000000 fd:00 34243446                   /usr/lib/fontconfig/cache/1f1556cc-5fc8-476d-9122-0abdbf25de3f-le64.cache-7
7f9730028000-7f9730029000 r--s 00000000 fd:00 34243444                   /usr/lib/fontconfig/cache/c213e4ba-231e-4b88-bf75-a0c1040f7139-le64.cache-7
7f9730029000-7f973002a000 r--s 00000000 fd:00 34243443                   /usr/lib/fontconfig/cache/0115039f-08aa-4524-b0b4-3d145df173ce-le64.cache-7
7f973002a000-7f973002b000 r--s 00000000 fd:00 34243442                   /usr/lib/fontconfig/cache/1122e3be-ad35-4d87-8165-c2ccbb8661c6-le64.cache-7
7f973002b000-7f973002c000 r--s 00000000 fd:00 34243440                   /usr/lib/fontconfig/cache/4d89ac15-b64e-41c5-b6b7-51b0dbafc872-le64.cache-7
7f973002c000-7f9730033000 r--s 00000000 fd:00 34243437                   /usr/lib/fontconfig/cache/0407bc89-1448-460b-b354-f90a56949c4e-le64.cache-7
7f9730033000-7f9731000000 rw-p 00000000 00:00 0 
7f9731000000-7f97316b0000 rwxp 00000000 00:00 0 
7f97316b0000-7f9740000000 ---p 00000000 00:00 0 
7f9740000000-7f97404c1000 rw-p 00000000 00:00 0 
7f97404c1000-7f9744000000 ---p 00000000 00:00 0 
7f9744000000-7f9744001000 r--s 00000000 fd:00 34243439                   /usr/lib/fontconfig/cache/717cd4ef-194c-4d80-9ff7-e16e0aa43750-le64.cache-7
7f9744001000-7f9744009000 r--s 00000000 fd:00 34243431                   /usr/lib/fontconfig/cache/a09956e4-0176-4552-9857-5df7e58f9e12-le64.cache-7
7f9744009000-7f9744014000 r--s 00000000 fd:00 33896921                   /usr/lib/fontconfig/cache/f31382b8-ee6e-4fae-b2e3-abe0069c182e-le64.cache-7
7f9744014000-7f97442c8000 rw-p 00000000 00:00 0 
7f97442c8000-7f97444a2000 r--s 03d24000 fd:00 558503                     /usr/java/jdk1.8.0_191-amd64/jre/lib/rt.jar
7f97444a2000-7f9744cd4000 rw-p 00000000 00:00 0 
7f9744cd4000-7f9744cd5000 ---p 00000000 00:00 0 
7f9744cd5000-7f9744dd5000 rw-p 00000000 00:00 0 
7f9744dd5000-7f9744dd6000 ---p 00000000 00:00 0 
7f9744dd6000-7f9744ed6000 rw-p 00000000 00:00 0 
7f9744ed6000-7f9744ed7000 ---p 00000000 00:00 0 
7f9744ed7000-7f9744fd7000 rw-p 00000000 00:00 0 
7f9744fd7000-7f9744fd8000 ---p 00000000 00:00 0 
7f9744fd8000-7f97450d8000 rw-p 00000000 00:00 0 
7f97450d8000-7f97450d9000 ---p 00000000 00:00 0 
7f97450d9000-7f97451d9000 rw-p 00000000 00:00 0 
7f97451d9000-7f97451da000 ---p 00000000 00:00 0 
7f97451da000-7f97452da000 rw-p 00000000 00:00 0 
7f97452da000-7f97452db000 ---p 00000000 00:00 0 
7f97452db000-7f97453db000 rw-p 00000000 00:00 0 
7f97453db000-7f97453dc000 ---p 00000000 00:00 0 
7f97453dc000-7f974552f000 rw-p 00000000 00:00 0 
7f974552f000-7f9745a04000 ---p 00000000 00:00 0 
7f9745a04000-7f9745a57000 rw-p 00000000 00:00 0 
7f9745a57000-7f9745f2c000 ---p 00000000 00:00 0 
7f9745f2c000-7f9745f3c000 rw-p 00000000 00:00 0 
7f9745f3c000-7f97461c0000 ---p 00000000 00:00 0 
7f97461c0000-7f97461dc000 rw-p 00000000 00:00 0 
7f97461dc000-7f9746581000 ---p 00000000 00:00 0 
7f9746581000-7f974659b000 r-xp 00000000 fd:00 34883551                   /usr/java/jdk1.8.0_191-amd64/jre/lib/amd64/libzip.so
7f974659b000-7f974679b000 ---p 0001a000 fd:00 34883551                   /usr/java/jdk1.8.0_191-amd64/jre/lib/amd64/libzip.so
7f974679b000-7f974679c000 r--p 0001a000 fd:00 34883551                   /usr/java/jdk1.8.0_191-amd64/jre/lib/amd64/libzip.so
7f974679c000-7f974679d000 rw-p 0001b000 fd:00 34883551                   /usr/java/jdk1.8.0_191-amd64/jre/lib/amd64/libzip.so
7f974679d000-7f97467a9000 r-xp 00000000 fd:00 73304                      /usr/lib64/libnss_files-2.17.so
7f97467a9000-7f97469a8000 ---p 0000c000 fd:00 73304                      /usr/lib64/libnss_files-2.17.so
7f97469a8000-7f97469a9000 r--p 0000b000 fd:00 73304                      /usr/lib64/libnss_files-2.17.so
7f97469a9000-7f97469aa000 rw-p 0000c000 fd:00 73304                      /usr/lib64/libnss_files-2.17.so
7f97469aa000-7f97469b0000 rw-p 00000000 00:00 0 
7f97469b0000-7f97469dd000 r-xp 00000000 fd:00 34878921                   /usr/java/jdk1.8.0_191-amd64/jre/lib/amd64/libjava.so
7f97469dd000-7f9746bdc000 ---p 0002d000 fd:00 34878921                   /usr/java/jdk1.8.0_191-amd64/jre/lib/amd64/libjava.so
7f9746bdc000-7f9746bdd000 r--p 0002c000 fd:00 34878921                   /usr/java/jdk1.8.0_191-amd64/jre/lib/amd64/libjava.so
7f9746bdd000-7f9746bdf000 rw-p 0002d000 fd:00 34878921                   /usr/java/jdk1.8.0_191-amd64/jre/lib/amd64/libjava.so
7f9746bdf000-7f9746bec000 r-xp 00000000 fd:00 34883550                   /usr/java/jdk1.8.0_191-amd64/jre/lib/amd64/libverify.so
7f9746bec000-7f9746deb000 ---p 0000d000 fd:00 34883550                   /usr/java/jdk1.8.0_191-amd64/jre/lib/amd64/libverify.so
7f9746deb000-7f9746ded000 r--p 0000c000 fd:00 34883550                   /usr/java/jdk1.8.0_191-amd64/jre/lib/amd64/libverify.so
7f9746ded000-7f9746dee000 rw-p 0000e000 fd:00 34883550                   /usr/java/jdk1.8.0_191-amd64/jre/lib/amd64/libverify.so
7f9746dee000-7f9746df5000 r-xp 00000000 fd:00 73320                      /usr/lib64/librt-2.17.so
7f9746df5000-7f9746ff4000 ---p 00007000 fd:00 73320                      /usr/lib64/librt-2.17.so
7f9746ff4000-7f9746ff5000 r--p 00006000 fd:00 73320                      /usr/lib64/librt-2.17.so
7f9746ff5000-7f9746ff6000 rw-p 00007000 fd:00 73320                      /usr/lib64/librt-2.17.so
7f9746ff6000-7f97470f7000 r-xp 00000000 fd:00 72962                      /usr/lib64/libm-2.17.so
7f97470f7000-7f97472f6000 ---p 00101000 fd:00 72962                      /usr/lib64/libm-2.17.so
7f97472f6000-7f97472f7000 r--p 00100000 fd:00 72962                      /usr/lib64/libm-2.17.so
7f97472f7000-7f97472f8000 rw-p 00101000 fd:00 72962                      /usr/lib64/libm-2.17.so
7f97472f8000-7f9747fda000 r-xp 00000000 fd:00 103487619                  /usr/java/jdk1.8.0_191-amd64/jre/lib/amd64/server/libjvm.so
7f9747fda000-7f97481da000 ---p 00ce2000 fd:00 103487619                  /usr/java/jdk1.8.0_191-amd64/jre/lib/amd64/server/libjvm.so
7f97481da000-7f9748270000 r--p 00ce2000 fd:00 103487619                  /usr/java/jdk1.8.0_191-amd64/jre/lib/amd64/server/libjvm.so
7f9748270000-7f97482a1000 rw-p 00d78000 fd:00 103487619                  /usr/java/jdk1.8.0_191-amd64/jre/lib/amd64/server/libjvm.so
7f97482a1000-7f97482dc000 rw-p 00000000 00:00 0 
7f97482dc000-7f974849e000 r-xp 00000000 fd:00 38458                      /usr/lib64/libc-2.17.so
7f974849e000-7f974869e000 ---p 001c2000 fd:00 38458                      /usr/lib64/libc-2.17.so
7f974869e000-7f97486a2000 r--p 001c2000 fd:00 38458                      /usr/lib64/libc-2.17.so
7f97486a2000-7f97486a4000 rw-p 001c6000 fd:00 38458                      /usr/lib64/libc-2.17.so
7f97486a4000-7f97486a9000 rw-p 00000000 00:00 0 
7f97486a9000-7f97486ab000 r-xp 00000000 fd:00 72960                      /usr/lib64/libdl-2.17.so
7f97486ab000-7f97488ab000 ---p 00002000 fd:00 72960                      /usr/lib64/libdl-2.17.so
7f97488ab000-7f97488ac000 r--p 00002000 fd:00 72960                      /usr/lib64/libdl-2.17.so
7f97488ac000-7f97488ad000 rw-p 00003000 fd:00 72960                      /usr/lib64/libdl-2.17.so
7f97488ad000-7f97488c4000 r-xp 00000000 fd:00 67898963                   /usr/java/jdk1.8.0_191-amd64/jre/lib/amd64/jli/libjli.so
7f97488c4000-7f9748ac3000 ---p 00017000 fd:00 67898963                   /usr/java/jdk1.8.0_191-amd64/jre/lib/amd64/jli/libjli.so
7f9748ac3000-7f9748ac4000 r--p 00016000 fd:00 67898963                   /usr/java/jdk1.8.0_191-amd64/jre/lib/amd64/jli/libjli.so
7f9748ac4000-7f9748ac5000 rw-p 00017000 fd:00 67898963                   /usr/java/jdk1.8.0_191-amd64/jre/lib/amd64/jli/libjli.so
7f9748ac5000-7f9748adc000 r-xp 00000000 fd:00 73313                      /usr/lib64/libpthread-2.17.so
7f9748adc000-7f9748cdb000 ---p 00017000 fd:00 73313                      /usr/lib64/libpthread-2.17.so
7f9748cdb000-7f9748cdc000 r--p 00016000 fd:00 73313                      /usr/lib64/libpthread-2.17.so
7f9748cdc000-7f9748cdd000 rw-p 00017000 fd:00 73313                      /usr/lib64/libpthread-2.17.so
7f9748cdd000-7f9748ce1000 rw-p 00000000 00:00 0 
7f9748ce1000-7f9748d03000 r-xp 00000000 fd:00 38448                      /usr/lib64/ld-2.17.so
7f9748d03000-7f9748d04000 r--s 00000000 fd:00 34243438                   /usr/lib/fontconfig/cache/1382bb87-4aef-4fd2-9d87-423a768e6112-le64.cache-7
7f9748d04000-7f9748d06000 r--s 00000000 fd:00 34243436                   /usr/lib/fontconfig/cache/0ed30eb2-2b0a-4e93-a1b3-889bb221dc47-le64.cache-7
7f9748d06000-7f9748d07000 r--s 00000000 fd:00 34243435                   /usr/lib/fontconfig/cache/39414942-9647-4cf4-a666-d036d9c656ec-le64.cache-7
7f9748d07000-7f9748d08000 r--s 00000000 fd:00 34235641                   /usr/lib/fontconfig/cache/e08b2082-a32e-445b-b184-6f771fb54785-le64.cache-7
7f9748d08000-7f9748d0a000 r--s 00000000 fd:00 34243434                   /usr/lib/fontconfig/cache/f3fd3503-3ff4-490e-b561-a66b8316c7bb-le64.cache-7
7f9748d0a000-7f9748d12000 r--s 00000000 fd:00 34243428                   /usr/lib/fontconfig/cache/7de8d456-8a60-4704-9b1e-5239148f67e3-le64.cache-7
7f9748d12000-7f9748de3000 rw-p 00000000 00:00 0 
7f9748de3000-7f9748de7000 ---p 00000000 00:00 0 
7f9748de7000-7f9748ee8000 rw-p 00000000 00:00 0 
7f9748ee8000-7f9748eea000 r--s 00000000 fd:00 34243433                   /usr/lib/fontconfig/cache/bafae843-d108-49e9-80ae-510f6935dcdb-le64.cache-7
7f9748eea000-7f9748eeb000 r--s 00000000 fd:00 34243593                   /usr/lib/fontconfig/cache/be9c8c7f-f50e-45af-ac97-22346a3792fe-le64.cache-7
7f9748eeb000-7f9748eed000 r--s 00000000 fd:00 34243426                   /usr/lib/fontconfig/cache/b362f76d-decb-4d57-aee5-bffbc810f60f-le64.cache-7
7f9748eed000-7f9748eee000 r--s 00000000 fd:00 33735925                   /usr/lib/fontconfig/cache/d8424749-0ddc-426c-bc31-1977547deaee-le64.cache-7
7f9748eee000-7f9748ef3000 r--s 00000000 fd:00 33896918                   /usr/lib/fontconfig/cache/ce53486f-2d57-4f3b-837b-5063c8981e22-le64.cache-7
7f9748ef3000-7f9748ef4000 rw-s 00000000 00:04 2407759                    /memfd:xshmfence (deleted)
7f9748ef4000-7f9748ef5000 rwxp 00000000 00:00 0 
7f9748ef5000-7f9748ef6000 rw-s 10928d000 00:05 10233                     /dev/dri/card0
7f9748ef6000-7f9748ef7000 r--s 00047000 fd:00 101523828                  /home/abahaa/NetBeansProjects/Super_XO2/dist/Super_XO.jar
7f9748ef7000-7f9748eff000 rw-s 00000000 fd:00 67932185                   /tmp/hsperfdata_abahaa/4858
7f9748eff000-7f9748f00000 rw-p 00000000 00:00 0 
7f9748f00000-7f9748f01000 r--p 00000000 00:00 0 
7f9748f01000-7f9748f02000 rw-p 00000000 00:00 0 
7f9748f02000-7f9748f03000 r--p 00021000 fd:00 38448                      /usr/lib64/ld-2.17.so
7f9748f03000-7f9748f04000 rw-p 00022000 fd:00 38448                      /usr/lib64/ld-2.17.so
7f9748f04000-7f9748f05000 rw-p 00000000 00:00 0 
7ffdf62cb000-7ffdf62ec000 rw-p 00000000 00:00 0                          [stack]
7ffdf63ac000-7ffdf63ae000 r-xp 00000000 00:00 0                          [vdso]
ffffffffff600000-ffffffffff601000 r-xp 00000000 00:00 0                  [vsyscall]

VM Arguments:
jvm_args: -Dfile.encoding=UTF-8 
java_command: client.Client
java_class_path (initial): /home/abahaa/NetBeansProjects/Super_XO2/dist/Super_XO.jar:/usr/java/jdk1.8.0_191-amd64/jre/lib/javaws.jar:/usr/java/jdk1.8.0_191-amd64/jre/lib/deploy.jar:/usr/java/jdk1.8.0_191-amd64/jre/lib/plugin.jar:/home/abahaa/netbeans-8.2/ide/modules/ext/mysql-connector-java-5.1.23-bin.jar:/home/abahaa/NetBeansProjects/Super_XO2/build/classes
Launcher Type: SUN_STANDARD

Environment Variables:
PATH=/usr/local/bin:/usr/local/sbin:/usr/bin:/usr/sbin:/bin:/sbin:/home/abahaa/.local/bin:/home/abahaa/bin
USERNAME=abahaa
LD_LIBRARY_PATH=/usr/java/jdk1.8.0_191-amd64/jre/lib/amd64:/usr/java/jdk1.8.0_191-amd64/jre/lib/i386:
SHELL=/bin/bash
DISPLAY=:0

Signal Handlers:
SIGSEGV: [libjvm.so+0xaced60], sa_mask[0]=11111111011111111101111111111110, sa_flags=SA_RESTART|SA_SIGINFO
SIGBUS: [libjvm.so+0xaced60], sa_mask[0]=11111111011111111101111111111110, sa_flags=SA_RESTART|SA_SIGINFO
SIGFPE: [libjvm.so+0x907ca0], sa_mask[0]=11111111011111111101111111111110, sa_flags=SA_RESTART|SA_SIGINFO
SIGPIPE: SIG_IGN, sa_mask[0]=00000000000010000000000000000000, sa_flags=SA_RESTART
SIGXFSZ: [libjvm.so+0x907ca0], sa_mask[0]=11111111011111111101111111111110, sa_flags=SA_RESTART|SA_SIGINFO
SIGILL: [libjvm.so+0x907ca0], sa_mask[0]=11111111011111111101111111111110, sa_flags=SA_RESTART|SA_SIGINFO
SIGUSR1: SIG_DFL, sa_mask[0]=00000000000000000000000000000000, sa_flags=none
SIGUSR2: [libjvm.so+0x907b70], sa_mask[0]=00100000000000000000000000000000, sa_flags=SA_RESTART|SA_SIGINFO
SIGHUP: [libjvm.so+0x908190], sa_mask[0]=11111111011111111101111111111110, sa_flags=SA_RESTART|SA_SIGINFO
SIGINT: SIG_IGN, sa_mask[0]=00000000000000000000000000000000, sa_flags=none
SIGTERM: [libjvm.so+0x908190], sa_mask[0]=11111111011111111101111111111110, sa_flags=SA_RESTART|SA_SIGINFO
SIGQUIT: [libjvm.so+0x908190], sa_mask[0]=11111111011111111101111111111110, sa_flags=SA_RESTART|SA_SIGINFO


---------------  S Y S T E M  ---------------

OS:CentOS Linux release 7.6.1810 (Core) 

uname:Linux 3.10.0-957.5.1.el7.x86_64 #1 SMP Fri Feb 1 14:54:57 UTC 2019 x86_64
libc:glibc 2.17 NPTL 2.17 
rlimit: STACK 8192k, CORE 0k, NPROC 4096, NOFILE 4096, AS infinity
load average:1.93 1.30 0.78

/proc/meminfo:
MemTotal:       16218108 kB
MemFree:         8446820 kB
MemAvailable:   10526004 kB
Buffers:            3332 kB
Cached:          2359436 kB
SwapCached:            0 kB
Active:          5809384 kB
Inactive:        1239676 kB
Active(anon):    4695932 kB
Inactive(anon):    96976 kB
Active(file):    1113452 kB
Inactive(file):  1142700 kB
Unevictable:         396 kB
Mlocked:             396 kB
SwapTotal:       5242876 kB
SwapFree:        5242876 kB
Dirty:             15068 kB
Writeback:             0 kB
AnonPages:       4686760 kB
Mapped:           383796 kB
Shmem:            106576 kB
Slab:             265576 kB
SReclaimable:     161676 kB
SUnreclaim:       103900 kB
KernelStack:       19232 kB
PageTables:        83648 kB
NFS_Unstable:          0 kB
Bounce:                0 kB
WritebackTmp:          0 kB
CommitLimit:    13351928 kB
Committed_AS:   15141296 kB
VmallocTotal:   34359738367 kB
VmallocUsed:      204748 kB
VmallocChunk:   34359339004 kB
HardwareCorrupted:     0 kB
AnonHugePages:   1601536 kB
CmaTotal:              0 kB
CmaFree:               0 kB
HugePages_Total:       0
HugePages_Free:        0
HugePages_Rsvd:        0
HugePages_Surp:        0
Hugepagesize:       2048 kB
DirectMap4k:      257304 kB
DirectMap2M:     7034880 kB
DirectMap1G:     9437184 kB

container (cgroup) information:
container_type: cgroupv1
cpu_cpuset_cpus: 0-7
cpu_memory_nodes: 0
active_processor_count: 8
cpu_quota: -1
cpu_period: 100000
cpu_shares: -1
memory_limit_in_bytes: -1
memory_and_swap_limit_in_bytes: -1
memory_soft_limit_in_bytes: -1
memory_usage_in_bytes: 7218757632
memory_max_usage_in_bytes: 0


CPU:total 8 (initial active 8) (4 cores per cpu, 2 threads per core) family 6 model 158 stepping 9, cmov, cx8, fxsr, mmx, sse, sse2, sse3, ssse3, sse4.1, sse4.2, popcnt, avx, avx2, aes, clmul, erms, 3dnowpref, lzcnt, ht, tsc, tscinvbit, bmi1, bmi2, adx

/proc/cpuinfo:
processor	: 0
vendor_id	: GenuineIntel
cpu family	: 6
model		: 158
model name	: Intel(R) Core(TM) i7-7700HQ CPU @ 2.80GHz
stepping	: 9
microcode	: 0x8e
cpu MHz		: 3300.219
cache size	: 6144 KB
physical id	: 0
siblings	: 8
core id		: 0
cpu cores	: 4
apicid		: 0
initial apicid	: 0
fpu		: yes
fpu_exception	: yes
cpuid level	: 22
wp		: yes
flags		: fpu vme de pse tsc msr pae mce cx8 apic sep mtrr pge mca cmov pat pse36 clflush dts acpi mmx fxsr sse sse2 ss ht tm pbe syscall nx pdpe1gb rdtscp lm constant_tsc art arch_perfmon pebs bts rep_good nopl xtopology nonstop_tsc aperfmperf eagerfpu pni pclmulqdq dtes64 monitor ds_cpl vmx est tm2 ssse3 sdbg fma cx16 xtpr pdcm pcid sse4_1 sse4_2 x2apic movbe popcnt tsc_deadline_timer aes xsave avx f16c rdrand lahf_lm abm 3dnowprefetch epb intel_pt ssbd ibrs ibpb stibp tpr_shadow vnmi flexpriority ept vpid fsgsbase tsc_adjust bmi1 avx2 smep bmi2 erms invpcid mpx rdseed adx smap clflushopt xsaveopt xsavec xgetbv1 dtherm ida arat pln pts hwp hwp_notify hwp_act_window hwp_epp spec_ctrl intel_stibp flush_l1d
bogomips	: 5616.00
clflush size	: 64
cache_alignment	: 64
address sizes	: 39 bits physical, 48 bits virtual
power management:

processor	: 1
vendor_id	: GenuineIntel
cpu family	: 6
model		: 158
model name	: Intel(R) Core(TM) i7-7700HQ CPU @ 2.80GHz
stepping	: 9
microcode	: 0x8e
cpu MHz		: 3278.857
cache size	: 6144 KB
physical id	: 0
siblings	: 8
core id		: 1
cpu cores	: 4
apicid		: 2
initial apicid	: 2
fpu		: yes
fpu_exception	: yes
cpuid level	: 22
wp		: yes
flags		: fpu vme de pse tsc msr pae mce cx8 apic sep mtrr pge mca cmov pat pse36 clflush dts acpi mmx fxsr sse sse2 ss ht tm pbe syscall nx pdpe1gb rdtscp lm constant_tsc art arch_perfmon pebs bts rep_good nopl xtopology nonstop_tsc aperfmperf eagerfpu pni pclmulqdq dtes64 monitor ds_cpl vmx est tm2 ssse3 sdbg fma cx16 xtpr pdcm pcid sse4_1 sse4_2 x2apic movbe popcnt tsc_deadline_timer aes xsave avx f16c rdrand lahf_lm abm 3dnowprefetch epb intel_pt ssbd ibrs ibpb stibp tpr_shadow vnmi flexpriority ept vpid fsgsbase tsc_adjust bmi1 avx2 smep bmi2 erms invpcid mpx rdseed adx smap clflushopt xsaveopt xsavec xgetbv1 dtherm ida arat pln pts hwp hwp_notify hwp_act_window hwp_epp spec_ctrl intel_stibp flush_l1d
bogomips	: 5616.00
clflush size	: 64
cache_alignment	: 64
address sizes	: 39 bits physical, 48 bits virtual
power management:

processor	: 2
vendor_id	: GenuineIntel
cpu family	: 6
model		: 158
model name	: Intel(R) Core(TM) i7-7700HQ CPU @ 2.80GHz
stepping	: 9
microcode	: 0x8e
cpu MHz		: 3263.476
cache size	: 6144 KB
physical id	: 0
siblings	: 8
core id		: 2
cpu cores	: 4
apicid		: 4
initial apicid	: 4
fpu		: yes
fpu_exception	: yes
cpuid level	: 22
wp		: yes
flags		: fpu vme de pse tsc msr pae mce cx8 apic sep mtrr pge mca cmov pat pse36 clflush dts acpi mmx fxsr sse sse2 ss ht tm pbe syscall nx pdpe1gb rdtscp lm constant_tsc art arch_perfmon pebs bts rep_good nopl xtopology nonstop_tsc aperfmperf eagerfpu pni pclmulqdq dtes64 monitor ds_cpl vmx est tm2 ssse3 sdbg fma cx16 xtpr pdcm pcid sse4_1 sse4_2 x2apic movbe popcnt tsc_deadline_timer aes xsave avx f16c rdrand lahf_lm abm 3dnowprefetch epb intel_pt ssbd ibrs ibpb stibp tpr_shadow vnmi flexpriority ept vpid fsgsbase tsc_adjust bmi1 avx2 smep bmi2 erms invpcid mpx rdseed adx smap clflushopt xsaveopt xsavec xgetbv1 dtherm ida arat pln pts hwp hwp_notify hwp_act_window hwp_epp spec_ctrl intel_stibp flush_l1d
bogomips	: 5616.00
clflush size	: 64
cache_alignment	: 64
address sizes	: 39 bits physical, 48 bits virtual
power management:

processor	: 3
vendor_id	: GenuineIntel
cpu family	: 6
model		: 158
model name	: Intel(R) Core(TM) i7-7700HQ CPU @ 2.80GHz
stepping	: 9
microcode	: 0x8e
cpu MHz		: 3299.023
cache size	: 6144 KB
physical id	: 0
siblings	: 8
core id		: 3
cpu cores	: 4
apicid		: 6
initial apicid	: 6
fpu		: yes
fpu_exception	: yes
cpuid level	: 22
wp		: yes
flags		: fpu vme de pse tsc msr pae mce cx8 apic sep mtrr pge mca cmov pat pse36 clflush dts acpi mmx fxsr sse sse2 ss ht tm pbe syscall nx pdpe1gb rdtscp lm constant_tsc art arch_perfmon pebs bts rep_good nopl xtopology nonstop_tsc aperfmperf eagerfpu pni pclmulqdq dtes64 monitor ds_cpl vmx est tm2 ssse3 sdbg fma cx16 xtpr pdcm pcid sse4_1 sse4_2 x2apic movbe popcnt tsc_deadline_timer aes xsave avx f16c rdrand lahf_lm abm 3dnowprefetch epb intel_pt ssbd ibrs ibpb stibp tpr_shadow vnmi flexpriority ept vpid fsgsbase tsc_adjust bmi1 avx2 smep bmi2 erms invpcid mpx rdseed adx smap clflushopt xsaveopt xsavec xgetbv1 dtherm ida arat pln pts hwp hwp_notify hwp_act_window hwp_epp spec_ctrl intel_stibp flush_l1d
bogomips	: 5616.00
clflush size	: 64
cache_alignment	: 64
address sizes	: 39 bits physical, 48 bits virtual
power management:

processor	: 4
vendor_id	: GenuineIntel
cpu family	: 6
model		: 158
model name	: Intel(R) Core(TM) i7-7700HQ CPU @ 2.80GHz
stepping	: 9
microcode	: 0x8e
cpu MHz		: 3276.635
cache size	: 6144 KB
physical id	: 0
siblings	: 8
core id		: 0
cpu cores	: 4
apicid		: 1
initial apicid	: 1
fpu		: yes
fpu_exception	: yes
cpuid level	: 22
wp		: yes
flags		: fpu vme de pse tsc msr pae mce cx8 apic sep mtrr pge mca cmov pat pse36 clflush dts acpi mmx fxsr sse sse2 ss ht tm pbe syscall nx pdpe1gb rdtscp lm constant_tsc art arch_perfmon pebs bts rep_good nopl xtopology nonstop_tsc aperfmperf eagerfpu pni pclmulqdq dtes64 monitor ds_cpl vmx est tm2 ssse3 sdbg fma cx16 xtpr pdcm pcid sse4_1 sse4_2 x2apic movbe popcnt tsc_deadline_timer aes xsave avx f16c rdrand lahf_lm abm 3dnowprefetch epb intel_pt ssbd ibrs ibpb stibp tpr_shadow vnmi flexpriority ept vpid fsgsbase tsc_adjust bmi1 avx2 smep bmi2 erms invpcid mpx rdseed adx smap clflushopt xsaveopt xsavec xgetbv1 dtherm ida arat pln pts hwp hwp_notify hwp_act_window hwp_epp spec_ctrl intel_stibp flush_l1d
bogomips	: 5616.00
clflush size	: 64
cache_alignment	: 64
address sizes	: 39 bits physical, 48 bits virtual
power management:

processor	: 5
vendor_id	: GenuineIntel
cpu family	: 6
model		: 158
model name	: Intel(R) Core(TM) i7-7700HQ CPU @ 2.80GHz
stepping	: 9
microcode	: 0x8e
cpu MHz		: 3282.104
cache size	: 6144 KB
physical id	: 0
siblings	: 8
core id		: 1
cpu cores	: 4
apicid		: 3
initial apicid	: 3
fpu		: yes
fpu_exception	: yes
cpuid level	: 22
wp		: yes
flags		: fpu vme de pse tsc msr pae mce cx8 apic sep mtrr pge mca cmov pat pse36 clflush dts acpi mmx fxsr sse sse2 ss ht tm pbe syscall nx pdpe1gb rdtscp lm constant_tsc art arch_perfmon pebs bts rep_good nopl xtopology nonstop_tsc aperfmperf eagerfpu pni pclmulqdq dtes64 monitor ds_cpl vmx est tm2 ssse3 sdbg fma cx16 xtpr pdcm pcid sse4_1 sse4_2 x2apic movbe popcnt tsc_deadline_timer aes xsave avx f16c rdrand lahf_lm abm 3dnowprefetch epb intel_pt ssbd ibrs ibpb stibp tpr_shadow vnmi flexpriority ept vpid fsgsbase tsc_adjust bmi1 avx2 smep bmi2 erms invpcid mpx rdseed adx smap clflushopt xsaveopt xsavec xgetbv1 dtherm ida arat pln pts hwp hwp_notify hwp_act_window hwp_epp spec_ctrl intel_stibp flush_l1d
bogomips	: 5616.00
clflush size	: 64
cache_alignment	: 64
address sizes	: 39 bits physical, 48 bits virtual
power management:

processor	: 6
vendor_id	: GenuineIntel
cpu family	: 6
model		: 158
model name	: Intel(R) Core(TM) i7-7700HQ CPU @ 2.80GHz
stepping	: 9
microcode	: 0x8e
cpu MHz		: 3284.326
cache size	: 6144 KB
physical id	: 0
siblings	: 8
core id		: 2
cpu cores	: 4
apicid		: 5
initial apicid	: 5
fpu		: yes
fpu_exception	: yes
cpuid level	: 22
wp		: yes
flags		: fpu vme de pse tsc msr pae mce cx8 apic sep mtrr pge mca cmov pat pse36 clflush dts acpi mmx fxsr sse sse2 ss ht tm pbe syscall nx pdpe1gb rdtscp lm constant_tsc art arch_perfmon pebs bts rep_good nopl xtopology nonstop_tsc aperfmperf eagerfpu pni pclmulqdq dtes64 monitor ds_cpl vmx est tm2 ssse3 sdbg fma cx16 xtpr pdcm pcid sse4_1 sse4_2 x2apic movbe popcnt tsc_deadline_timer aes xsave avx f16c rdrand lahf_lm abm 3dnowprefetch epb intel_pt ssbd ibrs ibpb stibp tpr_shadow vnmi flexpriority ept vpid fsgsbase tsc_adjust bmi1 avx2 smep bmi2 erms invpcid mpx rdseed adx smap clflushopt xsaveopt xsavec xgetbv1 dtherm ida arat pln pts hwp hwp_notify hwp_act_window hwp_epp spec_ctrl intel_stibp flush_l1d
bogomips	: 5616.00
clflush size	: 64
cache_alignment	: 64
address sizes	: 39 bits physical, 48 bits virtual
power management:

processor	: 7
vendor_id	: GenuineIntel
cpu family	: 6
model		: 158
model name	: Intel(R) Core(TM) i7-7700HQ CPU @ 2.80GHz
stepping	: 9
microcode	: 0x8e
cpu MHz		: 3275.097
cache size	: 6144 KB
physical id	: 0
siblings	: 8
core id		: 3
cpu cores	: 4
apicid		: 7
initial apicid	: 7
fpu		: yes
fpu_exception	: yes
cpuid level	: 22
wp		: yes
flags		: fpu vme de pse tsc msr pae mce cx8 apic sep mtrr pge mca cmov pat pse36 clflush dts acpi mmx fxsr sse sse2 ss ht tm pbe syscall nx pdpe1gb rdtscp lm constant_tsc art arch_perfmon pebs bts rep_good nopl xtopology nonstop_tsc aperfmperf eagerfpu pni pclmulqdq dtes64 monitor ds_cpl vmx est tm2 ssse3 sdbg fma cx16 xtpr pdcm pcid sse4_1 sse4_2 x2apic movbe popcnt tsc_deadline_timer aes xsave avx f16c rdrand lahf_lm abm 3dnowprefetch epb intel_pt ssbd ibrs ibpb stibp tpr_shadow vnmi flexpriority ept vpid fsgsbase tsc_adjust bmi1 avx2 smep bmi2 erms invpcid mpx rdseed adx smap clflushopt xsaveopt xsavec xgetbv1 dtherm ida arat pln pts hwp hwp_notify hwp_act_window hwp_epp spec_ctrl intel_stibp flush_l1d
bogomips	: 5616.00
clflush size	: 64
cache_alignment	: 64
address sizes	: 39 bits physical, 48 bits virtual
power management:



Memory: 4k page, physical 16218108k(8446820k free), swap 5242876k(5242876k free)

vm_info: Java HotSpot(TM) 64-Bit Server VM (25.191-b12) for linux-amd64 JRE (1.8.0_191-b12), built on Oct  6 2018 05:43:09 by "java_re" with gcc 7.3.0

time: Thu Feb 14 12:16:09 2019
elapsed time: 167 seconds (0d 0h 2m 47s)

